 
================================================================================
                                                                                
               fso-data-check utility for HA data @ fso                  
                       Release 20190721-0931(for Cron)                          
                                                                                
20190912 19:47:04 : Checking the fits file numbers & size                    
                    @ /lustre/data/2019/20190912/HA                                                     
                    Please wait...                                              
                    Press ctrl-c to break!                                      
                                                                                
================================================================================
 
[J20190912 19:47:05: Getting HA fits file(s) info, Please Wait...   
20190912 19:47:06: Getting HA fits file(s) info, Please Wait...   
20190912 19:47:07: Getting HA fits file(s) info, Please Wait...   
20190912 19:47:08: Getting HA fits file(s) info, Please Wait...   
20190912 19:47:09: Getting HA fits file(s) info, Please Wait...   
20190912 19:47:10: Getting HA fits file(s) info, Please Wait...   
20190912 19:47:11: Getting HA fits file(s) info, Please Wait...   
20190912 19:47:12: Getting HA fits file(s) info, Please Wait...   
20190912 19:47:13: Getting HA fits file(s) info, Please Wait...   
20190912 19:47:14: Getting HA fits file(s) info, Please Wait...   
20190912 19:47:15: Getting HA fits file(s) info, Please Wait...   
20190912 19:47:16: Getting HA fits file(s) info, Please Wait...   
20190912 19:47:17: HA fits file(s) info getting Task Has Done!
                   Finishing....
[J20190912 19:47:17: new HA fits file(s) getting Task Has Done!
                   Finishing....
[J20190912 19:47:17: Wrong HA fits file(s) checking Task Has Done!
                   Finishing....
[J20190912 19:47:17: Current error HA fits file(s) list adding Task Has Done!
                   Finishing....
20190912 19:47:17: For HA fits Data File(s) @ /lustre/data/2019/20190912/HA 
     File Checked: 0 file(s)
 This Round Found: 0 file(s) in wrong size
      Total Found: 940 file(s) in wrong size
        Time Used: 13 secs.
  Error File List: /home/chd/log/HA-fits@20190912-error-total.list
 
================================================================================
