 
================================================================================
                                                                                
               fso-data-check utility for TIO data @ fso                  
                       Release 20190721-0931(for Cron)                          
                                                                                
20190913 23:58:50 : Checking the fits file numbers & size                    
                    @ /lustre/data/2019/20190913/TIO/                                                     
                    Please wait...                                              
                    Press ctrl-c to break!                                      
                                                                                
================================================================================
 
[J20190913 23:58:51: Getting TIO fits file(s) info, Please Wait...   
20190913 23:58:52: Getting TIO fits file(s) info, Please Wait...   
20190913 23:58:53: Getting TIO fits file(s) info, Please Wait...   
20190913 23:58:54: Getting TIO fits file(s) info, Please Wait...   
20190913 23:58:55: Getting TIO fits file(s) info, Please Wait...   
20190913 23:58:56: Getting TIO fits file(s) info, Please Wait...   
20190913 23:58:57: Getting TIO fits file(s) info, Please Wait...   
20190913 23:58:58: Getting TIO fits file(s) info, Please Wait...   
20190913 23:58:59: Getting TIO fits file(s) info, Please Wait...   
20190913 23:59:00: Getting TIO fits file(s) info, Please Wait...   
20190913 23:59:01: Getting TIO fits file(s) info, Please Wait...   
20190913 23:59:02: Getting TIO fits file(s) info, Please Wait...   
20190913 23:59:03: Getting TIO fits file(s) info, Please Wait...   
20190913 23:59:04: Getting TIO fits file(s) info, Please Wait...   
20190913 23:59:05: Getting TIO fits file(s) info, Please Wait...   
20190913 23:59:06: Getting TIO fits file(s) info, Please Wait...   
20190913 23:59:07: Getting TIO fits file(s) info, Please Wait...   
20190913 23:59:08: Getting TIO fits file(s) info, Please Wait...   
20190913 23:59:09: Getting TIO fits file(s) info, Please Wait...   
20190913 23:59:10: Getting TIO fits file(s) info, Please Wait...   
20190913 23:59:11: Getting TIO fits file(s) info, Please Wait...   
20190913 23:59:12: Getting TIO fits file(s) info, Please Wait...   
20190913 23:59:13: Getting TIO fits file(s) info, Please Wait...   
20190913 23:59:14: Getting TIO fits file(s) info, Please Wait...   
20190913 23:59:15: Getting TIO fits file(s) info, Please Wait...   
20190913 23:59:16: Getting TIO fits file(s) info, Please Wait...   
20190913 23:59:17: Getting TIO fits file(s) info, Please Wait...   
20190913 23:59:18: Getting TIO fits file(s) info, Please Wait...   
20190913 23:59:19: Getting TIO fits file(s) info, Please Wait...   
20190913 23:59:20: Getting TIO fits file(s) info, Please Wait...   
20190913 23:59:21: Getting TIO fits file(s) info, Please Wait...   
20190913 23:59:22: Getting TIO fits file(s) info, Please Wait...   
20190913 23:59:23: Getting TIO fits file(s) info, Please Wait...   
20190913 23:59:24: Getting TIO fits file(s) info, Please Wait...   
20190913 23:59:25: Getting TIO fits file(s) info, Please Wait...   
20190913 23:59:26: Getting TIO fits file(s) info, Please Wait...   
20190913 23:59:27: Getting TIO fits file(s) info, Please Wait...   
20190913 23:59:28: Getting TIO fits file(s) info, Please Wait...   
20190913 23:59:29: Getting TIO fits file(s) info, Please Wait...   
20190913 23:59:30: Getting TIO fits file(s) info, Please Wait...   
20190913 23:59:31: Getting TIO fits file(s) info, Please Wait...   
20190913 23:59:32: Getting TIO fits file(s) info, Please Wait...   
20190913 23:59:33: Getting TIO fits file(s) info, Please Wait...   
20190913 23:59:34: Getting TIO fits file(s) info, Please Wait...   
20190913 23:59:35: Getting TIO fits file(s) info, Please Wait...   
20190913 23:59:36: Getting TIO fits file(s) info, Please Wait...   
20190913 23:59:37: Getting TIO fits file(s) info, Please Wait...   
20190913 23:59:38: Getting TIO fits file(s) info, Please Wait...   
20190913 23:59:39: Getting TIO fits file(s) info, Please Wait...   
20190913 23:59:40: TIO fits file(s) info getting Task Has Done!
                   Finishing....
[J20190913 23:59:40: new TIO fits file(s) getting Task Has Done!
                   Finishing....
[J20190913 23:59:40: Wrong TIO fits file(s) checking Task Has Done!
                   Finishing....
[J20190913 23:59:40: Current error TIO fits file(s) list adding Task Has Done!
                   Finishing....
20190913 23:59:40: For TIO fits Data File(s) @ /lustre/data/2019/20190913 
     File Checked: 191841 file(s)
 This Round Found: 97 file(s) in wrong size
      Total Found: 97 file(s) in wrong size
        Time Used: 50 secs.
  Error File List: /home/chd/log/TIO-fits@20190913-error-total.list
 
================================================================================
