 
================================================================================
                                                                                
               fso-data-check utility for TIO data @ fso                  
                       Release 20190721-0931(for Cron)                          
                                                                                
20190912 19:40:11 : Checking the fits file numbers & size                    
                    @ /lustre/data/2019/20190912/TIO                                                     
                    Please wait...                                              
                    Press ctrl-c to break!                                      
                                                                                
================================================================================
 
[J20190912 19:40:12: Getting TIO fits file(s) info, Please Wait...   
20190912 19:40:13: Getting TIO fits file(s) info, Please Wait...   
20190912 19:40:14: Getting TIO fits file(s) info, Please Wait...   
20190912 19:40:15: Getting TIO fits file(s) info, Please Wait...   
20190912 19:40:16: Getting TIO fits file(s) info, Please Wait...   
20190912 19:40:17: Getting TIO fits file(s) info, Please Wait...   
20190912 19:40:18: Getting TIO fits file(s) info, Please Wait...   
20190912 19:40:19: Getting TIO fits file(s) info, Please Wait...   
20190912 19:40:20: Getting TIO fits file(s) info, Please Wait...   
20190912 19:40:20: TIO fits file(s) info getting Task Has Done!
                   Finishing....
[J20190912 19:40:20: new TIO fits file(s) getting Task Has Done!
                   Finishing....
[J20190912 19:40:20: Wrong TIO fits file(s) checking Task Has Done!
                   Finishing....
[J20190912 19:40:20: Current error TIO fits file(s) list adding Task Has Done!
                   Finishing....
20190912 19:40:20: For TIO fits Data File(s) @ /lustre/data/2019/20190912/TIO 
     File Checked: 47 file(s)
 This Round Found: 47 file(s) in wrong size
      Total Found: 120 file(s) in wrong size
        Time Used: 9 secs.
  Error File List: /home/chd/log/TIO-fits@20190912-error-total.list
 
================================================================================
