 
================================================================================
                                                                                
               fso-data-check utility for HA data @ fso                  
                       Release 20190721-0931(for Cron)                          
                                                                                
20190913 23:38:01 : Checking the fits file numbers & size                    
                    @ /lustre/data/2019/20190913/HA/                                                     
                    Please wait...                                              
                    Press ctrl-c to break!                                      
                                                                                
================================================================================
 
[J20190913 23:38:02: Getting HA fits file(s) info, Please Wait...   
20190913 23:38:03: Getting HA fits file(s) info, Please Wait...   
20190913 23:38:04: Getting HA fits file(s) info, Please Wait...   
20190913 23:38:05: Getting HA fits file(s) info, Please Wait...   
20190913 23:38:06: Getting HA fits file(s) info, Please Wait...   
20190913 23:38:07: Getting HA fits file(s) info, Please Wait...   
20190913 23:38:08: Getting HA fits file(s) info, Please Wait...   
20190913 23:38:09: Getting HA fits file(s) info, Please Wait...   
20190913 23:38:10: Getting HA fits file(s) info, Please Wait...   
20190913 23:38:11: Getting HA fits file(s) info, Please Wait...   
20190913 23:38:12: Getting HA fits file(s) info, Please Wait...   
20190913 23:38:13: Getting HA fits file(s) info, Please Wait...   
20190913 23:38:14: Getting HA fits file(s) info, Please Wait...   
20190913 23:38:15: Getting HA fits file(s) info, Please Wait...   
20190913 23:38:16: Getting HA fits file(s) info, Please Wait...   
20190913 23:38:17: Getting HA fits file(s) info, Please Wait...   
20190913 23:38:18: Getting HA fits file(s) info, Please Wait...   
20190913 23:38:19: Getting HA fits file(s) info, Please Wait...   
20190913 23:38:20: Getting HA fits file(s) info, Please Wait...   
20190913 23:38:21: Getting HA fits file(s) info, Please Wait...   
20190913 23:38:22: Getting HA fits file(s) info, Please Wait...   
20190913 23:38:23: Getting HA fits file(s) info, Please Wait...   
20190913 23:38:24: Getting HA fits file(s) info, Please Wait...   
20190913 23:38:25: Getting HA fits file(s) info, Please Wait...   
20190913 23:38:26: Getting HA fits file(s) info, Please Wait...   
20190913 23:38:27: Getting HA fits file(s) info, Please Wait...   
20190913 23:38:28: Getting HA fits file(s) info, Please Wait...   
20190913 23:38:29: Getting HA fits file(s) info, Please Wait...   
20190913 23:38:30: Getting HA fits file(s) info, Please Wait...   
20190913 23:38:31: Getting HA fits file(s) info, Please Wait...   
20190913 23:38:32: Getting HA fits file(s) info, Please Wait...   
20190913 23:38:33: Getting HA fits file(s) info, Please Wait...   
20190913 23:38:34: Getting HA fits file(s) info, Please Wait...   
20190913 23:38:35: Getting HA fits file(s) info, Please Wait...   
20190913 23:38:36: Getting HA fits file(s) info, Please Wait...   
20190913 23:38:37: Getting HA fits file(s) info, Please Wait...   
20190913 23:38:38: Getting HA fits file(s) info, Please Wait...   
20190913 23:38:39: Getting HA fits file(s) info, Please Wait...   
20190913 23:38:40: Getting HA fits file(s) info, Please Wait...   
20190913 23:38:41: Getting HA fits file(s) info, Please Wait...   
20190913 23:38:42: Getting HA fits file(s) info, Please Wait...   
20190913 23:38:43: Getting HA fits file(s) info, Please Wait...   
20190913 23:38:44: Getting HA fits file(s) info, Please Wait...   
20190913 23:38:45: Getting HA fits file(s) info, Please Wait...   
20190913 23:38:46: Getting HA fits file(s) info, Please Wait...   
20190913 23:38:47: Getting HA fits file(s) info, Please Wait...   
20190913 23:38:48: Getting HA fits file(s) info, Please Wait...   
20190913 23:38:49: Getting HA fits file(s) info, Please Wait...   
20190913 23:38:50: Getting HA fits file(s) info, Please Wait...   
20190913 23:38:51: Getting HA fits file(s) info, Please Wait...   
20190913 23:38:52: Getting HA fits file(s) info, Please Wait...   
20190913 23:38:53: Getting HA fits file(s) info, Please Wait...   
20190913 23:38:54: Getting HA fits file(s) info, Please Wait...   
20190913 23:38:55: Getting HA fits file(s) info, Please Wait...   
20190913 23:38:56: Getting HA fits file(s) info, Please Wait...   
20190913 23:38:57: Getting HA fits file(s) info, Please Wait...   
20190913 23:38:58: Getting HA fits file(s) info, Please Wait...   
20190913 23:38:59: Getting HA fits file(s) info, Please Wait...   
20190913 23:39:00: Getting HA fits file(s) info, Please Wait...   
20190913 23:39:01: Getting HA fits file(s) info, Please Wait...   
20190913 23:39:02: Getting HA fits file(s) info, Please Wait...   
20190913 23:39:03: Getting HA fits file(s) info, Please Wait...   
20190913 23:39:04: Getting HA fits file(s) info, Please Wait...   
20190913 23:39:05: Getting HA fits file(s) info, Please Wait...   
20190913 23:39:06: Getting HA fits file(s) info, Please Wait...   
20190913 23:39:07: Getting HA fits file(s) info, Please Wait...   
20190913 23:39:08: Getting HA fits file(s) info, Please Wait...   
20190913 23:39:09: Getting HA fits file(s) info, Please Wait...   
20190913 23:39:10: Getting HA fits file(s) info, Please Wait...   
20190913 23:39:11: Getting HA fits file(s) info, Please Wait...   
20190913 23:39:12: HA fits file(s) info getting Task Has Done!
                   Finishing....
[J20190913 23:39:12: new HA fits file(s) getting Task Has Done!
                   Finishing....
[J20190913 23:39:12: Wrong HA fits file(s) checking Task Has Done!
                   Finishing....
[J20190913 23:39:12: Current error HA fits file(s) list adding Task Has Done!
                   Finishing....
20190913 23:39:12: For HA fits Data File(s) @ /lustre/data/2019/20190913 
     File Checked: 263548 file(s)
 This Round Found: 1122 file(s) in wrong size
      Total Found: 1122 file(s) in wrong size
        Time Used: 71 secs.
  Error File List: /home/chd/log/HA-fits@20190913-error-total.list
 
================================================================================
