 
================================================================================
                                                                                
               fso-data-check utility for TIO data @ fso                  
                       Release 20190721-0931                                    
                                                                                
20190913 20:30:02 : Checking the fits file numbers & size                    
                    @ /cygdrive/e/20190913/TIO                                                     
                    Please wait...                                              
                    Press ctrl-c to break!                                      
                                                                                
================================================================================
 
20190913 20:30:03: Getting TIO fits file(s) info, Please Wait...   
20190913 20:30:04: Getting TIO fits file(s) info, Please Wait...   
20190913 20:30:05: Getting TIO fits file(s) info, Please Wait...   
20190913 20:30:06: Getting TIO fits file(s) info, Please Wait...   
20190913 20:30:07: Getting TIO fits file(s) info, Please Wait...   
20190913 20:30:08: Getting TIO fits file(s) info, Please Wait...   
20190913 20:30:09: Getting TIO fits file(s) info, Please Wait...   
20190913 20:30:10: Getting TIO fits file(s) info, Please Wait...   
20190913 20:30:11: Getting TIO fits file(s) info, Please Wait...   
20190913 20:30:12: Getting TIO fits file(s) info, Please Wait...   
20190913 20:30:13: Getting TIO fits file(s) info, Please Wait...   
20190913 20:30:15: Getting TIO fits file(s) info, Please Wait...   
20190913 20:30:16: Getting TIO fits file(s) info, Please Wait...   
20190913 20:30:17: Getting TIO fits file(s) info, Please Wait...   
20190913 20:30:18: Getting TIO fits file(s) info, Please Wait...   
20190913 20:30:19: Getting TIO fits file(s) info, Please Wait...   
20190913 20:30:20: Getting TIO fits file(s) info, Please Wait...   
20190913 20:30:21: Getting TIO fits file(s) info, Please Wait...   
20190913 20:30:22: Getting TIO fits file(s) info, Please Wait...   
20190913 20:30:23: Getting TIO fits file(s) info, Please Wait...   
20190913 20:30:24: Getting TIO fits file(s) info, Please Wait...   
20190913 20:30:25: Getting TIO fits file(s) info, Please Wait...   
20190913 20:30:26: Getting TIO fits file(s) info, Please Wait...   
20190913 20:30:27: Getting TIO fits file(s) info, Please Wait...   
20190913 20:30:28: Getting TIO fits file(s) info, Please Wait...   
20190913 20:30:29: Getting TIO fits file(s) info, Please Wait...   
20190913 20:30:30: Getting TIO fits file(s) info, Please Wait...   
20190913 20:30:32: Getting TIO fits file(s) info, Please Wait...   
20190913 20:30:33: Getting TIO fits file(s) info, Please Wait...   
20190913 20:30:34: Getting TIO fits file(s) info, Please Wait...   
20190913 20:30:35: Getting TIO fits file(s) info, Please Wait...   
20190913 20:30:36: Getting TIO fits file(s) info, Please Wait...   
20190913 20:30:37: Getting TIO fits file(s) info, Please Wait...   
20190913 20:30:38: Getting TIO fits file(s) info, Please Wait...   
20190913 20:30:39: Getting TIO fits file(s) info, Please Wait...   
20190913 20:30:40: Getting TIO fits file(s) info, Please Wait...   
20190913 20:30:41: Getting TIO fits file(s) info, Please Wait...   
20190913 20:30:42: Getting TIO fits file(s) info, Please Wait...   
20190913 20:30:43: Getting TIO fits file(s) info, Please Wait...   
20190913 20:30:44: Getting TIO fits file(s) info, Please Wait...   
20190913 20:30:45: Getting TIO fits file(s) info, Please Wait...   
20190913 20:30:46: Getting TIO fits file(s) info, Please Wait...   
20190913 20:30:48: Getting TIO fits file(s) info, Please Wait...   
20190913 20:30:49: Getting TIO fits file(s) info, Please Wait...   
20190913 20:30:50: Getting TIO fits file(s) info, Please Wait...   
20190913 20:30:51: Getting TIO fits file(s) info, Please Wait...   
20190913 20:30:52: Getting TIO fits file(s) info, Please Wait...   
20190913 20:30:53: Getting TIO fits file(s) info, Please Wait...   
20190913 20:30:54: Getting TIO fits file(s) info, Please Wait...   
20190913 20:30:55: Getting TIO fits file(s) info, Please Wait...   
20190913 20:30:56: Getting TIO fits file(s) info, Please Wait...   
20190913 20:30:57: Getting TIO fits file(s) info, Please Wait...   
20190913 20:30:58: Getting TIO fits file(s) info, Please Wait...   
20190913 20:30:59: Getting TIO fits file(s) info, Please Wait...   
20190913 20:31:00: Getting TIO fits file(s) info, Please Wait...   
20190913 20:31:01: Getting TIO fits file(s) info, Please Wait...   
20190913 20:31:02: Getting TIO fits file(s) info, Please Wait...   
20190913 20:31:03: Getting TIO fits file(s) info, Please Wait...   
20190913 20:31:05: Getting TIO fits file(s) info, Please Wait...   
20190913 20:31:06: Getting TIO fits file(s) info, Please Wait...   
20190913 20:31:07: Getting TIO fits file(s) info, Please Wait...   
20190913 20:31:08: Getting TIO fits file(s) info, Please Wait...   
20190913 20:31:09: Getting TIO fits file(s) info, Please Wait...   
20190913 20:31:10: Getting TIO fits file(s) info, Please Wait...   
20190913 20:31:11: Getting TIO fits file(s) info, Please Wait...   
20190913 20:31:12: Getting TIO fits file(s) info, Please Wait...   
20190913 20:31:13: Getting TIO fits file(s) info, Please Wait...   
20190913 20:31:14: Getting TIO fits file(s) info, Please Wait...   
20190913 20:31:15: Getting TIO fits file(s) info, Please Wait...   
20190913 20:31:16: Getting TIO fits file(s) info, Please Wait...   
20190913 20:31:17: Getting TIO fits file(s) info, Please Wait...   
20190913 20:31:18: Getting TIO fits file(s) info, Please Wait...   
20190913 20:31:19: Getting TIO fits file(s) info, Please Wait...   
20190913 20:31:20: Getting TIO fits file(s) info, Please Wait...   
20190913 20:31:22: Getting TIO fits file(s) info, Please Wait...   
20190913 20:31:23: Getting TIO fits file(s) info, Please Wait...   
20190913 20:31:24: Getting TIO fits file(s) info, Please Wait...   
20190913 20:31:25: Getting TIO fits file(s) info, Please Wait...   
20190913 20:31:26: Getting TIO fits file(s) info, Please Wait...   
20190913 20:31:27: Getting TIO fits file(s) info, Please Wait...   
20190913 20:31:28: Getting TIO fits file(s) info, Please Wait...   
20190913 20:31:29: Getting TIO fits file(s) info, Please Wait...   
20190913 20:31:30: Getting TIO fits file(s) info, Please Wait...   
20190913 20:31:31: Getting TIO fits file(s) info, Please Wait...   
20190913 20:31:32: Getting TIO fits file(s) info, Please Wait...   
20190913 20:31:33: Getting TIO fits file(s) info, Please Wait...   
20190913 20:31:34: Getting TIO fits file(s) info, Please Wait...   
20190913 20:31:35: Getting TIO fits file(s) info, Please Wait...   
20190913 20:31:36: Getting TIO fits file(s) info, Please Wait...   
20190913 20:31:38: Getting TIO fits file(s) info, Please Wait...   
20190913 20:31:39: Getting TIO fits file(s) info, Please Wait...   
20190913 20:31:40: Getting TIO fits file(s) info, Please Wait...   
20190913 20:31:41: Getting TIO fits file(s) info, Please Wait...   
20190913 20:31:42: Getting TIO fits file(s) info, Please Wait...   
20190913 20:31:43: Getting TIO fits file(s) info, Please Wait...   
20190913 20:31:44: Getting TIO fits file(s) info, Please Wait...   
20190913 20:31:45: Getting TIO fits file(s) info, Please Wait...   
20190913 20:31:46: Getting TIO fits file(s) info, Please Wait...   
20190913 20:31:47: Getting TIO fits file(s) info, Please Wait...   
20190913 20:31:48: Getting TIO fits file(s) info, Please Wait...   
20190913 20:31:49: Getting TIO fits file(s) info, Please Wait...   
20190913 20:31:50: Getting TIO fits file(s) info, Please Wait...   
20190913 20:31:51: Getting TIO fits file(s) info, Please Wait...   
20190913 20:31:52: Getting TIO fits file(s) info, Please Wait...   
20190913 20:31:54: Getting TIO fits file(s) info, Please Wait...   
20190913 20:31:55: Getting TIO fits file(s) info, Please Wait...   
20190913 20:31:56: Getting TIO fits file(s) info, Please Wait...   
20190913 20:31:57: Getting TIO fits file(s) info, Please Wait...   
20190913 20:31:58: Getting TIO fits file(s) info, Please Wait...   
20190913 20:31:59: Getting TIO fits file(s) info, Please Wait...   
20190913 20:32:00: Getting TIO fits file(s) info, Please Wait...   
20190913 20:32:01: Getting TIO fits file(s) info, Please Wait...   
20190913 20:32:02: Getting TIO fits file(s) info, Please Wait...   
20190913 20:32:03: Getting TIO fits file(s) info, Please Wait...   
20190913 20:32:04: Getting TIO fits file(s) info, Please Wait...   
20190913 20:32:05: Getting TIO fits file(s) info, Please Wait...   
20190913 20:32:06: Getting TIO fits file(s) info, Please Wait...   
20190913 20:32:07: Getting TIO fits file(s) info, Please Wait...   
20190913 20:32:08: Getting TIO fits file(s) info, Please Wait...   
20190913 20:32:10: Getting TIO fits file(s) info, Please Wait...   
20190913 20:32:11: Getting TIO fits file(s) info, Please Wait...   
20190913 20:32:12: Getting TIO fits file(s) info, Please Wait...   
20190913 20:32:13: Getting TIO fits file(s) info, Please Wait...   
20190913 20:32:14: Getting TIO fits file(s) info, Please Wait...   
20190913 20:32:15: Getting TIO fits file(s) info, Please Wait...   
20190913 20:32:16: Getting TIO fits file(s) info, Please Wait...   
20190913 20:32:17: Getting TIO fits file(s) info, Please Wait...   
20190913 20:32:18: Getting TIO fits file(s) info, Please Wait...   
20190913 20:32:19: Getting TIO fits file(s) info, Please Wait...   
20190913 20:32:20: Getting TIO fits file(s) info, Please Wait...   
20190913 20:32:21: Getting TIO fits file(s) info, Please Wait...   
20190913 20:32:22: Getting TIO fits file(s) info, Please Wait...   
20190913 20:32:23: Getting TIO fits file(s) info, Please Wait...   
20190913 20:32:24: Getting TIO fits file(s) info, Please Wait...   
20190913 20:32:26: Getting TIO fits file(s) info, Please Wait...   
20190913 20:32:27: Getting TIO fits file(s) info, Please Wait...   
20190913 20:32:28: Getting TIO fits file(s) info, Please Wait...   
20190913 20:32:29: Getting TIO fits file(s) info, Please Wait...   
20190913 20:32:30: Getting TIO fits file(s) info, Please Wait...   
20190913 20:32:31: Getting TIO fits file(s) info, Please Wait...   
20190913 20:32:32: Getting TIO fits file(s) info, Please Wait...   
20190913 20:32:33: Getting TIO fits file(s) info, Please Wait...   
20190913 20:32:34: Getting TIO fits file(s) info, Please Wait...   
20190913 20:32:35: Getting TIO fits file(s) info, Please Wait...   
20190913 20:32:36: Getting TIO fits file(s) info, Please Wait...   
20190913 20:32:37: Getting TIO fits file(s) info, Please Wait...   
20190913 20:32:38: Getting TIO fits file(s) info, Please Wait...   
20190913 20:32:39: Getting TIO fits file(s) info, Please Wait...   
20190913 20:32:40: Getting TIO fits file(s) info, Please Wait...   
20190913 20:32:41: Getting TIO fits file(s) info, Please Wait...   
20190913 20:32:43: Getting TIO fits file(s) info, Please Wait...   
20190913 20:32:44: Getting TIO fits file(s) info, Please Wait...   
20190913 20:32:45: Getting TIO fits file(s) info, Please Wait...   
20190913 20:32:46: Getting TIO fits file(s) info, Please Wait...   
20190913 20:32:47: Getting TIO fits file(s) info, Please Wait...   
20190913 20:32:48: Getting TIO fits file(s) info, Please Wait...   
20190913 20:32:49: Getting TIO fits file(s) info, Please Wait...   
20190913 20:32:50: Getting TIO fits file(s) info, Please Wait...   
20190913 20:32:51: Getting TIO fits file(s) info, Please Wait...   
20190913 20:32:52: Getting TIO fits file(s) info, Please Wait...   
20190913 20:32:53: Getting TIO fits file(s) info, Please Wait...   
20190913 20:32:54: Getting TIO fits file(s) info, Please Wait...   
20190913 20:32:55: Getting TIO fits file(s) info, Please Wait...   
20190913 20:32:56: Getting TIO fits file(s) info, Please Wait...   
20190913 20:32:57: Getting TIO fits file(s) info, Please Wait...   
20190913 20:32:59: Getting TIO fits file(s) info, Please Wait...   
20190913 20:33:00: Getting TIO fits file(s) info, Please Wait...   
20190913 20:33:01: Getting TIO fits file(s) info, Please Wait...   
20190913 20:33:02: Getting TIO fits file(s) info, Please Wait...   
20190913 20:33:03: Getting TIO fits file(s) info, Please Wait...   
20190913 20:33:04: Getting TIO fits file(s) info, Please Wait...   
20190913 20:33:05: Getting TIO fits file(s) info, Please Wait...   
20190913 20:33:06: Getting TIO fits file(s) info, Please Wait...   
20190913 20:33:07: Getting TIO fits file(s) info, Please Wait...   
20190913 20:33:08: Getting TIO fits file(s) info, Please Wait...   
20190913 20:33:09: Getting TIO fits file(s) info, Please Wait...   
20190913 20:33:10: Getting TIO fits file(s) info, Please Wait...   
20190913 20:33:11: Getting TIO fits file(s) info, Please Wait...   
20190913 20:33:12: Getting TIO fits file(s) info, Please Wait...   
20190913 20:33:13: Getting TIO fits file(s) info, Please Wait...   
20190913 20:33:14: Getting TIO fits file(s) info, Please Wait...   
20190913 20:33:15: Getting TIO fits file(s) info, Please Wait...   
20190913 20:33:17: Getting TIO fits file(s) info, Please Wait...   
20190913 20:33:18: Getting TIO fits file(s) info, Please Wait...   
20190913 20:33:19: Getting TIO fits file(s) info, Please Wait...   
20190913 20:33:20: Getting TIO fits file(s) info, Please Wait...   
20190913 20:33:21: Getting TIO fits file(s) info, Please Wait...   
20190913 20:33:22: Getting TIO fits file(s) info, Please Wait...   
20190913 20:33:23: Getting TIO fits file(s) info, Please Wait...   
20190913 20:33:24: Getting TIO fits file(s) info, Please Wait...   
20190913 20:33:25: Getting TIO fits file(s) info, Please Wait...   
20190913 20:33:26: Getting TIO fits file(s) info, Please Wait...   
20190913 20:33:27: Getting TIO fits file(s) info, Please Wait...   
20190913 20:33:28: Getting TIO fits file(s) info, Please Wait...   
20190913 20:33:29: Getting TIO fits file(s) info, Please Wait...   
20190913 20:33:30: Getting TIO fits file(s) info, Please Wait...   
20190913 20:33:31: Getting TIO fits file(s) info, Please Wait...   
20190913 20:33:32: Getting TIO fits file(s) info, Please Wait...   
20190913 20:33:34: Getting TIO fits file(s) info, Please Wait...   
20190913 20:33:35: Getting TIO fits file(s) info, Please Wait...   
20190913 20:33:36: Getting TIO fits file(s) info, Please Wait...   
20190913 20:33:37: Getting TIO fits file(s) info, Please Wait...   
20190913 20:33:38: Getting TIO fits file(s) info, Please Wait...   
20190913 20:33:39: Getting TIO fits file(s) info, Please Wait...   
20190913 20:33:40: Getting TIO fits file(s) info, Please Wait...   
20190913 20:33:41: Getting TIO fits file(s) info, Please Wait...   
20190913 20:33:42: Getting TIO fits file(s) info, Please Wait...   
20190913 20:33:43: Getting TIO fits file(s) info, Please Wait...   
20190913 20:33:44: Getting TIO fits file(s) info, Please Wait...   
20190913 20:33:45: Getting TIO fits file(s) info, Please Wait...   
20190913 20:33:46: Getting TIO fits file(s) info, Please Wait...   
20190913 20:33:47: Getting TIO fits file(s) info, Please Wait...   
20190913 20:33:48: Getting TIO fits file(s) info, Please Wait...   
20190913 20:33:49: Getting TIO fits file(s) info, Please Wait...   
20190913 20:33:50: Getting TIO fits file(s) info, Please Wait...   
20190913 20:33:52: Getting TIO fits file(s) info, Please Wait...   
20190913 20:33:53: Getting TIO fits file(s) info, Please Wait...   
20190913 20:33:54: Getting TIO fits file(s) info, Please Wait...   
20190913 20:33:55: Getting TIO fits file(s) info, Please Wait...   
20190913 20:33:56: Getting TIO fits file(s) info, Please Wait...   
20190913 20:33:57: Getting TIO fits file(s) info, Please Wait...   
20190913 20:33:58: Getting TIO fits file(s) info, Please Wait...   
20190913 20:33:59: Getting TIO fits file(s) info, Please Wait...   
20190913 20:34:00: Getting TIO fits file(s) info, Please Wait...   
20190913 20:34:01: Getting TIO fits file(s) info, Please Wait...   
20190913 20:34:02: Getting TIO fits file(s) info, Please Wait...   
20190913 20:34:03: Getting TIO fits file(s) info, Please Wait...   
20190913 20:34:04: Getting TIO fits file(s) info, Please Wait...   
20190913 20:34:05: Getting TIO fits file(s) info, Please Wait...   
20190913 20:34:06: Getting TIO fits file(s) info, Please Wait...   
20190913 20:34:07: Getting TIO fits file(s) info, Please Wait...   
20190913 20:34:08: Getting TIO fits file(s) info, Please Wait...   
20190913 20:34:10: Getting TIO fits file(s) info, Please Wait...   
20190913 20:34:11: Getting TIO fits file(s) info, Please Wait...   
20190913 20:34:12: Getting TIO fits file(s) info, Please Wait...   
20190913 20:34:13: Getting TIO fits file(s) info, Please Wait...   
20190913 20:34:14: Getting TIO fits file(s) info, Please Wait...   
20190913 20:34:15: Getting TIO fits file(s) info, Please Wait...   
20190913 20:34:16: Getting TIO fits file(s) info, Please Wait...   
20190913 20:34:17: Getting TIO fits file(s) info, Please Wait...   
20190913 20:34:18: Getting TIO fits file(s) info, Please Wait...   
20190913 20:34:19: Getting TIO fits file(s) info, Please Wait...   
20190913 20:34:20: Getting TIO fits file(s) info, Please Wait...   
20190913 20:34:21: Getting TIO fits file(s) info, Please Wait...   
20190913 20:34:22: Getting TIO fits file(s) info, Please Wait...   
20190913 20:34:23: Getting TIO fits file(s) info, Please Wait...   
20190913 20:34:24: Getting TIO fits file(s) info, Please Wait...   
20190913 20:34:26: Getting TIO fits file(s) info, Please Wait...   
20190913 20:34:27: Getting TIO fits file(s) info, Please Wait...   
20190913 20:34:28: Getting TIO fits file(s) info, Please Wait...   
20190913 20:34:29: Getting TIO fits file(s) info, Please Wait...   
20190913 20:34:30: Getting TIO fits file(s) info, Please Wait...   
20190913 20:34:31: Getting TIO fits file(s) info, Please Wait...   
20190913 20:34:32: Getting TIO fits file(s) info, Please Wait...   
20190913 20:34:33: Getting TIO fits file(s) info, Please Wait...   
20190913 20:34:34: Getting TIO fits file(s) info, Please Wait...   
20190913 20:34:35: Getting TIO fits file(s) info, Please Wait...   
20190913 20:34:36: Getting TIO fits file(s) info, Please Wait...   
20190913 20:34:37: Getting TIO fits file(s) info, Please Wait...   
20190913 20:34:38: Getting TIO fits file(s) info, Please Wait...   
20190913 20:34:39: Getting TIO fits file(s) info, Please Wait...   
20190913 20:34:40: Getting TIO fits file(s) info, Please Wait...   
20190913 20:34:41: Getting TIO fits file(s) info, Please Wait...   
20190913 20:34:43: Getting TIO fits file(s) info, Please Wait...   
20190913 20:34:44: Getting TIO fits file(s) info, Please Wait...   
20190913 20:34:45: Getting TIO fits file(s) info, Please Wait...   
20190913 20:34:46: Getting TIO fits file(s) info, Please Wait...   
20190913 20:34:47: Getting TIO fits file(s) info, Please Wait...   
20190913 20:34:48: Getting TIO fits file(s) info, Please Wait...   
20190913 20:34:49: Getting TIO fits file(s) info, Please Wait...   
20190913 20:34:50: Getting TIO fits file(s) info, Please Wait...   
20190913 20:34:51: Getting TIO fits file(s) info, Please Wait...   
20190913 20:34:52: Getting TIO fits file(s) info, Please Wait...   
20190913 20:34:53: Getting TIO fits file(s) info, Please Wait...   
20190913 20:34:54: Getting TIO fits file(s) info, Please Wait...   
20190913 20:34:55: Getting TIO fits file(s) info, Please Wait...   
20190913 20:34:56: Getting TIO fits file(s) info, Please Wait...   
20190913 20:34:57: Getting TIO fits file(s) info, Please Wait...   
20190913 20:34:58: Getting TIO fits file(s) info, Please Wait...   
20190913 20:35:00: Getting TIO fits file(s) info, Please Wait...   
20190913 20:35:01: Getting TIO fits file(s) info, Please Wait...   
20190913 20:35:02: Getting TIO fits file(s) info, Please Wait...   
20190913 20:35:03: Getting TIO fits file(s) info, Please Wait...   
20190913 20:35:04: Getting TIO fits file(s) info, Please Wait...   
20190913 20:35:05: Getting TIO fits file(s) info, Please Wait...   
20190913 20:35:06: Getting TIO fits file(s) info, Please Wait...   
20190913 20:35:07: Getting TIO fits file(s) info, Please Wait...   
20190913 20:35:08: Getting TIO fits file(s) info, Please Wait...   
20190913 20:35:09: Getting TIO fits file(s) info, Please Wait...   
20190913 20:35:10: Getting TIO fits file(s) info, Please Wait...   
20190913 20:35:11: Getting TIO fits file(s) info, Please Wait...   
20190913 20:35:12: Getting TIO fits file(s) info, Please Wait...   
20190913 20:35:13: Getting TIO fits file(s) info, Please Wait...   
20190913 20:35:14: Getting TIO fits file(s) info, Please Wait...   
20190913 20:35:15: Getting TIO fits file(s) info, Please Wait...   
20190913 20:35:17: Getting TIO fits file(s) info, Please Wait...   
20190913 20:35:18: Getting TIO fits file(s) info, Please Wait...   
20190913 20:35:19: Getting TIO fits file(s) info, Please Wait...   
20190913 20:35:20: Getting TIO fits file(s) info, Please Wait...   
20190913 20:35:21: Getting TIO fits file(s) info, Please Wait...   
20190913 20:35:22: Getting TIO fits file(s) info, Please Wait...   
20190913 20:35:23: Getting TIO fits file(s) info, Please Wait...   
20190913 20:35:24: Getting TIO fits file(s) info, Please Wait...   
20190913 20:35:25: Getting TIO fits file(s) info, Please Wait...   
20190913 20:35:26: Getting TIO fits file(s) info, Please Wait...   
20190913 20:35:27: Getting TIO fits file(s) info, Please Wait...   
20190913 20:35:28: Getting TIO fits file(s) info, Please Wait...   
20190913 20:35:29: Getting TIO fits file(s) info, Please Wait...   
20190913 20:35:30: Getting TIO fits file(s) info, Please Wait...   
20190913 20:35:31: Getting TIO fits file(s) info, Please Wait...   
20190913 20:35:32: Getting TIO fits file(s) info, Please Wait...   
20190913 20:35:34: Getting TIO fits file(s) info, Please Wait...   
20190913 20:35:35: Getting TIO fits file(s) info, Please Wait...   
20190913 20:35:36: Getting TIO fits file(s) info, Please Wait...   
20190913 20:35:37: Getting TIO fits file(s) info, Please Wait...   
20190913 20:35:38: Getting TIO fits file(s) info, Please Wait...   
20190913 20:35:39: Getting TIO fits file(s) info, Please Wait...   
20190913 20:35:40: Getting TIO fits file(s) info, Please Wait...   
20190913 20:35:41: Getting TIO fits file(s) info, Please Wait...   
20190913 20:35:42: Getting TIO fits file(s) info, Please Wait...   
20190913 20:35:43: Getting TIO fits file(s) info, Please Wait...   
20190913 20:35:44: Getting TIO fits file(s) info, Please Wait...   
20190913 20:35:45: Getting TIO fits file(s) info, Please Wait...   
20190913 20:35:46: Getting TIO fits file(s) info, Please Wait...   
20190913 20:35:47: Getting TIO fits file(s) info, Please Wait...   
20190913 20:35:48: Getting TIO fits file(s) info, Please Wait...   
20190913 20:35:49: Getting TIO fits file(s) info, Please Wait...   
20190913 20:35:51: Getting TIO fits file(s) info, Please Wait...   
20190913 20:35:52: Getting TIO fits file(s) info, Please Wait...   
20190913 20:35:53: Getting TIO fits file(s) info, Please Wait...   
20190913 20:35:54: Getting TIO fits file(s) info, Please Wait...   
20190913 20:35:55: Getting TIO fits file(s) info, Please Wait...   
20190913 20:35:56: Getting TIO fits file(s) info, Please Wait...   
20190913 20:35:57: Getting TIO fits file(s) info, Please Wait...   
20190913 20:35:58: Getting TIO fits file(s) info, Please Wait...   
20190913 20:35:59: Getting TIO fits file(s) info, Please Wait...   
20190913 20:36:00: Getting TIO fits file(s) info, Please Wait...   
20190913 20:36:01: Getting TIO fits file(s) info, Please Wait...   
20190913 20:36:02: Getting TIO fits file(s) info, Please Wait...   
20190913 20:36:03: Getting TIO fits file(s) info, Please Wait...   
20190913 20:36:04: Getting TIO fits file(s) info, Please Wait...   
20190913 20:36:05: Getting TIO fits file(s) info, Please Wait...   
20190913 20:36:07: Getting TIO fits file(s) info, Please Wait...   
20190913 20:36:08: Getting TIO fits file(s) info, Please Wait...   
20190913 20:36:09: Getting TIO fits file(s) info, Please Wait...   
20190913 20:36:10: Getting TIO fits file(s) info, Please Wait...   
20190913 20:36:11: Getting TIO fits file(s) info, Please Wait...   
20190913 20:36:12: Getting TIO fits file(s) info, Please Wait...   
20190913 20:36:13: Getting TIO fits file(s) info, Please Wait...   
20190913 20:36:14: Getting TIO fits file(s) info, Please Wait...   
20190913 20:36:15: Getting TIO fits file(s) info, Please Wait...   
20190913 20:36:16: Getting TIO fits file(s) info, Please Wait...   
20190913 20:36:17: Getting TIO fits file(s) info, Please Wait...   
20190913 20:36:18: Getting TIO fits file(s) info, Please Wait...   
20190913 20:36:19: Getting TIO fits file(s) info, Please Wait...   
20190913 20:36:20: Getting TIO fits file(s) info, Please Wait...   
20190913 20:36:21: Getting TIO fits file(s) info, Please Wait...   
20190913 20:36:22: Getting TIO fits file(s) info, Please Wait...   
20190913 20:36:24: Getting TIO fits file(s) info, Please Wait...   
20190913 20:36:25: Getting TIO fits file(s) info, Please Wait...   
20190913 20:36:26: Getting TIO fits file(s) info, Please Wait...   
20190913 20:36:27: Getting TIO fits file(s) info, Please Wait...   
20190913 20:36:28: Getting TIO fits file(s) info, Please Wait...   
20190913 20:36:29: Getting TIO fits file(s) info, Please Wait...   
20190913 20:36:30: Getting TIO fits file(s) info, Please Wait...   
20190913 20:36:31: Getting TIO fits file(s) info, Please Wait...   
20190913 20:36:32: Getting TIO fits file(s) info, Please Wait...   
20190913 20:36:33: Getting TIO fits file(s) info, Please Wait...   
20190913 20:36:34: Getting TIO fits file(s) info, Please Wait...   
20190913 20:36:35: Getting TIO fits file(s) info, Please Wait...   
20190913 20:36:36: Getting TIO fits file(s) info, Please Wait...   
20190913 20:36:37: Getting TIO fits file(s) info, Please Wait...   
20190913 20:36:38: Getting TIO fits file(s) info, Please Wait...   
20190913 20:36:40: Getting TIO fits file(s) info, Please Wait...   
20190913 20:36:41: Getting TIO fits file(s) info, Please Wait...   
20190913 20:36:42: Getting TIO fits file(s) info, Please Wait...   
20190913 20:36:43: Getting TIO fits file(s) info, Please Wait...   
20190913 20:36:44: Getting TIO fits file(s) info, Please Wait...   
20190913 20:36:45: Getting TIO fits file(s) info, Please Wait...   
20190913 20:36:46: Getting TIO fits file(s) info, Please Wait...   
20190913 20:36:47: Getting TIO fits file(s) info, Please Wait...   
20190913 20:36:48: Getting TIO fits file(s) info, Please Wait...   
20190913 20:36:49: Getting TIO fits file(s) info, Please Wait...   
20190913 20:36:50: Getting TIO fits file(s) info, Please Wait...   
20190913 20:36:51: Getting TIO fits file(s) info, Please Wait...   
20190913 20:36:52: Getting TIO fits file(s) info, Please Wait...   
20190913 20:36:53: Getting TIO fits file(s) info, Please Wait...   
20190913 20:36:54: Getting TIO fits file(s) info, Please Wait...   
20190913 20:36:56: Getting TIO fits file(s) info, Please Wait...   
20190913 20:36:57: Getting TIO fits file(s) info, Please Wait...   
20190913 20:36:58: Getting TIO fits file(s) info, Please Wait...   
20190913 20:36:59: Getting TIO fits file(s) info, Please Wait...   
20190913 20:37:00: Getting TIO fits file(s) info, Please Wait...   
20190913 20:37:01: Getting TIO fits file(s) info, Please Wait...   
20190913 20:37:02: Getting TIO fits file(s) info, Please Wait...   
20190913 20:37:03: Getting TIO fits file(s) info, Please Wait...   
20190913 20:37:04: Getting TIO fits file(s) info, Please Wait...   
20190913 20:37:05: Getting TIO fits file(s) info, Please Wait...   
20190913 20:37:06: Getting TIO fits file(s) info, Please Wait...   
20190913 20:37:07: Getting TIO fits file(s) info, Please Wait...   
20190913 20:37:08: Getting TIO fits file(s) info, Please Wait...   
20190913 20:37:09: Getting TIO fits file(s) info, Please Wait...   
20190913 20:37:10: Getting TIO fits file(s) info, Please Wait...   
20190913 20:37:11: Getting TIO fits file(s) info, Please Wait...   
20190913 20:37:13: Getting TIO fits file(s) info, Please Wait...   
20190913 20:37:14: Getting TIO fits file(s) info, Please Wait...   
20190913 20:37:15: Getting TIO fits file(s) info, Please Wait...   
20190913 20:37:16: Getting TIO fits file(s) info, Please Wait...   
20190913 20:37:17: Getting TIO fits file(s) info, Please Wait...   
20190913 20:37:18: Getting TIO fits file(s) info, Please Wait...   
20190913 20:37:19: Getting TIO fits file(s) info, Please Wait...   
20190913 20:37:20: Getting TIO fits file(s) info, Please Wait...   
20190913 20:37:21: Getting TIO fits file(s) info, Please Wait...   
20190913 20:37:22: Getting TIO fits file(s) info, Please Wait...   
20190913 20:37:23: Getting TIO fits file(s) info, Please Wait...   
20190913 20:37:24: Getting TIO fits file(s) info, Please Wait...   
20190913 20:37:25: Getting TIO fits file(s) info, Please Wait...   
20190913 20:37:26: Getting TIO fits file(s) info, Please Wait...   
20190913 20:37:27: Getting TIO fits file(s) info, Please Wait...   
20190913 20:37:29: Getting TIO fits file(s) info, Please Wait...   
20190913 20:37:30: Getting TIO fits file(s) info, Please Wait...   
20190913 20:37:31: Getting TIO fits file(s) info, Please Wait...   
20190913 20:37:32: Getting TIO fits file(s) info, Please Wait...   
20190913 20:37:33: Getting TIO fits file(s) info, Please Wait...   
20190913 20:37:34: Getting TIO fits file(s) info, Please Wait...   
20190913 20:37:35: Getting TIO fits file(s) info, Please Wait...   
20190913 20:37:36: Getting TIO fits file(s) info, Please Wait...   
20190913 20:37:37: Getting TIO fits file(s) info, Please Wait...   
20190913 20:37:38: Getting TIO fits file(s) info, Please Wait...   
20190913 20:37:39: Getting TIO fits file(s) info, Please Wait...   
20190913 20:37:40: Getting TIO fits file(s) info, Please Wait...   
20190913 20:37:41: Getting TIO fits file(s) info, Please Wait...   
20190913 20:37:42: Getting TIO fits file(s) info, Please Wait...   
20190913 20:37:43: Getting TIO fits file(s) info, Please Wait...   
20190913 20:37:45: Getting TIO fits file(s) info, Please Wait...   
20190913 20:37:46: Getting TIO fits file(s) info, Please Wait...   
20190913 20:37:47: Getting TIO fits file(s) info, Please Wait...   
20190913 20:37:48: Getting TIO fits file(s) info, Please Wait...   
20190913 20:37:49: Getting TIO fits file(s) info, Please Wait...   
20190913 20:37:50: Getting TIO fits file(s) info, Please Wait...   
20190913 20:37:51: Getting TIO fits file(s) info, Please Wait...   
20190913 20:37:52: Getting TIO fits file(s) info, Please Wait...   
20190913 20:37:53: Getting TIO fits file(s) info, Please Wait...   
20190913 20:37:54: Getting TIO fits file(s) info, Please Wait...   
20190913 20:37:55: Getting TIO fits file(s) info, Please Wait...   
20190913 20:37:56: Getting TIO fits file(s) info, Please Wait...   
20190913 20:37:57: Getting TIO fits file(s) info, Please Wait...   
20190913 20:37:58: Getting TIO fits file(s) info, Please Wait...   
20190913 20:37:59: Getting TIO fits file(s) info, Please Wait...   
20190913 20:38:01: Getting TIO fits file(s) info, Please Wait...   
20190913 20:38:02: Getting TIO fits file(s) info, Please Wait...   
20190913 20:38:03: Getting TIO fits file(s) info, Please Wait...   
20190913 20:38:04: Getting TIO fits file(s) info, Please Wait...   
20190913 20:38:05: Getting TIO fits file(s) info, Please Wait...   
20190913 20:38:06: Getting TIO fits file(s) info, Please Wait...   
20190913 20:38:07: Getting TIO fits file(s) info, Please Wait...   
20190913 20:38:08: Getting TIO fits file(s) info, Please Wait...   
20190913 20:38:09: Getting TIO fits file(s) info, Please Wait...   
20190913 20:38:10: Getting TIO fits file(s) info, Please Wait...   
20190913 20:38:11: Getting TIO fits file(s) info, Please Wait...   
20190913 20:38:12: Getting TIO fits file(s) info, Please Wait...   
20190913 20:38:13: Getting TIO fits file(s) info, Please Wait...   
20190913 20:38:14: Getting TIO fits file(s) info, Please Wait...   
20190913 20:38:15: Getting TIO fits file(s) info, Please Wait...   
20190913 20:38:17: Getting TIO fits file(s) info, Please Wait...   
20190913 20:38:18: Getting TIO fits file(s) info, Please Wait...   
20190913 20:38:19: Getting TIO fits file(s) info, Please Wait...   
20190913 20:38:20: Getting TIO fits file(s) info, Please Wait...   
20190913 20:38:21: Getting TIO fits file(s) info, Please Wait...   
20190913 20:38:22: Getting TIO fits file(s) info, Please Wait...   
20190913 20:38:23: Getting TIO fits file(s) info, Please Wait...   
20190913 20:38:24: Getting TIO fits file(s) info, Please Wait...   
20190913 20:38:25: Getting TIO fits file(s) info, Please Wait...   
20190913 20:38:26: Getting TIO fits file(s) info, Please Wait...   
20190913 20:38:27: Getting TIO fits file(s) info, Please Wait...   
20190913 20:38:28: Getting TIO fits file(s) info, Please Wait...   
20190913 20:38:29: Getting TIO fits file(s) info, Please Wait...   
20190913 20:38:30: Getting TIO fits file(s) info, Please Wait...   
20190913 20:38:31: Getting TIO fits file(s) info, Please Wait...   
20190913 20:38:32: Getting TIO fits file(s) info, Please Wait...   
20190913 20:38:34: Getting TIO fits file(s) info, Please Wait...   
20190913 20:38:35: Getting TIO fits file(s) info, Please Wait...   
20190913 20:38:36: Getting TIO fits file(s) info, Please Wait...   
20190913 20:38:37: Getting TIO fits file(s) info, Please Wait...   
20190913 20:38:38: Getting TIO fits file(s) info, Please Wait...   
20190913 20:38:39: Getting TIO fits file(s) info, Please Wait...   
20190913 20:38:40: Getting TIO fits file(s) info, Please Wait...   
20190913 20:38:41: Getting TIO fits file(s) info, Please Wait...   
20190913 20:38:42: Getting TIO fits file(s) info, Please Wait...   
20190913 20:38:43: Getting TIO fits file(s) info, Please Wait...   
20190913 20:38:44: Getting TIO fits file(s) info, Please Wait...   
20190913 20:38:45: Getting TIO fits file(s) info, Please Wait...   
20190913 20:38:46: Getting TIO fits file(s) info, Please Wait...   
20190913 20:38:47: Getting TIO fits file(s) info, Please Wait...   
20190913 20:38:48: Getting TIO fits file(s) info, Please Wait...   
20190913 20:38:50: Getting TIO fits file(s) info, Please Wait...   
20190913 20:38:51: Getting TIO fits file(s) info, Please Wait...   
20190913 20:38:52: Getting TIO fits file(s) info, Please Wait...   
20190913 20:38:53: Getting TIO fits file(s) info, Please Wait...   
20190913 20:38:54: Getting TIO fits file(s) info, Please Wait...   
20190913 20:38:55: Getting TIO fits file(s) info, Please Wait...   
20190913 20:38:56: Getting TIO fits file(s) info, Please Wait...   
20190913 20:38:57: Getting TIO fits file(s) info, Please Wait...   
20190913 20:38:58: Getting TIO fits file(s) info, Please Wait...   
20190913 20:38:59: Getting TIO fits file(s) info, Please Wait...   
20190913 20:39:00: Getting TIO fits file(s) info, Please Wait...   
20190913 20:39:01: Getting TIO fits file(s) info, Please Wait...   
20190913 20:39:02: Getting TIO fits file(s) info, Please Wait...   
20190913 20:39:03: Getting TIO fits file(s) info, Please Wait...   
20190913 20:39:04: Getting TIO fits file(s) info, Please Wait...   
20190913 20:39:06: Getting TIO fits file(s) info, Please Wait...   
20190913 20:39:07: Getting TIO fits file(s) info, Please Wait...   
20190913 20:39:08: Getting TIO fits file(s) info, Please Wait...   
20190913 20:39:09: Getting TIO fits file(s) info, Please Wait...   
20190913 20:39:10: Getting TIO fits file(s) info, Please Wait...   
20190913 20:39:11: Getting TIO fits file(s) info, Please Wait...   
20190913 20:39:12: Getting TIO fits file(s) info, Please Wait...   
20190913 20:39:13: Getting TIO fits file(s) info, Please Wait...   
20190913 20:39:14: Getting TIO fits file(s) info, Please Wait...   
20190913 20:39:15: Getting TIO fits file(s) info, Please Wait...   
20190913 20:39:16: Getting TIO fits file(s) info, Please Wait...   
20190913 20:39:17: Getting TIO fits file(s) info, Please Wait...   
20190913 20:39:18: Getting TIO fits file(s) info, Please Wait...   
20190913 20:39:19: Getting TIO fits file(s) info, Please Wait...   
20190913 20:39:20: Getting TIO fits file(s) info, Please Wait...   
20190913 20:39:21: Getting TIO fits file(s) info, Please Wait...   
20190913 20:39:23: Getting TIO fits file(s) info, Please Wait...   
20190913 20:39:24: Getting TIO fits file(s) info, Please Wait...   
20190913 20:39:25: Getting TIO fits file(s) info, Please Wait...   
20190913 20:39:26: Getting TIO fits file(s) info, Please Wait...   
20190913 20:39:27: Getting TIO fits file(s) info, Please Wait...   
20190913 20:39:28: Getting TIO fits file(s) info, Please Wait...   
20190913 20:39:29: Getting TIO fits file(s) info, Please Wait...   
20190913 20:39:30: Getting TIO fits file(s) info, Please Wait...   
20190913 20:39:31: Getting TIO fits file(s) info, Please Wait...   
20190913 20:39:32: Getting TIO fits file(s) info, Please Wait...   
20190913 20:39:33: Getting TIO fits file(s) info, Please Wait...   
20190913 20:39:34: Getting TIO fits file(s) info, Please Wait...   
20190913 20:39:35: Getting TIO fits file(s) info, Please Wait...   
20190913 20:39:36: Getting TIO fits file(s) info, Please Wait...   
20190913 20:39:37: Getting TIO fits file(s) info, Please Wait...   
20190913 20:39:38: Getting TIO fits file(s) info, Please Wait...   
20190913 20:39:39: Getting TIO fits file(s) info, Please Wait...   
20190913 20:39:41: Getting TIO fits file(s) info, Please Wait...   
20190913 20:39:42: Getting TIO fits file(s) info, Please Wait...   
20190913 20:39:43: Getting TIO fits file(s) info, Please Wait...   
20190913 20:39:44: Getting TIO fits file(s) info, Please Wait...   
20190913 20:39:45: Getting TIO fits file(s) info, Please Wait...   
20190913 20:39:46: Getting TIO fits file(s) info, Please Wait...   
20190913 20:39:47: Getting TIO fits file(s) info, Please Wait...   
20190913 20:39:48: Getting TIO fits file(s) info, Please Wait...   
20190913 20:39:49: Getting TIO fits file(s) info, Please Wait...   
20190913 20:39:50: Getting TIO fits file(s) info, Please Wait...   
20190913 20:39:51: Getting TIO fits file(s) info, Please Wait...   
20190913 20:39:52: Getting TIO fits file(s) info, Please Wait...   
20190913 20:39:53: Getting TIO fits file(s) info, Please Wait...   
20190913 20:39:54: Getting TIO fits file(s) info, Please Wait...   
20190913 20:39:55: Getting TIO fits file(s) info, Please Wait...   
20190913 20:39:56: Getting TIO fits file(s) info, Please Wait...   
20190913 20:39:58: Getting TIO fits file(s) info, Please Wait...   
20190913 20:39:59: Getting TIO fits file(s) info, Please Wait...   
20190913 20:40:00: Getting TIO fits file(s) info, Please Wait...   
20190913 20:40:01: Getting TIO fits file(s) info, Please Wait...   
20190913 20:40:02: Getting TIO fits file(s) info, Please Wait...   
20190913 20:40:03: Getting TIO fits file(s) info, Please Wait...   
20190913 20:40:04: Getting TIO fits file(s) info, Please Wait...   
20190913 20:40:05: Getting TIO fits file(s) info, Please Wait...   
20190913 20:40:06: Getting TIO fits file(s) info, Please Wait...   
20190913 20:40:07: Getting TIO fits file(s) info, Please Wait...   
20190913 20:40:08: Getting TIO fits file(s) info, Please Wait...   
20190913 20:40:09: Getting TIO fits file(s) info, Please Wait...   
20190913 20:40:10: Getting TIO fits file(s) info, Please Wait...   
20190913 20:40:11: Getting TIO fits file(s) info, Please Wait...   
20190913 20:40:12: Getting TIO fits file(s) info, Please Wait...   
20190913 20:40:14: Getting TIO fits file(s) info, Please Wait...   
20190913 20:40:15: Getting TIO fits file(s) info, Please Wait...   
20190913 20:40:16: Getting TIO fits file(s) info, Please Wait...   
20190913 20:40:17: Getting TIO fits file(s) info, Please Wait...   
20190913 20:40:18: Getting TIO fits file(s) info, Please Wait...   
20190913 20:40:19: Getting TIO fits file(s) info, Please Wait...   
20190913 20:40:20: Getting TIO fits file(s) info, Please Wait...   
20190913 20:40:21: Getting TIO fits file(s) info, Please Wait...   
20190913 20:40:22: Getting TIO fits file(s) info, Please Wait...   
20190913 20:40:23: Getting TIO fits file(s) info, Please Wait...   
20190913 20:40:24: Getting TIO fits file(s) info, Please Wait...   
20190913 20:40:25: Getting TIO fits file(s) info, Please Wait...   
20190913 20:40:26: Getting TIO fits file(s) info, Please Wait...   
20190913 20:40:27: Getting TIO fits file(s) info, Please Wait...   
20190913 20:40:28: Getting TIO fits file(s) info, Please Wait...   
20190913 20:40:29: Getting TIO fits file(s) info, Please Wait...   
20190913 20:40:30: Getting TIO fits file(s) info, Please Wait...   
20190913 20:40:31: Getting TIO fits file(s) info, Please Wait...   
20190913 20:40:33: Getting TIO fits file(s) info, Please Wait...   
20190913 20:40:34: Getting TIO fits file(s) info, Please Wait...   
20190913 20:40:35: Getting TIO fits file(s) info, Please Wait...   
20190913 20:40:36: Getting TIO fits file(s) info, Please Wait...   
20190913 20:40:37: Getting TIO fits file(s) info, Please Wait...   
20190913 20:40:38: Getting TIO fits file(s) info, Please Wait...   
20190913 20:40:39: Getting TIO fits file(s) info, Please Wait...   
20190913 20:40:40: Getting TIO fits file(s) info, Please Wait...   
20190913 20:40:41: Getting TIO fits file(s) info, Please Wait...   
20190913 20:40:42: Getting TIO fits file(s) info, Please Wait...   
20190913 20:40:43: Getting TIO fits file(s) info, Please Wait...   
20190913 20:40:44: Getting TIO fits file(s) info, Please Wait...   
20190913 20:40:45: Getting TIO fits file(s) info, Please Wait...   
20190913 20:40:46: Getting TIO fits file(s) info, Please Wait...   
20190913 20:40:47: Getting TIO fits file(s) info, Please Wait...   
20190913 20:40:48: Getting TIO fits file(s) info, Please Wait...   
20190913 20:40:49: Getting TIO fits file(s) info, Please Wait...   
20190913 20:40:51: Getting TIO fits file(s) info, Please Wait...   
20190913 20:40:52: Getting TIO fits file(s) info, Please Wait...   
20190913 20:40:53: Getting TIO fits file(s) info, Please Wait...   
20190913 20:40:54: Getting TIO fits file(s) info, Please Wait...   
20190913 20:40:55: Getting TIO fits file(s) info, Please Wait...   
20190913 20:40:56: Getting TIO fits file(s) info, Please Wait...   
20190913 20:40:57: Getting TIO fits file(s) info, Please Wait...   
20190913 20:40:58: Getting TIO fits file(s) info, Please Wait...   
20190913 20:40:59: Getting TIO fits file(s) info, Please Wait...   
20190913 20:41:00: Getting TIO fits file(s) info, Please Wait...   
20190913 20:41:01: Getting TIO fits file(s) info, Please Wait...   
20190913 20:41:02: Getting TIO fits file(s) info, Please Wait...   
20190913 20:41:03: Getting TIO fits file(s) info, Please Wait...   
20190913 20:41:04: Getting TIO fits file(s) info, Please Wait...   
20190913 20:41:05: Getting TIO fits file(s) info, Please Wait...   
20190913 20:41:06: Getting TIO fits file(s) info, Please Wait...   
20190913 20:41:08: Getting TIO fits file(s) info, Please Wait...   
20190913 20:41:09: Getting TIO fits file(s) info, Please Wait...   
20190913 20:41:10: Getting TIO fits file(s) info, Please Wait...   
20190913 20:41:11: Getting TIO fits file(s) info, Please Wait...   
20190913 20:41:12: Getting TIO fits file(s) info, Please Wait...   
20190913 20:41:13: Getting TIO fits file(s) info, Please Wait...   
20190913 20:41:14: Getting TIO fits file(s) info, Please Wait...   
20190913 20:41:15: Getting TIO fits file(s) info, Please Wait...   
20190913 20:41:16: Getting TIO fits file(s) info, Please Wait...   
20190913 20:41:17: Getting TIO fits file(s) info, Please Wait...   
20190913 20:41:18: Getting TIO fits file(s) info, Please Wait...   
20190913 20:41:19: Getting TIO fits file(s) info, Please Wait...   
20190913 20:41:20: Getting TIO fits file(s) info, Please Wait...   
20190913 20:41:21: Getting TIO fits file(s) info, Please Wait...   
20190913 20:41:22: Getting TIO fits file(s) info, Please Wait...   
20190913 20:41:23: Getting TIO fits file(s) info, Please Wait...   
20190913 20:41:25: Getting TIO fits file(s) info, Please Wait...   
20190913 20:41:26: Getting TIO fits file(s) info, Please Wait...   
20190913 20:41:27: Getting TIO fits file(s) info, Please Wait...   
20190913 20:41:28: Getting TIO fits file(s) info, Please Wait...   
20190913 20:41:29: Getting TIO fits file(s) info, Please Wait...   
20190913 20:41:30: Getting TIO fits file(s) info, Please Wait...   
20190913 20:41:31: Getting TIO fits file(s) info, Please Wait...   
20190913 20:41:32: Getting TIO fits file(s) info, Please Wait...   
20190913 20:41:33: Getting TIO fits file(s) info, Please Wait...   
20190913 20:41:34: Getting TIO fits file(s) info, Please Wait...   
20190913 20:41:35: Getting TIO fits file(s) info, Please Wait...   
20190913 20:41:36: Getting TIO fits file(s) info, Please Wait...   
20190913 20:41:37: Getting TIO fits file(s) info, Please Wait...   
20190913 20:41:38: Getting TIO fits file(s) info, Please Wait...   
20190913 20:41:39: Getting TIO fits file(s) info, Please Wait...   
20190913 20:41:40: Getting TIO fits file(s) info, Please Wait...   
20190913 20:41:41: Getting TIO fits file(s) info, Please Wait...   
20190913 20:41:43: Getting TIO fits file(s) info, Please Wait...   
20190913 20:41:44: Getting TIO fits file(s) info, Please Wait...   
20190913 20:41:45: Getting TIO fits file(s) info, Please Wait...   
20190913 20:41:46: Getting TIO fits file(s) info, Please Wait...   
20190913 20:41:47: Getting TIO fits file(s) info, Please Wait...   
20190913 20:41:48: Getting TIO fits file(s) info, Please Wait...   
20190913 20:41:49: Getting TIO fits file(s) info, Please Wait...   
20190913 20:41:50: Getting TIO fits file(s) info, Please Wait...   
20190913 20:41:51: TIO fits file(s) info getting Task Has Done!
                   Finishing....
20190913 20:41:51: new TIO fits file(s) getting Task Has Done!
                   Finishing....
20190913 20:41:51: Wrong TIO fits file(s) checking Task Has Done!
                   Finishing....
20190913 20:41:52: Current wrong TIO fits file(s) adding Task Has Done!
                   Finishing....
20190913 20:41:52: For TIO fits Data File(s) @ /cygdrive/e/20190913/TIO 
     File Checked: 5309 file(s)
 This Round Found: 75 file(s) in wrong size
      Total Found: 188 file(s) in wrong size
        Time Used: 710 secs.
  Error File List: /cygdrive/d/chd/LFTP4WIN-master/home/chd/log/TIO-fits@20190913-error-total.list
 
================================================================================
