 
================================================================================
                                                                                
               fso-data-check utility for SP data @ fso                  
                       Release 20190721-0931                                    
                                                                                
20200802 19:15:27 : Checking the fits file numbers & size                    
                    @ /cygdrive/g/20200802/SP                                                     
                    Please wait...                                              
                    Press ctrl-c to break!                                      
                                                                                
================================================================================
 
20200802 19:15:28: local SP fits file(s) info getting Task Has Done!
                   Finishing....
20200802 19:15:28: new SP fits file(s) getting Task Has Done!
                   Finishing....
20200802 19:15:28: Wrong SP fits file(s) checking Task Has Done!
                   Finishing....
20200802 19:15:29: New current wrong SP fits file(s) finding Task Has Done!
                   Finishing....
20200802 19:15:29: Current wrong SP fits file(s) adding Task Has Done!
                   Finishing....
20200802 19:15:29: Wrong SP fits files list generating Task Has Done!
                   Finishing....
20200802 19:15:30: For SP fits Data File(s) @ /cygdrive/g/20200802/SP 
     File Checked: 0 file(s)
 This Round Found: 0 file(s) in wrong size
      Total Found: 0 file(s) in wrong size
        Time Used: 3 secs.
  Error File List: /home/chd/log/SP-fits-20200802-error-total.list
 
================================================================================
