 
================================================================================
                                                                                
               fso-data-check utility for HA data @ fso                  
                       Release 20190721-0931                                    
                                                                                
20190913 20:30:02 : Checking the fits file numbers & size                    
                    @ /cygdrive/f/20190913/HA                                                     
                    Please wait...                                              
                    Press ctrl-c to break!                                      
                                                                                
================================================================================
 
20190913 20:30:03: Getting HA fits file(s) info, Please Wait...   
20190913 20:30:04: Getting HA fits file(s) info, Please Wait...   
20190913 20:30:05: Getting HA fits file(s) info, Please Wait...   
20190913 20:30:06: Getting HA fits file(s) info, Please Wait...   
20190913 20:30:07: Getting HA fits file(s) info, Please Wait...   
20190913 20:30:08: Getting HA fits file(s) info, Please Wait...   
20190913 20:30:09: Getting HA fits file(s) info, Please Wait...   
20190913 20:30:10: Getting HA fits file(s) info, Please Wait...   
20190913 20:30:11: Getting HA fits file(s) info, Please Wait...   
20190913 20:30:12: Getting HA fits file(s) info, Please Wait...   
20190913 20:30:13: Getting HA fits file(s) info, Please Wait...   
20190913 20:30:15: Getting HA fits file(s) info, Please Wait...   
20190913 20:30:16: Getting HA fits file(s) info, Please Wait...   
20190913 20:30:17: Getting HA fits file(s) info, Please Wait...   
20190913 20:30:18: Getting HA fits file(s) info, Please Wait...   
20190913 20:30:19: Getting HA fits file(s) info, Please Wait...   
20190913 20:30:20: Getting HA fits file(s) info, Please Wait...   
20190913 20:30:21: Getting HA fits file(s) info, Please Wait...   
20190913 20:30:22: Getting HA fits file(s) info, Please Wait...   
20190913 20:30:23: Getting HA fits file(s) info, Please Wait...   
20190913 20:30:24: Getting HA fits file(s) info, Please Wait...   
20190913 20:30:25: Getting HA fits file(s) info, Please Wait...   
20190913 20:30:26: Getting HA fits file(s) info, Please Wait...   
20190913 20:30:27: Getting HA fits file(s) info, Please Wait...   
20190913 20:30:28: Getting HA fits file(s) info, Please Wait...   
20190913 20:30:29: Getting HA fits file(s) info, Please Wait...   
20190913 20:30:30: Getting HA fits file(s) info, Please Wait...   
20190913 20:30:32: Getting HA fits file(s) info, Please Wait...   
20190913 20:30:33: Getting HA fits file(s) info, Please Wait...   
20190913 20:30:34: Getting HA fits file(s) info, Please Wait...   
20190913 20:30:35: Getting HA fits file(s) info, Please Wait...   
20190913 20:30:36: Getting HA fits file(s) info, Please Wait...   
20190913 20:30:37: Getting HA fits file(s) info, Please Wait...   
20190913 20:30:38: Getting HA fits file(s) info, Please Wait...   
20190913 20:30:39: Getting HA fits file(s) info, Please Wait...   
20190913 20:30:40: Getting HA fits file(s) info, Please Wait...   
20190913 20:30:41: Getting HA fits file(s) info, Please Wait...   
20190913 20:30:42: Getting HA fits file(s) info, Please Wait...   
20190913 20:30:43: Getting HA fits file(s) info, Please Wait...   
20190913 20:30:44: Getting HA fits file(s) info, Please Wait...   
20190913 20:30:45: Getting HA fits file(s) info, Please Wait...   
20190913 20:30:46: Getting HA fits file(s) info, Please Wait...   
20190913 20:30:47: Getting HA fits file(s) info, Please Wait...   
20190913 20:30:49: Getting HA fits file(s) info, Please Wait...   
20190913 20:30:50: Getting HA fits file(s) info, Please Wait...   
20190913 20:30:51: Getting HA fits file(s) info, Please Wait...   
20190913 20:30:52: Getting HA fits file(s) info, Please Wait...   
20190913 20:30:53: Getting HA fits file(s) info, Please Wait...   
20190913 20:30:54: Getting HA fits file(s) info, Please Wait...   
20190913 20:30:55: Getting HA fits file(s) info, Please Wait...   
20190913 20:30:56: Getting HA fits file(s) info, Please Wait...   
20190913 20:30:57: Getting HA fits file(s) info, Please Wait...   
20190913 20:30:58: Getting HA fits file(s) info, Please Wait...   
20190913 20:30:59: Getting HA fits file(s) info, Please Wait...   
20190913 20:31:00: Getting HA fits file(s) info, Please Wait...   
20190913 20:31:01: Getting HA fits file(s) info, Please Wait...   
20190913 20:31:02: Getting HA fits file(s) info, Please Wait...   
20190913 20:31:03: Getting HA fits file(s) info, Please Wait...   
20190913 20:31:05: Getting HA fits file(s) info, Please Wait...   
20190913 20:31:06: Getting HA fits file(s) info, Please Wait...   
20190913 20:31:07: Getting HA fits file(s) info, Please Wait...   
20190913 20:31:08: Getting HA fits file(s) info, Please Wait...   
20190913 20:31:09: Getting HA fits file(s) info, Please Wait...   
20190913 20:31:10: Getting HA fits file(s) info, Please Wait...   
20190913 20:31:11: Getting HA fits file(s) info, Please Wait...   
20190913 20:31:12: Getting HA fits file(s) info, Please Wait...   
20190913 20:31:13: Getting HA fits file(s) info, Please Wait...   
20190913 20:31:14: Getting HA fits file(s) info, Please Wait...   
20190913 20:31:15: Getting HA fits file(s) info, Please Wait...   
20190913 20:31:16: Getting HA fits file(s) info, Please Wait...   
20190913 20:31:17: Getting HA fits file(s) info, Please Wait...   
20190913 20:31:18: Getting HA fits file(s) info, Please Wait...   
20190913 20:31:19: Getting HA fits file(s) info, Please Wait...   
20190913 20:31:21: Getting HA fits file(s) info, Please Wait...   
20190913 20:31:22: Getting HA fits file(s) info, Please Wait...   
20190913 20:31:23: Getting HA fits file(s) info, Please Wait...   
20190913 20:31:24: Getting HA fits file(s) info, Please Wait...   
20190913 20:31:25: Getting HA fits file(s) info, Please Wait...   
20190913 20:31:26: Getting HA fits file(s) info, Please Wait...   
20190913 20:31:27: Getting HA fits file(s) info, Please Wait...   
20190913 20:31:28: Getting HA fits file(s) info, Please Wait...   
20190913 20:31:29: Getting HA fits file(s) info, Please Wait...   
20190913 20:31:30: Getting HA fits file(s) info, Please Wait...   
20190913 20:31:31: Getting HA fits file(s) info, Please Wait...   
20190913 20:31:32: Getting HA fits file(s) info, Please Wait...   
20190913 20:31:33: Getting HA fits file(s) info, Please Wait...   
20190913 20:31:34: Getting HA fits file(s) info, Please Wait...   
20190913 20:31:35: Getting HA fits file(s) info, Please Wait...   
20190913 20:31:36: Getting HA fits file(s) info, Please Wait...   
20190913 20:31:38: Getting HA fits file(s) info, Please Wait...   
20190913 20:31:39: Getting HA fits file(s) info, Please Wait...   
20190913 20:31:40: Getting HA fits file(s) info, Please Wait...   
20190913 20:31:41: Getting HA fits file(s) info, Please Wait...   
20190913 20:31:42: Getting HA fits file(s) info, Please Wait...   
20190913 20:31:43: Getting HA fits file(s) info, Please Wait...   
20190913 20:31:44: Getting HA fits file(s) info, Please Wait...   
20190913 20:31:45: Getting HA fits file(s) info, Please Wait...   
20190913 20:31:46: Getting HA fits file(s) info, Please Wait...   
20190913 20:31:47: Getting HA fits file(s) info, Please Wait...   
20190913 20:31:48: Getting HA fits file(s) info, Please Wait...   
20190913 20:31:49: Getting HA fits file(s) info, Please Wait...   
20190913 20:31:50: Getting HA fits file(s) info, Please Wait...   
20190913 20:31:51: Getting HA fits file(s) info, Please Wait...   
20190913 20:31:52: Getting HA fits file(s) info, Please Wait...   
20190913 20:31:54: Getting HA fits file(s) info, Please Wait...   
20190913 20:31:55: Getting HA fits file(s) info, Please Wait...   
20190913 20:31:56: Getting HA fits file(s) info, Please Wait...   
20190913 20:31:57: Getting HA fits file(s) info, Please Wait...   
20190913 20:31:58: Getting HA fits file(s) info, Please Wait...   
20190913 20:31:59: Getting HA fits file(s) info, Please Wait...   
20190913 20:32:00: Getting HA fits file(s) info, Please Wait...   
20190913 20:32:01: Getting HA fits file(s) info, Please Wait...   
20190913 20:32:02: Getting HA fits file(s) info, Please Wait...   
20190913 20:32:03: Getting HA fits file(s) info, Please Wait...   
20190913 20:32:04: Getting HA fits file(s) info, Please Wait...   
20190913 20:32:05: Getting HA fits file(s) info, Please Wait...   
20190913 20:32:06: Getting HA fits file(s) info, Please Wait...   
20190913 20:32:07: Getting HA fits file(s) info, Please Wait...   
20190913 20:32:08: Getting HA fits file(s) info, Please Wait...   
20190913 20:32:10: Getting HA fits file(s) info, Please Wait...   
20190913 20:32:11: Getting HA fits file(s) info, Please Wait...   
20190913 20:32:12: Getting HA fits file(s) info, Please Wait...   
20190913 20:32:13: Getting HA fits file(s) info, Please Wait...   
20190913 20:32:14: Getting HA fits file(s) info, Please Wait...   
20190913 20:32:15: Getting HA fits file(s) info, Please Wait...   
20190913 20:32:16: Getting HA fits file(s) info, Please Wait...   
20190913 20:32:17: Getting HA fits file(s) info, Please Wait...   
20190913 20:32:18: Getting HA fits file(s) info, Please Wait...   
20190913 20:32:19: Getting HA fits file(s) info, Please Wait...   
20190913 20:32:20: Getting HA fits file(s) info, Please Wait...   
20190913 20:32:21: Getting HA fits file(s) info, Please Wait...   
20190913 20:32:22: Getting HA fits file(s) info, Please Wait...   
20190913 20:32:23: Getting HA fits file(s) info, Please Wait...   
20190913 20:32:24: Getting HA fits file(s) info, Please Wait...   
20190913 20:32:26: Getting HA fits file(s) info, Please Wait...   
20190913 20:32:27: Getting HA fits file(s) info, Please Wait...   
20190913 20:32:28: Getting HA fits file(s) info, Please Wait...   
20190913 20:32:29: Getting HA fits file(s) info, Please Wait...   
20190913 20:32:30: Getting HA fits file(s) info, Please Wait...   
20190913 20:32:31: Getting HA fits file(s) info, Please Wait...   
20190913 20:32:32: Getting HA fits file(s) info, Please Wait...   
20190913 20:32:33: Getting HA fits file(s) info, Please Wait...   
20190913 20:32:34: Getting HA fits file(s) info, Please Wait...   
20190913 20:32:35: Getting HA fits file(s) info, Please Wait...   
20190913 20:32:36: Getting HA fits file(s) info, Please Wait...   
20190913 20:32:37: Getting HA fits file(s) info, Please Wait...   
20190913 20:32:38: Getting HA fits file(s) info, Please Wait...   
20190913 20:32:39: Getting HA fits file(s) info, Please Wait...   
20190913 20:32:40: Getting HA fits file(s) info, Please Wait...   
20190913 20:32:41: Getting HA fits file(s) info, Please Wait...   
20190913 20:32:43: Getting HA fits file(s) info, Please Wait...   
20190913 20:32:44: Getting HA fits file(s) info, Please Wait...   
20190913 20:32:45: Getting HA fits file(s) info, Please Wait...   
20190913 20:32:46: Getting HA fits file(s) info, Please Wait...   
20190913 20:32:47: Getting HA fits file(s) info, Please Wait...   
20190913 20:32:48: Getting HA fits file(s) info, Please Wait...   
20190913 20:32:49: Getting HA fits file(s) info, Please Wait...   
20190913 20:32:50: Getting HA fits file(s) info, Please Wait...   
20190913 20:32:51: Getting HA fits file(s) info, Please Wait...   
20190913 20:32:52: Getting HA fits file(s) info, Please Wait...   
20190913 20:32:53: Getting HA fits file(s) info, Please Wait...   
20190913 20:32:54: Getting HA fits file(s) info, Please Wait...   
20190913 20:32:55: Getting HA fits file(s) info, Please Wait...   
20190913 20:32:56: Getting HA fits file(s) info, Please Wait...   
20190913 20:32:57: Getting HA fits file(s) info, Please Wait...   
20190913 20:32:58: Getting HA fits file(s) info, Please Wait...   
20190913 20:33:00: Getting HA fits file(s) info, Please Wait...   
20190913 20:33:01: Getting HA fits file(s) info, Please Wait...   
20190913 20:33:02: Getting HA fits file(s) info, Please Wait...   
20190913 20:33:03: Getting HA fits file(s) info, Please Wait...   
20190913 20:33:04: Getting HA fits file(s) info, Please Wait...   
20190913 20:33:05: Getting HA fits file(s) info, Please Wait...   
20190913 20:33:06: Getting HA fits file(s) info, Please Wait...   
20190913 20:33:07: Getting HA fits file(s) info, Please Wait...   
20190913 20:33:08: Getting HA fits file(s) info, Please Wait...   
20190913 20:33:09: Getting HA fits file(s) info, Please Wait...   
20190913 20:33:10: Getting HA fits file(s) info, Please Wait...   
20190913 20:33:11: Getting HA fits file(s) info, Please Wait...   
20190913 20:33:12: Getting HA fits file(s) info, Please Wait...   
20190913 20:33:13: Getting HA fits file(s) info, Please Wait...   
20190913 20:33:14: Getting HA fits file(s) info, Please Wait...   
20190913 20:33:15: Getting HA fits file(s) info, Please Wait...   
20190913 20:33:16: Getting HA fits file(s) info, Please Wait...   
20190913 20:33:18: Getting HA fits file(s) info, Please Wait...   
20190913 20:33:19: Getting HA fits file(s) info, Please Wait...   
20190913 20:33:20: Getting HA fits file(s) info, Please Wait...   
20190913 20:33:21: Getting HA fits file(s) info, Please Wait...   
20190913 20:33:22: Getting HA fits file(s) info, Please Wait...   
20190913 20:33:23: Getting HA fits file(s) info, Please Wait...   
20190913 20:33:24: Getting HA fits file(s) info, Please Wait...   
20190913 20:33:25: Getting HA fits file(s) info, Please Wait...   
20190913 20:33:26: Getting HA fits file(s) info, Please Wait...   
20190913 20:33:27: Getting HA fits file(s) info, Please Wait...   
20190913 20:33:28: Getting HA fits file(s) info, Please Wait...   
20190913 20:33:29: Getting HA fits file(s) info, Please Wait...   
20190913 20:33:30: Getting HA fits file(s) info, Please Wait...   
20190913 20:33:31: Getting HA fits file(s) info, Please Wait...   
20190913 20:33:32: Getting HA fits file(s) info, Please Wait...   
20190913 20:33:34: Getting HA fits file(s) info, Please Wait...   
20190913 20:33:35: Getting HA fits file(s) info, Please Wait...   
20190913 20:33:36: Getting HA fits file(s) info, Please Wait...   
20190913 20:33:37: Getting HA fits file(s) info, Please Wait...   
20190913 20:33:38: Getting HA fits file(s) info, Please Wait...   
20190913 20:33:39: Getting HA fits file(s) info, Please Wait...   
20190913 20:33:40: Getting HA fits file(s) info, Please Wait...   
20190913 20:33:41: Getting HA fits file(s) info, Please Wait...   
20190913 20:33:42: Getting HA fits file(s) info, Please Wait...   
20190913 20:33:43: Getting HA fits file(s) info, Please Wait...   
20190913 20:33:44: Getting HA fits file(s) info, Please Wait...   
20190913 20:33:45: Getting HA fits file(s) info, Please Wait...   
20190913 20:33:46: Getting HA fits file(s) info, Please Wait...   
20190913 20:33:47: Getting HA fits file(s) info, Please Wait...   
20190913 20:33:48: Getting HA fits file(s) info, Please Wait...   
20190913 20:33:49: Getting HA fits file(s) info, Please Wait...   
20190913 20:33:50: Getting HA fits file(s) info, Please Wait...   
20190913 20:33:52: Getting HA fits file(s) info, Please Wait...   
20190913 20:33:53: Getting HA fits file(s) info, Please Wait...   
20190913 20:33:54: Getting HA fits file(s) info, Please Wait...   
20190913 20:33:55: Getting HA fits file(s) info, Please Wait...   
20190913 20:33:56: Getting HA fits file(s) info, Please Wait...   
20190913 20:33:57: Getting HA fits file(s) info, Please Wait...   
20190913 20:33:58: Getting HA fits file(s) info, Please Wait...   
20190913 20:33:59: Getting HA fits file(s) info, Please Wait...   
20190913 20:34:00: Getting HA fits file(s) info, Please Wait...   
20190913 20:34:01: Getting HA fits file(s) info, Please Wait...   
20190913 20:34:02: Getting HA fits file(s) info, Please Wait...   
20190913 20:34:03: Getting HA fits file(s) info, Please Wait...   
20190913 20:34:04: Getting HA fits file(s) info, Please Wait...   
20190913 20:34:05: Getting HA fits file(s) info, Please Wait...   
20190913 20:34:06: Getting HA fits file(s) info, Please Wait...   
20190913 20:34:07: Getting HA fits file(s) info, Please Wait...   
20190913 20:34:09: Getting HA fits file(s) info, Please Wait...   
20190913 20:34:10: Getting HA fits file(s) info, Please Wait...   
20190913 20:34:11: Getting HA fits file(s) info, Please Wait...   
20190913 20:34:12: Getting HA fits file(s) info, Please Wait...   
20190913 20:34:13: Getting HA fits file(s) info, Please Wait...   
20190913 20:34:14: Getting HA fits file(s) info, Please Wait...   
20190913 20:34:15: Getting HA fits file(s) info, Please Wait...   
20190913 20:34:16: Getting HA fits file(s) info, Please Wait...   
20190913 20:34:17: Getting HA fits file(s) info, Please Wait...   
20190913 20:34:18: Getting HA fits file(s) info, Please Wait...   
20190913 20:34:19: Getting HA fits file(s) info, Please Wait...   
20190913 20:34:20: Getting HA fits file(s) info, Please Wait...   
20190913 20:34:21: Getting HA fits file(s) info, Please Wait...   
20190913 20:34:22: Getting HA fits file(s) info, Please Wait...   
20190913 20:34:23: Getting HA fits file(s) info, Please Wait...   
20190913 20:34:24: Getting HA fits file(s) info, Please Wait...   
20190913 20:34:26: Getting HA fits file(s) info, Please Wait...   
20190913 20:34:27: Getting HA fits file(s) info, Please Wait...   
20190913 20:34:28: Getting HA fits file(s) info, Please Wait...   
20190913 20:34:29: Getting HA fits file(s) info, Please Wait...   
20190913 20:34:30: Getting HA fits file(s) info, Please Wait...   
20190913 20:34:31: Getting HA fits file(s) info, Please Wait...   
20190913 20:34:32: Getting HA fits file(s) info, Please Wait...   
20190913 20:34:33: Getting HA fits file(s) info, Please Wait...   
20190913 20:34:34: Getting HA fits file(s) info, Please Wait...   
20190913 20:34:35: Getting HA fits file(s) info, Please Wait...   
20190913 20:34:36: Getting HA fits file(s) info, Please Wait...   
20190913 20:34:37: Getting HA fits file(s) info, Please Wait...   
20190913 20:34:38: Getting HA fits file(s) info, Please Wait...   
20190913 20:34:39: Getting HA fits file(s) info, Please Wait...   
20190913 20:34:40: Getting HA fits file(s) info, Please Wait...   
20190913 20:34:41: Getting HA fits file(s) info, Please Wait...   
20190913 20:34:43: Getting HA fits file(s) info, Please Wait...   
20190913 20:34:44: Getting HA fits file(s) info, Please Wait...   
20190913 20:34:45: Getting HA fits file(s) info, Please Wait...   
20190913 20:34:46: Getting HA fits file(s) info, Please Wait...   
20190913 20:34:47: Getting HA fits file(s) info, Please Wait...   
20190913 20:34:48: Getting HA fits file(s) info, Please Wait...   
20190913 20:34:49: Getting HA fits file(s) info, Please Wait...   
20190913 20:34:50: Getting HA fits file(s) info, Please Wait...   
20190913 20:34:51: Getting HA fits file(s) info, Please Wait...   
20190913 20:34:52: Getting HA fits file(s) info, Please Wait...   
20190913 20:34:53: Getting HA fits file(s) info, Please Wait...   
20190913 20:34:54: Getting HA fits file(s) info, Please Wait...   
20190913 20:34:55: Getting HA fits file(s) info, Please Wait...   
20190913 20:34:56: Getting HA fits file(s) info, Please Wait...   
20190913 20:34:57: Getting HA fits file(s) info, Please Wait...   
20190913 20:34:58: Getting HA fits file(s) info, Please Wait...   
20190913 20:35:00: Getting HA fits file(s) info, Please Wait...   
20190913 20:35:01: Getting HA fits file(s) info, Please Wait...   
20190913 20:35:02: Getting HA fits file(s) info, Please Wait...   
20190913 20:35:03: Getting HA fits file(s) info, Please Wait...   
20190913 20:35:04: Getting HA fits file(s) info, Please Wait...   
20190913 20:35:05: Getting HA fits file(s) info, Please Wait...   
20190913 20:35:06: Getting HA fits file(s) info, Please Wait...   
20190913 20:35:07: Getting HA fits file(s) info, Please Wait...   
20190913 20:35:08: Getting HA fits file(s) info, Please Wait...   
20190913 20:35:09: Getting HA fits file(s) info, Please Wait...   
20190913 20:35:10: Getting HA fits file(s) info, Please Wait...   
20190913 20:35:11: Getting HA fits file(s) info, Please Wait...   
20190913 20:35:12: Getting HA fits file(s) info, Please Wait...   
20190913 20:35:13: Getting HA fits file(s) info, Please Wait...   
20190913 20:35:14: Getting HA fits file(s) info, Please Wait...   
20190913 20:35:15: Getting HA fits file(s) info, Please Wait...   
20190913 20:35:17: Getting HA fits file(s) info, Please Wait...   
20190913 20:35:18: Getting HA fits file(s) info, Please Wait...   
20190913 20:35:19: Getting HA fits file(s) info, Please Wait...   
20190913 20:35:20: Getting HA fits file(s) info, Please Wait...   
20190913 20:35:21: Getting HA fits file(s) info, Please Wait...   
20190913 20:35:22: Getting HA fits file(s) info, Please Wait...   
20190913 20:35:23: Getting HA fits file(s) info, Please Wait...   
20190913 20:35:24: Getting HA fits file(s) info, Please Wait...   
20190913 20:35:25: Getting HA fits file(s) info, Please Wait...   
20190913 20:35:26: Getting HA fits file(s) info, Please Wait...   
20190913 20:35:27: Getting HA fits file(s) info, Please Wait...   
20190913 20:35:28: Getting HA fits file(s) info, Please Wait...   
20190913 20:35:29: Getting HA fits file(s) info, Please Wait...   
20190913 20:35:30: Getting HA fits file(s) info, Please Wait...   
20190913 20:35:31: Getting HA fits file(s) info, Please Wait...   
20190913 20:35:32: Getting HA fits file(s) info, Please Wait...   
20190913 20:35:33: Getting HA fits file(s) info, Please Wait...   
20190913 20:35:35: Getting HA fits file(s) info, Please Wait...   
20190913 20:35:36: Getting HA fits file(s) info, Please Wait...   
20190913 20:35:37: Getting HA fits file(s) info, Please Wait...   
20190913 20:35:38: Getting HA fits file(s) info, Please Wait...   
20190913 20:35:39: Getting HA fits file(s) info, Please Wait...   
20190913 20:35:40: Getting HA fits file(s) info, Please Wait...   
20190913 20:35:41: Getting HA fits file(s) info, Please Wait...   
20190913 20:35:42: Getting HA fits file(s) info, Please Wait...   
20190913 20:35:43: Getting HA fits file(s) info, Please Wait...   
20190913 20:35:44: Getting HA fits file(s) info, Please Wait...   
20190913 20:35:45: Getting HA fits file(s) info, Please Wait...   
20190913 20:35:46: Getting HA fits file(s) info, Please Wait...   
20190913 20:35:47: Getting HA fits file(s) info, Please Wait...   
20190913 20:35:48: Getting HA fits file(s) info, Please Wait...   
20190913 20:35:49: Getting HA fits file(s) info, Please Wait...   
20190913 20:35:51: Getting HA fits file(s) info, Please Wait...   
20190913 20:35:52: Getting HA fits file(s) info, Please Wait...   
20190913 20:35:53: Getting HA fits file(s) info, Please Wait...   
20190913 20:35:54: Getting HA fits file(s) info, Please Wait...   
20190913 20:35:55: Getting HA fits file(s) info, Please Wait...   
20190913 20:35:56: Getting HA fits file(s) info, Please Wait...   
20190913 20:35:57: Getting HA fits file(s) info, Please Wait...   
20190913 20:35:58: Getting HA fits file(s) info, Please Wait...   
20190913 20:35:59: Getting HA fits file(s) info, Please Wait...   
20190913 20:36:00: Getting HA fits file(s) info, Please Wait...   
20190913 20:36:01: Getting HA fits file(s) info, Please Wait...   
20190913 20:36:02: Getting HA fits file(s) info, Please Wait...   
20190913 20:36:03: Getting HA fits file(s) info, Please Wait...   
20190913 20:36:04: Getting HA fits file(s) info, Please Wait...   
20190913 20:36:05: Getting HA fits file(s) info, Please Wait...   
20190913 20:36:06: Getting HA fits file(s) info, Please Wait...   
20190913 20:36:08: Getting HA fits file(s) info, Please Wait...   
20190913 20:36:09: Getting HA fits file(s) info, Please Wait...   
20190913 20:36:10: Getting HA fits file(s) info, Please Wait...   
20190913 20:36:11: Getting HA fits file(s) info, Please Wait...   
20190913 20:36:12: Getting HA fits file(s) info, Please Wait...   
20190913 20:36:13: Getting HA fits file(s) info, Please Wait...   
20190913 20:36:14: Getting HA fits file(s) info, Please Wait...   
20190913 20:36:15: Getting HA fits file(s) info, Please Wait...   
20190913 20:36:16: Getting HA fits file(s) info, Please Wait...   
20190913 20:36:17: Getting HA fits file(s) info, Please Wait...   
20190913 20:36:18: Getting HA fits file(s) info, Please Wait...   
20190913 20:36:19: Getting HA fits file(s) info, Please Wait...   
20190913 20:36:20: Getting HA fits file(s) info, Please Wait...   
20190913 20:36:21: Getting HA fits file(s) info, Please Wait...   
20190913 20:36:22: Getting HA fits file(s) info, Please Wait...   
20190913 20:36:23: Getting HA fits file(s) info, Please Wait...   
20190913 20:36:25: Getting HA fits file(s) info, Please Wait...   
20190913 20:36:26: Getting HA fits file(s) info, Please Wait...   
20190913 20:36:27: Getting HA fits file(s) info, Please Wait...   
20190913 20:36:28: Getting HA fits file(s) info, Please Wait...   
20190913 20:36:29: Getting HA fits file(s) info, Please Wait...   
20190913 20:36:30: Getting HA fits file(s) info, Please Wait...   
20190913 20:36:31: Getting HA fits file(s) info, Please Wait...   
20190913 20:36:32: Getting HA fits file(s) info, Please Wait...   
20190913 20:36:33: Getting HA fits file(s) info, Please Wait...   
20190913 20:36:34: Getting HA fits file(s) info, Please Wait...   
20190913 20:36:35: Getting HA fits file(s) info, Please Wait...   
20190913 20:36:36: Getting HA fits file(s) info, Please Wait...   
20190913 20:36:37: Getting HA fits file(s) info, Please Wait...   
20190913 20:36:38: Getting HA fits file(s) info, Please Wait...   
20190913 20:36:40: Getting HA fits file(s) info, Please Wait...   
20190913 20:36:41: Getting HA fits file(s) info, Please Wait...   
20190913 20:36:42: Getting HA fits file(s) info, Please Wait...   
20190913 20:36:43: Getting HA fits file(s) info, Please Wait...   
20190913 20:36:44: Getting HA fits file(s) info, Please Wait...   
20190913 20:36:45: Getting HA fits file(s) info, Please Wait...   
20190913 20:36:46: Getting HA fits file(s) info, Please Wait...   
20190913 20:36:47: Getting HA fits file(s) info, Please Wait...   
20190913 20:36:48: Getting HA fits file(s) info, Please Wait...   
20190913 20:36:49: Getting HA fits file(s) info, Please Wait...   
20190913 20:36:50: Getting HA fits file(s) info, Please Wait...   
20190913 20:36:51: Getting HA fits file(s) info, Please Wait...   
20190913 20:36:52: Getting HA fits file(s) info, Please Wait...   
20190913 20:36:53: Getting HA fits file(s) info, Please Wait...   
20190913 20:36:54: Getting HA fits file(s) info, Please Wait...   
20190913 20:36:56: Getting HA fits file(s) info, Please Wait...   
20190913 20:36:57: Getting HA fits file(s) info, Please Wait...   
20190913 20:36:58: Getting HA fits file(s) info, Please Wait...   
20190913 20:36:59: Getting HA fits file(s) info, Please Wait...   
20190913 20:37:00: Getting HA fits file(s) info, Please Wait...   
20190913 20:37:01: Getting HA fits file(s) info, Please Wait...   
20190913 20:37:02: Getting HA fits file(s) info, Please Wait...   
20190913 20:37:03: Getting HA fits file(s) info, Please Wait...   
20190913 20:37:04: Getting HA fits file(s) info, Please Wait...   
20190913 20:37:05: Getting HA fits file(s) info, Please Wait...   
20190913 20:37:06: Getting HA fits file(s) info, Please Wait...   
20190913 20:37:07: Getting HA fits file(s) info, Please Wait...   
20190913 20:37:08: Getting HA fits file(s) info, Please Wait...   
20190913 20:37:09: Getting HA fits file(s) info, Please Wait...   
20190913 20:37:10: Getting HA fits file(s) info, Please Wait...   
20190913 20:37:11: Getting HA fits file(s) info, Please Wait...   
20190913 20:37:13: Getting HA fits file(s) info, Please Wait...   
20190913 20:37:14: Getting HA fits file(s) info, Please Wait...   
20190913 20:37:15: Getting HA fits file(s) info, Please Wait...   
20190913 20:37:16: Getting HA fits file(s) info, Please Wait...   
20190913 20:37:17: Getting HA fits file(s) info, Please Wait...   
20190913 20:37:18: Getting HA fits file(s) info, Please Wait...   
20190913 20:37:19: Getting HA fits file(s) info, Please Wait...   
20190913 20:37:20: Getting HA fits file(s) info, Please Wait...   
20190913 20:37:21: Getting HA fits file(s) info, Please Wait...   
20190913 20:37:22: Getting HA fits file(s) info, Please Wait...   
20190913 20:37:23: Getting HA fits file(s) info, Please Wait...   
20190913 20:37:24: Getting HA fits file(s) info, Please Wait...   
20190913 20:37:25: Getting HA fits file(s) info, Please Wait...   
20190913 20:37:26: Getting HA fits file(s) info, Please Wait...   
20190913 20:37:27: Getting HA fits file(s) info, Please Wait...   
20190913 20:37:29: Getting HA fits file(s) info, Please Wait...   
20190913 20:37:30: Getting HA fits file(s) info, Please Wait...   
20190913 20:37:31: Getting HA fits file(s) info, Please Wait...   
20190913 20:37:32: Getting HA fits file(s) info, Please Wait...   
20190913 20:37:33: Getting HA fits file(s) info, Please Wait...   
20190913 20:37:34: Getting HA fits file(s) info, Please Wait...   
20190913 20:37:35: Getting HA fits file(s) info, Please Wait...   
20190913 20:37:36: Getting HA fits file(s) info, Please Wait...   
20190913 20:37:37: Getting HA fits file(s) info, Please Wait...   
20190913 20:37:38: Getting HA fits file(s) info, Please Wait...   
20190913 20:37:39: Getting HA fits file(s) info, Please Wait...   
20190913 20:37:40: Getting HA fits file(s) info, Please Wait...   
20190913 20:37:41: Getting HA fits file(s) info, Please Wait...   
20190913 20:37:42: Getting HA fits file(s) info, Please Wait...   
20190913 20:37:44: Getting HA fits file(s) info, Please Wait...   
20190913 20:37:45: Getting HA fits file(s) info, Please Wait...   
20190913 20:37:46: Getting HA fits file(s) info, Please Wait...   
20190913 20:37:47: Getting HA fits file(s) info, Please Wait...   
20190913 20:37:48: Getting HA fits file(s) info, Please Wait...   
20190913 20:37:49: Getting HA fits file(s) info, Please Wait...   
20190913 20:37:50: Getting HA fits file(s) info, Please Wait...   
20190913 20:37:51: Getting HA fits file(s) info, Please Wait...   
20190913 20:37:52: Getting HA fits file(s) info, Please Wait...   
20190913 20:37:53: Getting HA fits file(s) info, Please Wait...   
20190913 20:37:54: Getting HA fits file(s) info, Please Wait...   
20190913 20:37:55: Getting HA fits file(s) info, Please Wait...   
20190913 20:37:56: Getting HA fits file(s) info, Please Wait...   
20190913 20:37:57: Getting HA fits file(s) info, Please Wait...   
20190913 20:37:58: Getting HA fits file(s) info, Please Wait...   
20190913 20:37:59: Getting HA fits file(s) info, Please Wait...   
20190913 20:38:00: Getting HA fits file(s) info, Please Wait...   
20190913 20:38:02: Getting HA fits file(s) info, Please Wait...   
20190913 20:38:03: Getting HA fits file(s) info, Please Wait...   
20190913 20:38:04: Getting HA fits file(s) info, Please Wait...   
20190913 20:38:05: Getting HA fits file(s) info, Please Wait...   
20190913 20:38:06: Getting HA fits file(s) info, Please Wait...   
20190913 20:38:07: Getting HA fits file(s) info, Please Wait...   
20190913 20:38:08: Getting HA fits file(s) info, Please Wait...   
20190913 20:38:09: Getting HA fits file(s) info, Please Wait...   
20190913 20:38:10: Getting HA fits file(s) info, Please Wait...   
20190913 20:38:11: Getting HA fits file(s) info, Please Wait...   
20190913 20:38:12: Getting HA fits file(s) info, Please Wait...   
20190913 20:38:13: Getting HA fits file(s) info, Please Wait...   
20190913 20:38:14: Getting HA fits file(s) info, Please Wait...   
20190913 20:38:15: Getting HA fits file(s) info, Please Wait...   
20190913 20:38:16: Getting HA fits file(s) info, Please Wait...   
20190913 20:38:18: Getting HA fits file(s) info, Please Wait...   
20190913 20:38:19: Getting HA fits file(s) info, Please Wait...   
20190913 20:38:20: Getting HA fits file(s) info, Please Wait...   
20190913 20:38:21: Getting HA fits file(s) info, Please Wait...   
20190913 20:38:22: Getting HA fits file(s) info, Please Wait...   
20190913 20:38:23: Getting HA fits file(s) info, Please Wait...   
20190913 20:38:24: Getting HA fits file(s) info, Please Wait...   
20190913 20:38:25: Getting HA fits file(s) info, Please Wait...   
20190913 20:38:26: Getting HA fits file(s) info, Please Wait...   
20190913 20:38:27: Getting HA fits file(s) info, Please Wait...   
20190913 20:38:28: Getting HA fits file(s) info, Please Wait...   
20190913 20:38:29: Getting HA fits file(s) info, Please Wait...   
20190913 20:38:30: Getting HA fits file(s) info, Please Wait...   
20190913 20:38:31: Getting HA fits file(s) info, Please Wait...   
20190913 20:38:32: Getting HA fits file(s) info, Please Wait...   
20190913 20:38:33: Getting HA fits file(s) info, Please Wait...   
20190913 20:38:34: Getting HA fits file(s) info, Please Wait...   
20190913 20:38:36: Getting HA fits file(s) info, Please Wait...   
20190913 20:38:37: Getting HA fits file(s) info, Please Wait...   
20190913 20:38:38: Getting HA fits file(s) info, Please Wait...   
20190913 20:38:39: Getting HA fits file(s) info, Please Wait...   
20190913 20:38:40: Getting HA fits file(s) info, Please Wait...   
20190913 20:38:41: Getting HA fits file(s) info, Please Wait...   
20190913 20:38:42: Getting HA fits file(s) info, Please Wait...   
20190913 20:38:43: Getting HA fits file(s) info, Please Wait...   
20190913 20:38:44: Getting HA fits file(s) info, Please Wait...   
20190913 20:38:45: Getting HA fits file(s) info, Please Wait...   
20190913 20:38:46: Getting HA fits file(s) info, Please Wait...   
20190913 20:38:47: Getting HA fits file(s) info, Please Wait...   
20190913 20:38:48: Getting HA fits file(s) info, Please Wait...   
20190913 20:38:49: Getting HA fits file(s) info, Please Wait...   
20190913 20:38:50: Getting HA fits file(s) info, Please Wait...   
20190913 20:38:51: Getting HA fits file(s) info, Please Wait...   
20190913 20:38:52: Getting HA fits file(s) info, Please Wait...   
20190913 20:38:54: Getting HA fits file(s) info, Please Wait...   
20190913 20:38:55: Getting HA fits file(s) info, Please Wait...   
20190913 20:38:56: Getting HA fits file(s) info, Please Wait...   
20190913 20:38:57: Getting HA fits file(s) info, Please Wait...   
20190913 20:38:58: Getting HA fits file(s) info, Please Wait...   
20190913 20:38:59: Getting HA fits file(s) info, Please Wait...   
20190913 20:39:00: Getting HA fits file(s) info, Please Wait...   
20190913 20:39:01: Getting HA fits file(s) info, Please Wait...   
20190913 20:39:02: Getting HA fits file(s) info, Please Wait...   
20190913 20:39:03: Getting HA fits file(s) info, Please Wait...   
20190913 20:39:04: Getting HA fits file(s) info, Please Wait...   
20190913 20:39:05: Getting HA fits file(s) info, Please Wait...   
20190913 20:39:06: Getting HA fits file(s) info, Please Wait...   
20190913 20:39:07: Getting HA fits file(s) info, Please Wait...   
20190913 20:39:08: Getting HA fits file(s) info, Please Wait...   
20190913 20:39:09: Getting HA fits file(s) info, Please Wait...   
20190913 20:39:10: Getting HA fits file(s) info, Please Wait...   
20190913 20:39:12: Getting HA fits file(s) info, Please Wait...   
20190913 20:39:13: Getting HA fits file(s) info, Please Wait...   
20190913 20:39:14: Getting HA fits file(s) info, Please Wait...   
20190913 20:39:15: Getting HA fits file(s) info, Please Wait...   
20190913 20:39:16: Getting HA fits file(s) info, Please Wait...   
20190913 20:39:17: Getting HA fits file(s) info, Please Wait...   
20190913 20:39:18: Getting HA fits file(s) info, Please Wait...   
20190913 20:39:19: Getting HA fits file(s) info, Please Wait...   
20190913 20:39:20: Getting HA fits file(s) info, Please Wait...   
20190913 20:39:21: Getting HA fits file(s) info, Please Wait...   
20190913 20:39:22: Getting HA fits file(s) info, Please Wait...   
20190913 20:39:23: Getting HA fits file(s) info, Please Wait...   
20190913 20:39:24: Getting HA fits file(s) info, Please Wait...   
20190913 20:39:25: Getting HA fits file(s) info, Please Wait...   
20190913 20:39:26: Getting HA fits file(s) info, Please Wait...   
20190913 20:39:27: Getting HA fits file(s) info, Please Wait...   
20190913 20:39:29: Getting HA fits file(s) info, Please Wait...   
20190913 20:39:30: Getting HA fits file(s) info, Please Wait...   
20190913 20:39:31: Getting HA fits file(s) info, Please Wait...   
20190913 20:39:32: Getting HA fits file(s) info, Please Wait...   
20190913 20:39:33: Getting HA fits file(s) info, Please Wait...   
20190913 20:39:34: Getting HA fits file(s) info, Please Wait...   
20190913 20:39:35: Getting HA fits file(s) info, Please Wait...   
20190913 20:39:36: Getting HA fits file(s) info, Please Wait...   
20190913 20:39:37: Getting HA fits file(s) info, Please Wait...   
20190913 20:39:38: Getting HA fits file(s) info, Please Wait...   
20190913 20:39:39: Getting HA fits file(s) info, Please Wait...   
20190913 20:39:40: Getting HA fits file(s) info, Please Wait...   
20190913 20:39:41: Getting HA fits file(s) info, Please Wait...   
20190913 20:39:42: Getting HA fits file(s) info, Please Wait...   
20190913 20:39:43: Getting HA fits file(s) info, Please Wait...   
20190913 20:39:44: Getting HA fits file(s) info, Please Wait...   
20190913 20:39:45: Getting HA fits file(s) info, Please Wait...   
20190913 20:39:46: Getting HA fits file(s) info, Please Wait...   
20190913 20:39:48: Getting HA fits file(s) info, Please Wait...   
20190913 20:39:49: Getting HA fits file(s) info, Please Wait...   
20190913 20:39:50: Getting HA fits file(s) info, Please Wait...   
20190913 20:39:51: Getting HA fits file(s) info, Please Wait...   
20190913 20:39:52: Getting HA fits file(s) info, Please Wait...   
20190913 20:39:53: Getting HA fits file(s) info, Please Wait...   
20190913 20:39:54: Getting HA fits file(s) info, Please Wait...   
20190913 20:39:55: Getting HA fits file(s) info, Please Wait...   
20190913 20:39:56: Getting HA fits file(s) info, Please Wait...   
20190913 20:39:57: Getting HA fits file(s) info, Please Wait...   
20190913 20:39:58: Getting HA fits file(s) info, Please Wait...   
20190913 20:39:59: Getting HA fits file(s) info, Please Wait...   
20190913 20:40:00: Getting HA fits file(s) info, Please Wait...   
20190913 20:40:01: Getting HA fits file(s) info, Please Wait...   
20190913 20:40:02: Getting HA fits file(s) info, Please Wait...   
20190913 20:40:03: Getting HA fits file(s) info, Please Wait...   
20190913 20:40:05: Getting HA fits file(s) info, Please Wait...   
20190913 20:40:06: Getting HA fits file(s) info, Please Wait...   
20190913 20:40:07: Getting HA fits file(s) info, Please Wait...   
20190913 20:40:08: Getting HA fits file(s) info, Please Wait...   
20190913 20:40:09: Getting HA fits file(s) info, Please Wait...   
20190913 20:40:10: Getting HA fits file(s) info, Please Wait...   
20190913 20:40:11: Getting HA fits file(s) info, Please Wait...   
20190913 20:40:12: Getting HA fits file(s) info, Please Wait...   
20190913 20:40:13: Getting HA fits file(s) info, Please Wait...   
20190913 20:40:14: Getting HA fits file(s) info, Please Wait...   
20190913 20:40:15: Getting HA fits file(s) info, Please Wait...   
20190913 20:40:16: Getting HA fits file(s) info, Please Wait...   
20190913 20:40:17: Getting HA fits file(s) info, Please Wait...   
20190913 20:40:18: Getting HA fits file(s) info, Please Wait...   
20190913 20:40:19: Getting HA fits file(s) info, Please Wait...   
20190913 20:40:20: Getting HA fits file(s) info, Please Wait...   
20190913 20:40:21: Getting HA fits file(s) info, Please Wait...   
20190913 20:40:22: Getting HA fits file(s) info, Please Wait...   
20190913 20:40:24: Getting HA fits file(s) info, Please Wait...   
20190913 20:40:25: Getting HA fits file(s) info, Please Wait...   
20190913 20:40:26: Getting HA fits file(s) info, Please Wait...   
20190913 20:40:27: Getting HA fits file(s) info, Please Wait...   
20190913 20:40:28: Getting HA fits file(s) info, Please Wait...   
20190913 20:40:29: Getting HA fits file(s) info, Please Wait...   
20190913 20:40:30: Getting HA fits file(s) info, Please Wait...   
20190913 20:40:31: Getting HA fits file(s) info, Please Wait...   
20190913 20:40:32: Getting HA fits file(s) info, Please Wait...   
20190913 20:40:33: Getting HA fits file(s) info, Please Wait...   
20190913 20:40:34: Getting HA fits file(s) info, Please Wait...   
20190913 20:40:35: Getting HA fits file(s) info, Please Wait...   
20190913 20:40:36: Getting HA fits file(s) info, Please Wait...   
20190913 20:40:37: Getting HA fits file(s) info, Please Wait...   
20190913 20:40:38: Getting HA fits file(s) info, Please Wait...   
20190913 20:40:39: Getting HA fits file(s) info, Please Wait...   
20190913 20:40:40: Getting HA fits file(s) info, Please Wait...   
20190913 20:40:41: Getting HA fits file(s) info, Please Wait...   
20190913 20:40:43: Getting HA fits file(s) info, Please Wait...   
20190913 20:40:44: Getting HA fits file(s) info, Please Wait...   
20190913 20:40:45: Getting HA fits file(s) info, Please Wait...   
20190913 20:40:46: Getting HA fits file(s) info, Please Wait...   
20190913 20:40:47: Getting HA fits file(s) info, Please Wait...   
20190913 20:40:48: Getting HA fits file(s) info, Please Wait...   
20190913 20:40:49: Getting HA fits file(s) info, Please Wait...   
20190913 20:40:50: Getting HA fits file(s) info, Please Wait...   
20190913 20:40:51: Getting HA fits file(s) info, Please Wait...   
20190913 20:40:52: Getting HA fits file(s) info, Please Wait...   
20190913 20:40:53: Getting HA fits file(s) info, Please Wait...   
20190913 20:40:54: Getting HA fits file(s) info, Please Wait...   
20190913 20:40:55: Getting HA fits file(s) info, Please Wait...   
20190913 20:40:56: Getting HA fits file(s) info, Please Wait...   
20190913 20:40:57: Getting HA fits file(s) info, Please Wait...   
20190913 20:40:58: Getting HA fits file(s) info, Please Wait...   
20190913 20:40:59: Getting HA fits file(s) info, Please Wait...   
20190913 20:41:01: Getting HA fits file(s) info, Please Wait...   
20190913 20:41:02: Getting HA fits file(s) info, Please Wait...   
20190913 20:41:03: Getting HA fits file(s) info, Please Wait...   
20190913 20:41:04: Getting HA fits file(s) info, Please Wait...   
20190913 20:41:05: Getting HA fits file(s) info, Please Wait...   
20190913 20:41:06: Getting HA fits file(s) info, Please Wait...   
20190913 20:41:07: Getting HA fits file(s) info, Please Wait...   
20190913 20:41:08: Getting HA fits file(s) info, Please Wait...   
20190913 20:41:09: Getting HA fits file(s) info, Please Wait...   
20190913 20:41:10: Getting HA fits file(s) info, Please Wait...   
20190913 20:41:11: Getting HA fits file(s) info, Please Wait...   
20190913 20:41:12: Getting HA fits file(s) info, Please Wait...   
20190913 20:41:13: Getting HA fits file(s) info, Please Wait...   
20190913 20:41:14: Getting HA fits file(s) info, Please Wait...   
20190913 20:41:15: Getting HA fits file(s) info, Please Wait...   
20190913 20:41:16: Getting HA fits file(s) info, Please Wait...   
20190913 20:41:18: Getting HA fits file(s) info, Please Wait...   
20190913 20:41:19: Getting HA fits file(s) info, Please Wait...   
20190913 20:41:20: Getting HA fits file(s) info, Please Wait...   
20190913 20:41:21: Getting HA fits file(s) info, Please Wait...   
20190913 20:41:22: Getting HA fits file(s) info, Please Wait...   
20190913 20:41:23: Getting HA fits file(s) info, Please Wait...   
20190913 20:41:24: Getting HA fits file(s) info, Please Wait...   
20190913 20:41:25: Getting HA fits file(s) info, Please Wait...   
20190913 20:41:26: Getting HA fits file(s) info, Please Wait...   
20190913 20:41:27: Getting HA fits file(s) info, Please Wait...   
20190913 20:41:28: Getting HA fits file(s) info, Please Wait...   
20190913 20:41:29: Getting HA fits file(s) info, Please Wait...   
20190913 20:41:30: Getting HA fits file(s) info, Please Wait...   
20190913 20:41:31: Getting HA fits file(s) info, Please Wait...   
20190913 20:41:32: Getting HA fits file(s) info, Please Wait...   
20190913 20:41:33: Getting HA fits file(s) info, Please Wait...   
20190913 20:41:34: Getting HA fits file(s) info, Please Wait...   
20190913 20:41:36: Getting HA fits file(s) info, Please Wait...   
20190913 20:41:37: Getting HA fits file(s) info, Please Wait...   
20190913 20:41:38: Getting HA fits file(s) info, Please Wait...   
20190913 20:41:39: Getting HA fits file(s) info, Please Wait...   
20190913 20:41:40: Getting HA fits file(s) info, Please Wait...   
20190913 20:41:41: Getting HA fits file(s) info, Please Wait...   
20190913 20:41:42: Getting HA fits file(s) info, Please Wait...   
20190913 20:41:43: Getting HA fits file(s) info, Please Wait...   
20190913 20:41:44: Getting HA fits file(s) info, Please Wait...   
20190913 20:41:45: Getting HA fits file(s) info, Please Wait...   
20190913 20:41:46: Getting HA fits file(s) info, Please Wait...   
20190913 20:41:47: Getting HA fits file(s) info, Please Wait...   
20190913 20:41:48: Getting HA fits file(s) info, Please Wait...   
20190913 20:41:49: Getting HA fits file(s) info, Please Wait...   
20190913 20:41:50: Getting HA fits file(s) info, Please Wait...   
20190913 20:41:52: Getting HA fits file(s) info, Please Wait...   
20190913 20:41:53: Getting HA fits file(s) info, Please Wait...   
20190913 20:41:54: Getting HA fits file(s) info, Please Wait...   
20190913 20:41:55: Getting HA fits file(s) info, Please Wait...   
20190913 20:41:56: Getting HA fits file(s) info, Please Wait...   
20190913 20:41:57: Getting HA fits file(s) info, Please Wait...   
20190913 20:41:58: Getting HA fits file(s) info, Please Wait...   
20190913 20:41:59: Getting HA fits file(s) info, Please Wait...   
20190913 20:42:00: Getting HA fits file(s) info, Please Wait...   
20190913 20:42:01: Getting HA fits file(s) info, Please Wait...   
20190913 20:42:02: Getting HA fits file(s) info, Please Wait...   
20190913 20:42:03: Getting HA fits file(s) info, Please Wait...   
20190913 20:42:04: Getting HA fits file(s) info, Please Wait...   
20190913 20:42:05: Getting HA fits file(s) info, Please Wait...   
20190913 20:42:06: Getting HA fits file(s) info, Please Wait...   
20190913 20:42:07: Getting HA fits file(s) info, Please Wait...   
20190913 20:42:08: Getting HA fits file(s) info, Please Wait...   
20190913 20:42:09: Getting HA fits file(s) info, Please Wait...   
20190913 20:42:11: Getting HA fits file(s) info, Please Wait...   
20190913 20:42:12: Getting HA fits file(s) info, Please Wait...   
20190913 20:42:13: Getting HA fits file(s) info, Please Wait...   
20190913 20:42:14: Getting HA fits file(s) info, Please Wait...   
20190913 20:42:15: Getting HA fits file(s) info, Please Wait...   
20190913 20:42:16: Getting HA fits file(s) info, Please Wait...   
20190913 20:42:17: Getting HA fits file(s) info, Please Wait...   
20190913 20:42:18: Getting HA fits file(s) info, Please Wait...   
20190913 20:42:19: Getting HA fits file(s) info, Please Wait...   
20190913 20:42:20: Getting HA fits file(s) info, Please Wait...   
20190913 20:42:21: Getting HA fits file(s) info, Please Wait...   
20190913 20:42:22: Getting HA fits file(s) info, Please Wait...   
20190913 20:42:23: Getting HA fits file(s) info, Please Wait...   
20190913 20:42:24: Getting HA fits file(s) info, Please Wait...   
20190913 20:42:25: Getting HA fits file(s) info, Please Wait...   
20190913 20:42:26: Getting HA fits file(s) info, Please Wait...   
20190913 20:42:27: Getting HA fits file(s) info, Please Wait...   
20190913 20:42:28: Getting HA fits file(s) info, Please Wait...   
20190913 20:42:30: Getting HA fits file(s) info, Please Wait...   
20190913 20:42:31: Getting HA fits file(s) info, Please Wait...   
20190913 20:42:32: Getting HA fits file(s) info, Please Wait...   
20190913 20:42:33: Getting HA fits file(s) info, Please Wait...   
20190913 20:42:34: Getting HA fits file(s) info, Please Wait...   
20190913 20:42:35: Getting HA fits file(s) info, Please Wait...   
20190913 20:42:36: Getting HA fits file(s) info, Please Wait...   
20190913 20:42:37: Getting HA fits file(s) info, Please Wait...   
20190913 20:42:38: Getting HA fits file(s) info, Please Wait...   
20190913 20:42:39: Getting HA fits file(s) info, Please Wait...   
20190913 20:42:40: Getting HA fits file(s) info, Please Wait...   
20190913 20:42:41: Getting HA fits file(s) info, Please Wait...   
20190913 20:42:42: Getting HA fits file(s) info, Please Wait...   
20190913 20:42:43: Getting HA fits file(s) info, Please Wait...   
20190913 20:42:44: Getting HA fits file(s) info, Please Wait...   
20190913 20:42:45: Getting HA fits file(s) info, Please Wait...   
20190913 20:42:46: Getting HA fits file(s) info, Please Wait...   
20190913 20:42:48: Getting HA fits file(s) info, Please Wait...   
20190913 20:42:49: Getting HA fits file(s) info, Please Wait...   
20190913 20:42:50: Getting HA fits file(s) info, Please Wait...   
20190913 20:42:51: Getting HA fits file(s) info, Please Wait...   
20190913 20:42:52: Getting HA fits file(s) info, Please Wait...   
20190913 20:42:53: Getting HA fits file(s) info, Please Wait...   
20190913 20:42:54: Getting HA fits file(s) info, Please Wait...   
20190913 20:42:55: Getting HA fits file(s) info, Please Wait...   
20190913 20:42:56: Getting HA fits file(s) info, Please Wait...   
20190913 20:42:57: Getting HA fits file(s) info, Please Wait...   
20190913 20:42:58: Getting HA fits file(s) info, Please Wait...   
20190913 20:42:59: Getting HA fits file(s) info, Please Wait...   
20190913 20:43:00: Getting HA fits file(s) info, Please Wait...   
20190913 20:43:01: Getting HA fits file(s) info, Please Wait...   
20190913 20:43:02: Getting HA fits file(s) info, Please Wait...   
20190913 20:43:03: Getting HA fits file(s) info, Please Wait...   
20190913 20:43:04: Getting HA fits file(s) info, Please Wait...   
20190913 20:43:05: Getting HA fits file(s) info, Please Wait...   
20190913 20:43:07: Getting HA fits file(s) info, Please Wait...   
20190913 20:43:08: Getting HA fits file(s) info, Please Wait...   
20190913 20:43:09: Getting HA fits file(s) info, Please Wait...   
20190913 20:43:10: Getting HA fits file(s) info, Please Wait...   
20190913 20:43:11: Getting HA fits file(s) info, Please Wait...   
20190913 20:43:12: Getting HA fits file(s) info, Please Wait...   
20190913 20:43:13: Getting HA fits file(s) info, Please Wait...   
20190913 20:43:14: Getting HA fits file(s) info, Please Wait...   
20190913 20:43:15: Getting HA fits file(s) info, Please Wait...   
20190913 20:43:16: Getting HA fits file(s) info, Please Wait...   
20190913 20:43:17: Getting HA fits file(s) info, Please Wait...   
20190913 20:43:18: Getting HA fits file(s) info, Please Wait...   
20190913 20:43:19: Getting HA fits file(s) info, Please Wait...   
20190913 20:43:20: Getting HA fits file(s) info, Please Wait...   
20190913 20:43:21: Getting HA fits file(s) info, Please Wait...   
20190913 20:43:22: Getting HA fits file(s) info, Please Wait...   
20190913 20:43:23: Getting HA fits file(s) info, Please Wait...   
20190913 20:43:24: Getting HA fits file(s) info, Please Wait...   
20190913 20:43:26: Getting HA fits file(s) info, Please Wait...   
20190913 20:43:27: Getting HA fits file(s) info, Please Wait...   
20190913 20:43:28: Getting HA fits file(s) info, Please Wait...   
20190913 20:43:29: Getting HA fits file(s) info, Please Wait...   
20190913 20:43:30: Getting HA fits file(s) info, Please Wait...   
20190913 20:43:31: Getting HA fits file(s) info, Please Wait...   
20190913 20:43:32: Getting HA fits file(s) info, Please Wait...   
20190913 20:43:33: Getting HA fits file(s) info, Please Wait...   
20190913 20:43:34: Getting HA fits file(s) info, Please Wait...   
20190913 20:43:35: Getting HA fits file(s) info, Please Wait...   
20190913 20:43:36: Getting HA fits file(s) info, Please Wait...   
20190913 20:43:37: Getting HA fits file(s) info, Please Wait...   
20190913 20:43:38: Getting HA fits file(s) info, Please Wait...   
20190913 20:43:39: Getting HA fits file(s) info, Please Wait...   
20190913 20:43:40: Getting HA fits file(s) info, Please Wait...   
20190913 20:43:41: Getting HA fits file(s) info, Please Wait...   
20190913 20:43:42: Getting HA fits file(s) info, Please Wait...   
20190913 20:43:44: Getting HA fits file(s) info, Please Wait...   
20190913 20:43:45: Getting HA fits file(s) info, Please Wait...   
20190913 20:43:46: Getting HA fits file(s) info, Please Wait...   
20190913 20:43:47: Getting HA fits file(s) info, Please Wait...   
20190913 20:43:48: Getting HA fits file(s) info, Please Wait...   
20190913 20:43:49: Getting HA fits file(s) info, Please Wait...   
20190913 20:43:50: Getting HA fits file(s) info, Please Wait...   
20190913 20:43:51: Getting HA fits file(s) info, Please Wait...   
20190913 20:43:52: Getting HA fits file(s) info, Please Wait...   
20190913 20:43:53: Getting HA fits file(s) info, Please Wait...   
20190913 20:43:54: Getting HA fits file(s) info, Please Wait...   
20190913 20:43:55: Getting HA fits file(s) info, Please Wait...   
20190913 20:43:56: Getting HA fits file(s) info, Please Wait...   
20190913 20:43:57: Getting HA fits file(s) info, Please Wait...   
20190913 20:43:58: Getting HA fits file(s) info, Please Wait...   
20190913 20:43:59: Getting HA fits file(s) info, Please Wait...   
20190913 20:44:00: Getting HA fits file(s) info, Please Wait...   
20190913 20:44:01: Getting HA fits file(s) info, Please Wait...   
20190913 20:44:03: Getting HA fits file(s) info, Please Wait...   
20190913 20:44:04: Getting HA fits file(s) info, Please Wait...   
20190913 20:44:05: Getting HA fits file(s) info, Please Wait...   
20190913 20:44:06: Getting HA fits file(s) info, Please Wait...   
20190913 20:44:07: Getting HA fits file(s) info, Please Wait...   
20190913 20:44:08: Getting HA fits file(s) info, Please Wait...   
20190913 20:44:09: Getting HA fits file(s) info, Please Wait...   
20190913 20:44:10: Getting HA fits file(s) info, Please Wait...   
20190913 20:44:11: Getting HA fits file(s) info, Please Wait...   
20190913 20:44:12: Getting HA fits file(s) info, Please Wait...   
20190913 20:44:13: Getting HA fits file(s) info, Please Wait...   
20190913 20:44:14: Getting HA fits file(s) info, Please Wait...   
20190913 20:44:15: Getting HA fits file(s) info, Please Wait...   
20190913 20:44:16: Getting HA fits file(s) info, Please Wait...   
20190913 20:44:17: Getting HA fits file(s) info, Please Wait...   
20190913 20:44:18: Getting HA fits file(s) info, Please Wait...   
20190913 20:44:19: Getting HA fits file(s) info, Please Wait...   
20190913 20:44:20: Getting HA fits file(s) info, Please Wait...   
20190913 20:44:22: Getting HA fits file(s) info, Please Wait...   
20190913 20:44:23: Getting HA fits file(s) info, Please Wait...   
20190913 20:44:24: Getting HA fits file(s) info, Please Wait...   
20190913 20:44:25: Getting HA fits file(s) info, Please Wait...   
20190913 20:44:26: Getting HA fits file(s) info, Please Wait...   
20190913 20:44:27: Getting HA fits file(s) info, Please Wait...   
20190913 20:44:28: Getting HA fits file(s) info, Please Wait...   
20190913 20:44:29: Getting HA fits file(s) info, Please Wait...   
20190913 20:44:30: Getting HA fits file(s) info, Please Wait...   
20190913 20:44:31: Getting HA fits file(s) info, Please Wait...   
20190913 20:44:32: Getting HA fits file(s) info, Please Wait...   
20190913 20:44:33: Getting HA fits file(s) info, Please Wait...   
20190913 20:44:34: Getting HA fits file(s) info, Please Wait...   
20190913 20:44:35: Getting HA fits file(s) info, Please Wait...   
20190913 20:44:36: Getting HA fits file(s) info, Please Wait...   
20190913 20:44:37: Getting HA fits file(s) info, Please Wait...   
20190913 20:44:38: Getting HA fits file(s) info, Please Wait...   
20190913 20:44:39: Getting HA fits file(s) info, Please Wait...   
20190913 20:44:41: Getting HA fits file(s) info, Please Wait...   
20190913 20:44:42: Getting HA fits file(s) info, Please Wait...   
20190913 20:44:43: Getting HA fits file(s) info, Please Wait...   
20190913 20:44:44: Getting HA fits file(s) info, Please Wait...   
20190913 20:44:45: Getting HA fits file(s) info, Please Wait...   
20190913 20:44:46: Getting HA fits file(s) info, Please Wait...   
20190913 20:44:47: Getting HA fits file(s) info, Please Wait...   
20190913 20:44:48: Getting HA fits file(s) info, Please Wait...   
20190913 20:44:49: Getting HA fits file(s) info, Please Wait...   
20190913 20:44:50: Getting HA fits file(s) info, Please Wait...   
20190913 20:44:51: Getting HA fits file(s) info, Please Wait...   
20190913 20:44:52: Getting HA fits file(s) info, Please Wait...   
20190913 20:44:53: Getting HA fits file(s) info, Please Wait...   
20190913 20:44:54: Getting HA fits file(s) info, Please Wait...   
20190913 20:44:55: Getting HA fits file(s) info, Please Wait...   
20190913 20:44:56: Getting HA fits file(s) info, Please Wait...   
20190913 20:44:57: Getting HA fits file(s) info, Please Wait...   
20190913 20:44:59: Getting HA fits file(s) info, Please Wait...   
20190913 20:45:00: Getting HA fits file(s) info, Please Wait...   
20190913 20:45:01: Getting HA fits file(s) info, Please Wait...   
20190913 20:45:02: Getting HA fits file(s) info, Please Wait...   
20190913 20:45:03: Getting HA fits file(s) info, Please Wait...   
20190913 20:45:04: Getting HA fits file(s) info, Please Wait...   
20190913 20:45:05: Getting HA fits file(s) info, Please Wait...   
20190913 20:45:06: Getting HA fits file(s) info, Please Wait...   
20190913 20:45:07: Getting HA fits file(s) info, Please Wait...   
20190913 20:45:08: Getting HA fits file(s) info, Please Wait...   
20190913 20:45:09: Getting HA fits file(s) info, Please Wait...   
20190913 20:45:10: Getting HA fits file(s) info, Please Wait...   
20190913 20:45:11: Getting HA fits file(s) info, Please Wait...   
20190913 20:45:12: Getting HA fits file(s) info, Please Wait...   
20190913 20:45:13: Getting HA fits file(s) info, Please Wait...   
20190913 20:45:14: Getting HA fits file(s) info, Please Wait...   
20190913 20:45:15: Getting HA fits file(s) info, Please Wait...   
20190913 20:45:16: Getting HA fits file(s) info, Please Wait...   
20190913 20:45:18: Getting HA fits file(s) info, Please Wait...   
20190913 20:45:19: Getting HA fits file(s) info, Please Wait...   
20190913 20:45:20: Getting HA fits file(s) info, Please Wait...   
20190913 20:45:21: Getting HA fits file(s) info, Please Wait...   
20190913 20:45:22: Getting HA fits file(s) info, Please Wait...   
20190913 20:45:23: Getting HA fits file(s) info, Please Wait...   
20190913 20:45:24: Getting HA fits file(s) info, Please Wait...   
20190913 20:45:25: Getting HA fits file(s) info, Please Wait...   
20190913 20:45:26: Getting HA fits file(s) info, Please Wait...   
20190913 20:45:27: Getting HA fits file(s) info, Please Wait...   
20190913 20:45:28: Getting HA fits file(s) info, Please Wait...   
20190913 20:45:29: Getting HA fits file(s) info, Please Wait...   
20190913 20:45:30: Getting HA fits file(s) info, Please Wait...   
20190913 20:45:31: Getting HA fits file(s) info, Please Wait...   
20190913 20:45:32: Getting HA fits file(s) info, Please Wait...   
20190913 20:45:33: Getting HA fits file(s) info, Please Wait...   
20190913 20:45:34: Getting HA fits file(s) info, Please Wait...   
20190913 20:45:36: Getting HA fits file(s) info, Please Wait...   
20190913 20:45:37: Getting HA fits file(s) info, Please Wait...   
20190913 20:45:38: Getting HA fits file(s) info, Please Wait...   
20190913 20:45:39: Getting HA fits file(s) info, Please Wait...   
20190913 20:45:40: Getting HA fits file(s) info, Please Wait...   
20190913 20:45:41: Getting HA fits file(s) info, Please Wait...   
20190913 20:45:42: Getting HA fits file(s) info, Please Wait...   
20190913 20:45:43: Getting HA fits file(s) info, Please Wait...   
20190913 20:45:44: Getting HA fits file(s) info, Please Wait...   
20190913 20:45:45: Getting HA fits file(s) info, Please Wait...   
20190913 20:45:46: Getting HA fits file(s) info, Please Wait...   
20190913 20:45:47: Getting HA fits file(s) info, Please Wait...   
20190913 20:45:48: Getting HA fits file(s) info, Please Wait...   
20190913 20:45:49: Getting HA fits file(s) info, Please Wait...   
20190913 20:45:50: Getting HA fits file(s) info, Please Wait...   
20190913 20:45:51: Getting HA fits file(s) info, Please Wait...   
20190913 20:45:52: Getting HA fits file(s) info, Please Wait...   
20190913 20:45:53: Getting HA fits file(s) info, Please Wait...   
20190913 20:45:55: Getting HA fits file(s) info, Please Wait...   
20190913 20:45:56: Getting HA fits file(s) info, Please Wait...   
20190913 20:45:57: Getting HA fits file(s) info, Please Wait...   
20190913 20:45:58: Getting HA fits file(s) info, Please Wait...   
20190913 20:45:59: Getting HA fits file(s) info, Please Wait...   
20190913 20:46:00: Getting HA fits file(s) info, Please Wait...   
20190913 20:46:01: Getting HA fits file(s) info, Please Wait...   
20190913 20:46:02: Getting HA fits file(s) info, Please Wait...   
20190913 20:46:03: Getting HA fits file(s) info, Please Wait...   
20190913 20:46:04: Getting HA fits file(s) info, Please Wait...   
20190913 20:46:05: Getting HA fits file(s) info, Please Wait...   
20190913 20:46:06: Getting HA fits file(s) info, Please Wait...   
20190913 20:46:07: Getting HA fits file(s) info, Please Wait...   
20190913 20:46:08: Getting HA fits file(s) info, Please Wait...   
20190913 20:46:09: Getting HA fits file(s) info, Please Wait...   
20190913 20:46:10: Getting HA fits file(s) info, Please Wait...   
20190913 20:46:11: Getting HA fits file(s) info, Please Wait...   
20190913 20:46:13: Getting HA fits file(s) info, Please Wait...   
20190913 20:46:14: Getting HA fits file(s) info, Please Wait...   
20190913 20:46:15: Getting HA fits file(s) info, Please Wait...   
20190913 20:46:16: Getting HA fits file(s) info, Please Wait...   
20190913 20:46:17: Getting HA fits file(s) info, Please Wait...   
20190913 20:46:18: Getting HA fits file(s) info, Please Wait...   
20190913 20:46:19: Getting HA fits file(s) info, Please Wait...   
20190913 20:46:20: Getting HA fits file(s) info, Please Wait...   
20190913 20:46:21: Getting HA fits file(s) info, Please Wait...   
20190913 20:46:22: Getting HA fits file(s) info, Please Wait...   
20190913 20:46:23: Getting HA fits file(s) info, Please Wait...   
20190913 20:46:24: Getting HA fits file(s) info, Please Wait...   
20190913 20:46:25: Getting HA fits file(s) info, Please Wait...   
20190913 20:46:26: Getting HA fits file(s) info, Please Wait...   
20190913 20:46:27: Getting HA fits file(s) info, Please Wait...   
20190913 20:46:28: Getting HA fits file(s) info, Please Wait...   
20190913 20:46:29: Getting HA fits file(s) info, Please Wait...   
20190913 20:46:30: Getting HA fits file(s) info, Please Wait...   
20190913 20:46:32: Getting HA fits file(s) info, Please Wait...   
20190913 20:46:33: Getting HA fits file(s) info, Please Wait...   
20190913 20:46:34: Getting HA fits file(s) info, Please Wait...   
20190913 20:46:35: Getting HA fits file(s) info, Please Wait...   
20190913 20:46:36: Getting HA fits file(s) info, Please Wait...   
20190913 20:46:37: Getting HA fits file(s) info, Please Wait...   
20190913 20:46:38: Getting HA fits file(s) info, Please Wait...   
20190913 20:46:39: Getting HA fits file(s) info, Please Wait...   
20190913 20:46:40: Getting HA fits file(s) info, Please Wait...   
20190913 20:46:41: Getting HA fits file(s) info, Please Wait...   
20190913 20:46:42: Getting HA fits file(s) info, Please Wait...   
20190913 20:46:43: Getting HA fits file(s) info, Please Wait...   
20190913 20:46:44: Getting HA fits file(s) info, Please Wait...   
20190913 20:46:45: Getting HA fits file(s) info, Please Wait...   
20190913 20:46:46: Getting HA fits file(s) info, Please Wait...   
20190913 20:46:47: Getting HA fits file(s) info, Please Wait...   
20190913 20:46:48: Getting HA fits file(s) info, Please Wait...   
20190913 20:46:49: Getting HA fits file(s) info, Please Wait...   
20190913 20:46:51: Getting HA fits file(s) info, Please Wait...   
20190913 20:46:52: Getting HA fits file(s) info, Please Wait...   
20190913 20:46:53: Getting HA fits file(s) info, Please Wait...   
20190913 20:46:54: Getting HA fits file(s) info, Please Wait...   
20190913 20:46:55: Getting HA fits file(s) info, Please Wait...   
20190913 20:46:56: Getting HA fits file(s) info, Please Wait...   
20190913 20:46:57: Getting HA fits file(s) info, Please Wait...   
20190913 20:46:58: Getting HA fits file(s) info, Please Wait...   
20190913 20:46:59: Getting HA fits file(s) info, Please Wait...   
20190913 20:47:00: Getting HA fits file(s) info, Please Wait...   
20190913 20:47:01: Getting HA fits file(s) info, Please Wait...   
20190913 20:47:02: Getting HA fits file(s) info, Please Wait...   
20190913 20:47:03: Getting HA fits file(s) info, Please Wait...   
20190913 20:47:04: Getting HA fits file(s) info, Please Wait...   
20190913 20:47:05: Getting HA fits file(s) info, Please Wait...   
20190913 20:47:06: Getting HA fits file(s) info, Please Wait...   
20190913 20:47:07: Getting HA fits file(s) info, Please Wait...   
20190913 20:47:08: Getting HA fits file(s) info, Please Wait...   
20190913 20:47:10: Getting HA fits file(s) info, Please Wait...   
20190913 20:47:11: Getting HA fits file(s) info, Please Wait...   
20190913 20:47:12: Getting HA fits file(s) info, Please Wait...   
20190913 20:47:13: Getting HA fits file(s) info, Please Wait...   
20190913 20:47:14: Getting HA fits file(s) info, Please Wait...   
20190913 20:47:15: Getting HA fits file(s) info, Please Wait...   
20190913 20:47:16: Getting HA fits file(s) info, Please Wait...   
20190913 20:47:17: Getting HA fits file(s) info, Please Wait...   
20190913 20:47:18: Getting HA fits file(s) info, Please Wait...   
20190913 20:47:19: Getting HA fits file(s) info, Please Wait...   
20190913 20:47:20: Getting HA fits file(s) info, Please Wait...   
20190913 20:47:21: Getting HA fits file(s) info, Please Wait...   
20190913 20:47:22: Getting HA fits file(s) info, Please Wait...   
20190913 20:47:23: Getting HA fits file(s) info, Please Wait...   
20190913 20:47:24: Getting HA fits file(s) info, Please Wait...   
20190913 20:47:25: Getting HA fits file(s) info, Please Wait...   
20190913 20:47:26: Getting HA fits file(s) info, Please Wait...   
20190913 20:47:28: Getting HA fits file(s) info, Please Wait...   
20190913 20:47:29: Getting HA fits file(s) info, Please Wait...   
20190913 20:47:29: HA fits file(s) info getting Task Has Done!
                   Finishing....
20190913 20:47:30: new HA fits file(s) getting Task Has Done!
                   Finishing....
20190913 20:47:30: Wrong HA fits file(s) checking Task Has Done!
                   Finishing....
20190913 20:47:30: Current wrong HA fits file(s) adding Task Has Done!
                   Finishing....
20190913 20:47:30: For HA fits Data File(s) @ /cygdrive/f/20190913/HA 
     File Checked: 0 file(s)
 This Round Found: 0 file(s) in wrong size
      Total Found: 0 file(s) in wrong size
        Time Used: 1048 secs.
  Error File List: /cygdrive/d/chd/LFTP4WIN-master/home/chd/log/HA-fits@20190913-error-total.list
 
================================================================================
