 
================================================================================
                                                                                
               fso-data-check utility for HA data @ fso                  
                       Release 20190721-0931                                    
                                                                                
20200802 19:15:22 : Checking the fits file numbers & size                    
                    @ /cygdrive/f/20200802/HA                                                     
                    Please wait...                                              
                    Press ctrl-c to break!                                      
                                                                                
================================================================================
 
20200802 19:15:22: local HA fits file(s) info getting Task Has Done!
                   Finishing....
20200802 19:15:22: new HA fits file(s) getting Task Has Done!
                   Finishing....
20200802 19:15:23: Wrong HA fits file(s) checking Task Has Done!
                   Finishing....
20200802 19:15:23: New current wrong HA fits file(s) finding Task Has Done!
                   Finishing....
20200802 19:15:23: Current wrong HA fits file(s) adding Task Has Done!
                   Finishing....
20200802 19:15:24: Wrong HA fits files list generating Task Has Done!
                   Finishing....
20200802 19:15:25: For HA fits Data File(s) @ /cygdrive/f/20200802/HA 
     File Checked: 0 file(s)
 This Round Found: 0 file(s) in wrong size
      Total Found: 0 file(s) in wrong size
        Time Used: 3 secs.
  Error File List: /home/chd/log/HA-fits-20200802-error-total.list
 
================================================================================
