 
======== Welcome to FSO Data Copying System@FSO! ========
                                                         
                 fso-copy-lftp-cyg.sh                    
                                                         
             Relase 1.6     20190717  11:16              
                                                         
                                                         
                  20191220    08:00:02                       
                                                         
=========================================================
 
20191220 08:00:02: Copying HA data @ FSO...
                   From: /20191220/HA/ 
                   To  : /cygdrive/f/20191220/HA/ 
                   Please Wait...
20191220 08:00:03: Syncing HA Data...   Please Wait...
20191220 08:00:04: Syncing HA Data...   Please Wait...
20191220 08:00:05: Syncing HA Data...   Please Wait...
20191220 08:00:06: Syncing HA Data...   Please Wait...
20191220 08:00:07: HA Syncing Task Has Done!
                   Finishing...
20191220 08:00:07: File Number Sumerizing for Synced HA Data Task Has Done!
                   Finishing...
20191220 08:00:08: File Size Summerizing for Synced HA Data Task Has Done!
                   Finishing...
 
20191220 08:00:08: Succeeded in Syncing HA data @ FSO!
          Synced : 0 file(s)
                 : 0 MB
         @ Speed : 0 MB/s
       Time Used : 5 secs.
    Total Synced : 0 file(s)
                 : 0 MB
 Total Time Used : 6 secs.
            From : 20191220 08:00:02 
              To : 20191220 08:00:08 
 
======== Welcome to FSO Data Copying System@FSO! ========
                                                         
                 fso-copy-lftp-cyg.sh                    
                                                         
             Relase 1.6     20190717  11:16              
                                                         
                                                         
                  20191220    08:01:01                       
                                                         
=========================================================
 
/cygdrive/f/20191220/HA/ already exist!
20191220 08:01:01: Copying HA data @ FSO...
                   From: /20191220/HA/ 
                   To  : /cygdrive/f/20191220/HA/ 
                   Please Wait...
20191220 08:01:03: Syncing HA Data...   Please Wait...
20191220 08:01:04: Syncing HA Data...   Please Wait...
20191220 08:01:05: Syncing HA Data...   Please Wait...
20191220 08:01:06: Syncing HA Data...   Please Wait...
20191220 08:01:07: HA Syncing Task Has Done!
                   Finishing...
20191220 08:01:07: File Number Sumerizing for Synced HA Data Task Has Done!
                   Finishing...
20191220 08:01:07: File Size Summerizing for Synced HA Data Task Has Done!
                   Finishing...
 
20191220 08:01:07: Succeeded in Syncing HA data @ FSO!
          Synced : 0 file(s)
                 : 0 MB
         @ Speed : 0 MB/s
       Time Used : 6 secs.
    Total Synced : 0 file(s)
                 : 0 MB
 Total Time Used : 6 secs.
            From : 20191220 08:01:01 
              To : 20191220 08:01:07 
