                                                       
======= Welcome to Data Archiving System @ FSO! =======
              fso-data-check-copy.sh                   
          (Release 0.32 20200420 13:34)                
                                                       
              Check HA data and copy            
                                                       
                20200802 19:00:02                         
=======================================================
 
20200802 19:00:02: Testing 192.168.111.122 is online or not, please wait...
20200802 19:00:21: 192.168.111.122 is offline, skipping remote & local comparison...
20200802 19:00:21: 0 local missing HA file(s) copied from remote
20200802 19:00:21: Local HA File(s) Size Checking, please wait...
20200802 19:00:23: Checking Local HA File(s) Size, Please Wait...   
20200802 19:00:24: Checking Local HA File(s) Size, Please Wait...   
20200802 19:00:25: Checking Local HA File(s) Size, Please Wait...   
20200802 19:00:26: Local HA File(s) Size Checking Task Has Done!
                   Finishing....
20200802 : Skipping Copying Local Wrong Size HA File(s) from Remote...
20200802 19:00:29: Sending notification email to Observation Assistant...
20200802 19:00:30: Checking & Copying HA data @ FSO finished!
   Total Checked : 0 HA File(s) 
                 : 0 file(s) left
                 : see /home/chd/log/HA-fits-20200802-tmp.list for all file(s) details
                 : 0 file(s) found in remote local comparison
                 : see /home/chd/log/HA-fits-20200802-diff-cyg.list for details 
                 : 0 file(s) found in local wrong size checking
                 : see /home/chd/log/HA-local-wrongsize-20200802-cyg.list for details
       Time Used : 28 secs.
            From : 20200802 19:00:02
              To : 20200802 19:00:30
=================================================================================
                                                       
======= Welcome to Data Archiving System @ FSO! =======
              fso-data-check-copy.sh                   
          (Release 0.32 20200420 13:34)                
                                                       
              Check HA data and copy            
                                                       
                20200802 19:15:02                         
=======================================================
 
20200802 19:15:02: Testing 192.168.111.122 is online or not, please wait...
20200802 19:15:21: 192.168.111.122 is offline, skipping remote & local comparison...
20200802 19:15:21: 0 local missing HA file(s) copied from remote
20200802 19:15:21: Local HA File(s) Size Checking, please wait...
20200802 19:15:22: Checking Local HA File(s) Size, Please Wait...   
20200802 19:15:24: Checking Local HA File(s) Size, Please Wait...   
20200802 19:15:25: Checking Local HA File(s) Size, Please Wait...   
20200802 19:15:25: Local HA File(s) Size Checking Task Has Done!
                   Finishing....
20200802 : Skipping Copying Local Wrong Size HA File(s) from Remote...
20200802 19:15:27: Sending notification email to Observation Assistant...
20200802 19:15:29: Checking & Copying HA data @ FSO finished!
   Total Checked : 0 HA File(s) 
                 : 0 file(s) left
                 : see /home/chd/log/HA-fits-20200802-tmp.list for all file(s) details
                 : 0 file(s) found in remote local comparison
                 : see /home/chd/log/HA-fits-20200802-diff-cyg.list for details 
                 : 0 file(s) found in local wrong size checking
                 : see /home/chd/log/HA-local-wrongsize-20200802-cyg.list for details
       Time Used : 27 secs.
            From : 20200802 19:15:02
              To : 20200802 19:15:29
=================================================================================
