                                                       
======= Welcome to Data Archiving System @ FSO! =======
              fso-data-check-copy.sh                   
          (Release 0.1 20190725 11:51)                 
                                                       
           Check HA data and copy               
                                                       
                20190913 20:30:01                         
=======================================================
 
20190913 20:30:01: Local Missing HA File(s) Checking, please wait...
20190913 20:30:01: Local Missing HA File(s) Checking Task Has Done!
                   Finishing....
20190913 20:30:01: HA Wrong Size File(s) Copying, please wait...
20190913 20:30:01: HA Wrong Size File(s) Copying Task Has Done!
                   Finishing....
20190913 20:30:02: Local HA File(s) Size Checking, please wait...
20190913 20:30:03: Checking Local HA File(s) Size, Please Wait...   
20190913 20:30:04: Checking Local HA File(s) Size, Please Wait...   
20190913 20:30:05: Checking Local HA File(s) Size, Please Wait...   
20190913 20:30:06: Checking Local HA File(s) Size, Please Wait...   
20190913 20:30:07: Checking Local HA File(s) Size, Please Wait...   
20190913 20:30:08: Checking Local HA File(s) Size, Please Wait...   
20190913 20:30:09: Checking Local HA File(s) Size, Please Wait...   
20190913 20:30:10: Checking Local HA File(s) Size, Please Wait...   
20190913 20:30:11: Checking Local HA File(s) Size, Please Wait...   
20190913 20:30:12: Checking Local HA File(s) Size, Please Wait...   
20190913 20:30:13: Checking Local HA File(s) Size, Please Wait...   
20190913 20:30:14: Checking Local HA File(s) Size, Please Wait...   
20190913 20:30:15: Checking Local HA File(s) Size, Please Wait...   
20190913 20:30:16: Checking Local HA File(s) Size, Please Wait...   
20190913 20:30:18: Checking Local HA File(s) Size, Please Wait...   
20190913 20:30:19: Checking Local HA File(s) Size, Please Wait...   
20190913 20:30:20: Checking Local HA File(s) Size, Please Wait...   
20190913 20:30:21: Checking Local HA File(s) Size, Please Wait...   
20190913 20:30:22: Checking Local HA File(s) Size, Please Wait...   
20190913 20:30:23: Checking Local HA File(s) Size, Please Wait...   
20190913 20:30:24: Checking Local HA File(s) Size, Please Wait...   
20190913 20:30:25: Checking Local HA File(s) Size, Please Wait...   
20190913 20:30:26: Checking Local HA File(s) Size, Please Wait...   
20190913 20:30:27: Checking Local HA File(s) Size, Please Wait...   
20190913 20:30:28: Checking Local HA File(s) Size, Please Wait...   
20190913 20:30:29: Checking Local HA File(s) Size, Please Wait...   
20190913 20:30:30: Checking Local HA File(s) Size, Please Wait...   
20190913 20:30:31: Checking Local HA File(s) Size, Please Wait...   
20190913 20:30:33: Checking Local HA File(s) Size, Please Wait...   
20190913 20:30:34: Checking Local HA File(s) Size, Please Wait...   
20190913 20:30:35: Checking Local HA File(s) Size, Please Wait...   
20190913 20:30:36: Checking Local HA File(s) Size, Please Wait...   
20190913 20:30:37: Checking Local HA File(s) Size, Please Wait...   
20190913 20:30:38: Checking Local HA File(s) Size, Please Wait...   
20190913 20:30:39: Checking Local HA File(s) Size, Please Wait...   
20190913 20:30:40: Checking Local HA File(s) Size, Please Wait...   
20190913 20:30:41: Checking Local HA File(s) Size, Please Wait...   
20190913 20:30:42: Checking Local HA File(s) Size, Please Wait...   
20190913 20:30:43: Checking Local HA File(s) Size, Please Wait...   
20190913 20:30:44: Checking Local HA File(s) Size, Please Wait...   
20190913 20:30:45: Checking Local HA File(s) Size, Please Wait...   
20190913 20:30:46: Checking Local HA File(s) Size, Please Wait...   
20190913 20:30:47: Checking Local HA File(s) Size, Please Wait...   
20190913 20:30:48: Checking Local HA File(s) Size, Please Wait...   
20190913 20:30:50: Checking Local HA File(s) Size, Please Wait...   
20190913 20:30:51: Checking Local HA File(s) Size, Please Wait...   
20190913 20:30:52: Checking Local HA File(s) Size, Please Wait...   
20190913 20:30:53: Checking Local HA File(s) Size, Please Wait...   
20190913 20:30:54: Checking Local HA File(s) Size, Please Wait...   
20190913 20:30:55: Checking Local HA File(s) Size, Please Wait...   
20190913 20:30:56: Checking Local HA File(s) Size, Please Wait...   
20190913 20:30:57: Checking Local HA File(s) Size, Please Wait...   
20190913 20:30:58: Checking Local HA File(s) Size, Please Wait...   
20190913 20:30:59: Checking Local HA File(s) Size, Please Wait...   
20190913 20:31:00: Checking Local HA File(s) Size, Please Wait...   
20190913 20:31:01: Checking Local HA File(s) Size, Please Wait...   
20190913 20:31:02: Checking Local HA File(s) Size, Please Wait...   
20190913 20:31:03: Checking Local HA File(s) Size, Please Wait...   
20190913 20:31:04: Checking Local HA File(s) Size, Please Wait...   
20190913 20:31:06: Checking Local HA File(s) Size, Please Wait...   
20190913 20:31:07: Checking Local HA File(s) Size, Please Wait...   
20190913 20:31:08: Checking Local HA File(s) Size, Please Wait...   
20190913 20:31:09: Checking Local HA File(s) Size, Please Wait...   
20190913 20:31:10: Checking Local HA File(s) Size, Please Wait...   
20190913 20:31:11: Checking Local HA File(s) Size, Please Wait...   
20190913 20:31:12: Checking Local HA File(s) Size, Please Wait...   
20190913 20:31:13: Checking Local HA File(s) Size, Please Wait...   
20190913 20:31:14: Checking Local HA File(s) Size, Please Wait...   
20190913 20:31:15: Checking Local HA File(s) Size, Please Wait...   
20190913 20:31:16: Checking Local HA File(s) Size, Please Wait...   
20190913 20:31:17: Checking Local HA File(s) Size, Please Wait...   
20190913 20:31:18: Checking Local HA File(s) Size, Please Wait...   
20190913 20:31:19: Checking Local HA File(s) Size, Please Wait...   
20190913 20:31:20: Checking Local HA File(s) Size, Please Wait...   
20190913 20:31:22: Checking Local HA File(s) Size, Please Wait...   
20190913 20:31:23: Checking Local HA File(s) Size, Please Wait...   
20190913 20:31:24: Checking Local HA File(s) Size, Please Wait...   
20190913 20:31:25: Checking Local HA File(s) Size, Please Wait...   
20190913 20:31:26: Checking Local HA File(s) Size, Please Wait...   
20190913 20:31:27: Checking Local HA File(s) Size, Please Wait...   
20190913 20:31:28: Checking Local HA File(s) Size, Please Wait...   
20190913 20:31:29: Checking Local HA File(s) Size, Please Wait...   
20190913 20:31:30: Checking Local HA File(s) Size, Please Wait...   
20190913 20:31:31: Checking Local HA File(s) Size, Please Wait...   
20190913 20:31:32: Checking Local HA File(s) Size, Please Wait...   
20190913 20:31:33: Checking Local HA File(s) Size, Please Wait...   
20190913 20:31:34: Checking Local HA File(s) Size, Please Wait...   
20190913 20:31:35: Checking Local HA File(s) Size, Please Wait...   
20190913 20:31:36: Checking Local HA File(s) Size, Please Wait...   
20190913 20:31:37: Checking Local HA File(s) Size, Please Wait...   
20190913 20:31:39: Checking Local HA File(s) Size, Please Wait...   
20190913 20:31:40: Checking Local HA File(s) Size, Please Wait...   
20190913 20:31:41: Checking Local HA File(s) Size, Please Wait...   
20190913 20:31:42: Checking Local HA File(s) Size, Please Wait...   
20190913 20:31:43: Checking Local HA File(s) Size, Please Wait...   
20190913 20:31:44: Checking Local HA File(s) Size, Please Wait...   
20190913 20:31:45: Checking Local HA File(s) Size, Please Wait...   
20190913 20:31:46: Checking Local HA File(s) Size, Please Wait...   
20190913 20:31:47: Checking Local HA File(s) Size, Please Wait...   
20190913 20:31:48: Checking Local HA File(s) Size, Please Wait...   
20190913 20:31:49: Checking Local HA File(s) Size, Please Wait...   
20190913 20:31:50: Checking Local HA File(s) Size, Please Wait...   
20190913 20:31:51: Checking Local HA File(s) Size, Please Wait...   
20190913 20:31:52: Checking Local HA File(s) Size, Please Wait...   
20190913 20:31:53: Checking Local HA File(s) Size, Please Wait...   
20190913 20:31:55: Checking Local HA File(s) Size, Please Wait...   
20190913 20:31:56: Checking Local HA File(s) Size, Please Wait...   
20190913 20:31:57: Checking Local HA File(s) Size, Please Wait...   
20190913 20:31:58: Checking Local HA File(s) Size, Please Wait...   
20190913 20:31:59: Checking Local HA File(s) Size, Please Wait...   
20190913 20:32:00: Checking Local HA File(s) Size, Please Wait...   
20190913 20:32:01: Checking Local HA File(s) Size, Please Wait...   
20190913 20:32:02: Checking Local HA File(s) Size, Please Wait...   
20190913 20:32:03: Checking Local HA File(s) Size, Please Wait...   
20190913 20:32:04: Checking Local HA File(s) Size, Please Wait...   
20190913 20:32:05: Checking Local HA File(s) Size, Please Wait...   
20190913 20:32:06: Checking Local HA File(s) Size, Please Wait...   
20190913 20:32:07: Checking Local HA File(s) Size, Please Wait...   
20190913 20:32:08: Checking Local HA File(s) Size, Please Wait...   
20190913 20:32:09: Checking Local HA File(s) Size, Please Wait...   
20190913 20:32:10: Checking Local HA File(s) Size, Please Wait...   
20190913 20:32:12: Checking Local HA File(s) Size, Please Wait...   
20190913 20:32:13: Checking Local HA File(s) Size, Please Wait...   
20190913 20:32:14: Checking Local HA File(s) Size, Please Wait...   
20190913 20:32:15: Checking Local HA File(s) Size, Please Wait...   
20190913 20:32:16: Checking Local HA File(s) Size, Please Wait...   
20190913 20:32:17: Checking Local HA File(s) Size, Please Wait...   
20190913 20:32:18: Checking Local HA File(s) Size, Please Wait...   
20190913 20:32:19: Checking Local HA File(s) Size, Please Wait...   
20190913 20:32:20: Checking Local HA File(s) Size, Please Wait...   
20190913 20:32:21: Checking Local HA File(s) Size, Please Wait...   
20190913 20:32:22: Checking Local HA File(s) Size, Please Wait...   
20190913 20:32:23: Checking Local HA File(s) Size, Please Wait...   
20190913 20:32:24: Checking Local HA File(s) Size, Please Wait...   
20190913 20:32:25: Checking Local HA File(s) Size, Please Wait...   
20190913 20:32:26: Checking Local HA File(s) Size, Please Wait...   
20190913 20:32:27: Checking Local HA File(s) Size, Please Wait...   
20190913 20:32:28: Checking Local HA File(s) Size, Please Wait...   
20190913 20:32:30: Checking Local HA File(s) Size, Please Wait...   
20190913 20:32:31: Checking Local HA File(s) Size, Please Wait...   
20190913 20:32:32: Checking Local HA File(s) Size, Please Wait...   
20190913 20:32:33: Checking Local HA File(s) Size, Please Wait...   
20190913 20:32:34: Checking Local HA File(s) Size, Please Wait...   
20190913 20:32:35: Checking Local HA File(s) Size, Please Wait...   
20190913 20:32:36: Checking Local HA File(s) Size, Please Wait...   
20190913 20:32:37: Checking Local HA File(s) Size, Please Wait...   
20190913 20:32:38: Checking Local HA File(s) Size, Please Wait...   
20190913 20:32:39: Checking Local HA File(s) Size, Please Wait...   
20190913 20:32:40: Checking Local HA File(s) Size, Please Wait...   
20190913 20:32:41: Checking Local HA File(s) Size, Please Wait...   
20190913 20:32:42: Checking Local HA File(s) Size, Please Wait...   
20190913 20:32:43: Checking Local HA File(s) Size, Please Wait...   
20190913 20:32:44: Checking Local HA File(s) Size, Please Wait...   
20190913 20:32:45: Checking Local HA File(s) Size, Please Wait...   
20190913 20:32:47: Checking Local HA File(s) Size, Please Wait...   
20190913 20:32:48: Checking Local HA File(s) Size, Please Wait...   
20190913 20:32:49: Checking Local HA File(s) Size, Please Wait...   
20190913 20:32:50: Checking Local HA File(s) Size, Please Wait...   
20190913 20:32:51: Checking Local HA File(s) Size, Please Wait...   
20190913 20:32:52: Checking Local HA File(s) Size, Please Wait...   
20190913 20:32:53: Checking Local HA File(s) Size, Please Wait...   
20190913 20:32:54: Checking Local HA File(s) Size, Please Wait...   
20190913 20:32:55: Checking Local HA File(s) Size, Please Wait...   
20190913 20:32:56: Checking Local HA File(s) Size, Please Wait...   
20190913 20:32:57: Checking Local HA File(s) Size, Please Wait...   
20190913 20:32:58: Checking Local HA File(s) Size, Please Wait...   
20190913 20:32:59: Checking Local HA File(s) Size, Please Wait...   
20190913 20:33:00: Checking Local HA File(s) Size, Please Wait...   
20190913 20:33:01: Checking Local HA File(s) Size, Please Wait...   
20190913 20:33:02: Checking Local HA File(s) Size, Please Wait...   
20190913 20:33:04: Checking Local HA File(s) Size, Please Wait...   
20190913 20:33:05: Checking Local HA File(s) Size, Please Wait...   
20190913 20:33:06: Checking Local HA File(s) Size, Please Wait...   
20190913 20:33:07: Checking Local HA File(s) Size, Please Wait...   
20190913 20:33:08: Checking Local HA File(s) Size, Please Wait...   
20190913 20:33:09: Checking Local HA File(s) Size, Please Wait...   
20190913 20:33:10: Checking Local HA File(s) Size, Please Wait...   
20190913 20:33:11: Checking Local HA File(s) Size, Please Wait...   
20190913 20:33:12: Checking Local HA File(s) Size, Please Wait...   
20190913 20:33:13: Checking Local HA File(s) Size, Please Wait...   
20190913 20:33:14: Checking Local HA File(s) Size, Please Wait...   
20190913 20:33:15: Checking Local HA File(s) Size, Please Wait...   
20190913 20:33:16: Checking Local HA File(s) Size, Please Wait...   
20190913 20:33:17: Checking Local HA File(s) Size, Please Wait...   
20190913 20:33:18: Checking Local HA File(s) Size, Please Wait...   
20190913 20:33:19: Checking Local HA File(s) Size, Please Wait...   
20190913 20:33:21: Checking Local HA File(s) Size, Please Wait...   
20190913 20:33:22: Checking Local HA File(s) Size, Please Wait...   
20190913 20:33:23: Checking Local HA File(s) Size, Please Wait...   
20190913 20:33:24: Checking Local HA File(s) Size, Please Wait...   
20190913 20:33:25: Checking Local HA File(s) Size, Please Wait...   
20190913 20:33:26: Checking Local HA File(s) Size, Please Wait...   
20190913 20:33:27: Checking Local HA File(s) Size, Please Wait...   
20190913 20:33:28: Checking Local HA File(s) Size, Please Wait...   
20190913 20:33:29: Checking Local HA File(s) Size, Please Wait...   
20190913 20:33:30: Checking Local HA File(s) Size, Please Wait...   
20190913 20:33:31: Checking Local HA File(s) Size, Please Wait...   
20190913 20:33:32: Checking Local HA File(s) Size, Please Wait...   
20190913 20:33:33: Checking Local HA File(s) Size, Please Wait...   
20190913 20:33:34: Checking Local HA File(s) Size, Please Wait...   
20190913 20:33:35: Checking Local HA File(s) Size, Please Wait...   
20190913 20:33:37: Checking Local HA File(s) Size, Please Wait...   
20190913 20:33:38: Checking Local HA File(s) Size, Please Wait...   
20190913 20:33:39: Checking Local HA File(s) Size, Please Wait...   
20190913 20:33:40: Checking Local HA File(s) Size, Please Wait...   
20190913 20:33:41: Checking Local HA File(s) Size, Please Wait...   
20190913 20:33:42: Checking Local HA File(s) Size, Please Wait...   
20190913 20:33:43: Checking Local HA File(s) Size, Please Wait...   
20190913 20:33:44: Checking Local HA File(s) Size, Please Wait...   
20190913 20:33:45: Checking Local HA File(s) Size, Please Wait...   
20190913 20:33:46: Checking Local HA File(s) Size, Please Wait...   
20190913 20:33:47: Checking Local HA File(s) Size, Please Wait...   
20190913 20:33:48: Checking Local HA File(s) Size, Please Wait...   
20190913 20:33:49: Checking Local HA File(s) Size, Please Wait...   
20190913 20:33:50: Checking Local HA File(s) Size, Please Wait...   
20190913 20:33:51: Checking Local HA File(s) Size, Please Wait...   
20190913 20:33:52: Checking Local HA File(s) Size, Please Wait...   
20190913 20:33:53: Checking Local HA File(s) Size, Please Wait...   
20190913 20:33:55: Checking Local HA File(s) Size, Please Wait...   
20190913 20:33:56: Checking Local HA File(s) Size, Please Wait...   
20190913 20:33:57: Checking Local HA File(s) Size, Please Wait...   
20190913 20:33:58: Checking Local HA File(s) Size, Please Wait...   
20190913 20:33:59: Checking Local HA File(s) Size, Please Wait...   
20190913 20:34:00: Checking Local HA File(s) Size, Please Wait...   
20190913 20:34:01: Checking Local HA File(s) Size, Please Wait...   
20190913 20:34:02: Checking Local HA File(s) Size, Please Wait...   
20190913 20:34:03: Checking Local HA File(s) Size, Please Wait...   
20190913 20:34:04: Checking Local HA File(s) Size, Please Wait...   
20190913 20:34:05: Checking Local HA File(s) Size, Please Wait...   
20190913 20:34:06: Checking Local HA File(s) Size, Please Wait...   
20190913 20:34:07: Checking Local HA File(s) Size, Please Wait...   
20190913 20:34:08: Checking Local HA File(s) Size, Please Wait...   
20190913 20:34:09: Checking Local HA File(s) Size, Please Wait...   
20190913 20:34:10: Checking Local HA File(s) Size, Please Wait...   
20190913 20:34:11: Checking Local HA File(s) Size, Please Wait...   
20190913 20:34:13: Checking Local HA File(s) Size, Please Wait...   
20190913 20:34:14: Checking Local HA File(s) Size, Please Wait...   
20190913 20:34:15: Checking Local HA File(s) Size, Please Wait...   
20190913 20:34:16: Checking Local HA File(s) Size, Please Wait...   
20190913 20:34:17: Checking Local HA File(s) Size, Please Wait...   
20190913 20:34:18: Checking Local HA File(s) Size, Please Wait...   
20190913 20:34:19: Checking Local HA File(s) Size, Please Wait...   
20190913 20:34:20: Checking Local HA File(s) Size, Please Wait...   
20190913 20:34:21: Checking Local HA File(s) Size, Please Wait...   
20190913 20:34:22: Checking Local HA File(s) Size, Please Wait...   
20190913 20:34:23: Checking Local HA File(s) Size, Please Wait...   
20190913 20:34:24: Checking Local HA File(s) Size, Please Wait...   
20190913 20:34:25: Checking Local HA File(s) Size, Please Wait...   
20190913 20:34:26: Checking Local HA File(s) Size, Please Wait...   
20190913 20:34:27: Checking Local HA File(s) Size, Please Wait...   
20190913 20:34:28: Checking Local HA File(s) Size, Please Wait...   
20190913 20:34:30: Checking Local HA File(s) Size, Please Wait...   
20190913 20:34:31: Checking Local HA File(s) Size, Please Wait...   
20190913 20:34:32: Checking Local HA File(s) Size, Please Wait...   
20190913 20:34:33: Checking Local HA File(s) Size, Please Wait...   
20190913 20:34:34: Checking Local HA File(s) Size, Please Wait...   
20190913 20:34:35: Checking Local HA File(s) Size, Please Wait...   
20190913 20:34:36: Checking Local HA File(s) Size, Please Wait...   
20190913 20:34:37: Checking Local HA File(s) Size, Please Wait...   
20190913 20:34:38: Checking Local HA File(s) Size, Please Wait...   
20190913 20:34:39: Checking Local HA File(s) Size, Please Wait...   
20190913 20:34:40: Checking Local HA File(s) Size, Please Wait...   
20190913 20:34:41: Checking Local HA File(s) Size, Please Wait...   
20190913 20:34:42: Checking Local HA File(s) Size, Please Wait...   
20190913 20:34:43: Checking Local HA File(s) Size, Please Wait...   
20190913 20:34:44: Checking Local HA File(s) Size, Please Wait...   
20190913 20:34:45: Checking Local HA File(s) Size, Please Wait...   
20190913 20:34:47: Checking Local HA File(s) Size, Please Wait...   
20190913 20:34:48: Checking Local HA File(s) Size, Please Wait...   
20190913 20:34:49: Checking Local HA File(s) Size, Please Wait...   
20190913 20:34:50: Checking Local HA File(s) Size, Please Wait...   
20190913 20:34:51: Checking Local HA File(s) Size, Please Wait...   
20190913 20:34:52: Checking Local HA File(s) Size, Please Wait...   
20190913 20:34:53: Checking Local HA File(s) Size, Please Wait...   
20190913 20:34:54: Checking Local HA File(s) Size, Please Wait...   
20190913 20:34:55: Checking Local HA File(s) Size, Please Wait...   
20190913 20:34:56: Checking Local HA File(s) Size, Please Wait...   
20190913 20:34:57: Checking Local HA File(s) Size, Please Wait...   
20190913 20:34:58: Checking Local HA File(s) Size, Please Wait...   
20190913 20:34:59: Checking Local HA File(s) Size, Please Wait...   
20190913 20:35:00: Checking Local HA File(s) Size, Please Wait...   
20190913 20:35:01: Checking Local HA File(s) Size, Please Wait...   
20190913 20:35:02: Checking Local HA File(s) Size, Please Wait...   
20190913 20:35:03: Checking Local HA File(s) Size, Please Wait...   
20190913 20:35:05: Checking Local HA File(s) Size, Please Wait...   
20190913 20:35:06: Checking Local HA File(s) Size, Please Wait...   
20190913 20:35:07: Checking Local HA File(s) Size, Please Wait...   
20190913 20:35:08: Checking Local HA File(s) Size, Please Wait...   
20190913 20:35:09: Checking Local HA File(s) Size, Please Wait...   
20190913 20:35:10: Checking Local HA File(s) Size, Please Wait...   
20190913 20:35:11: Checking Local HA File(s) Size, Please Wait...   
20190913 20:35:12: Checking Local HA File(s) Size, Please Wait...   
20190913 20:35:13: Checking Local HA File(s) Size, Please Wait...   
20190913 20:35:14: Checking Local HA File(s) Size, Please Wait...   
20190913 20:35:15: Checking Local HA File(s) Size, Please Wait...   
20190913 20:35:16: Checking Local HA File(s) Size, Please Wait...   
20190913 20:35:17: Checking Local HA File(s) Size, Please Wait...   
20190913 20:35:18: Checking Local HA File(s) Size, Please Wait...   
20190913 20:35:19: Checking Local HA File(s) Size, Please Wait...   
20190913 20:35:20: Checking Local HA File(s) Size, Please Wait...   
20190913 20:35:21: Checking Local HA File(s) Size, Please Wait...   
20190913 20:35:23: Checking Local HA File(s) Size, Please Wait...   
20190913 20:35:24: Checking Local HA File(s) Size, Please Wait...   
20190913 20:35:25: Checking Local HA File(s) Size, Please Wait...   
20190913 20:35:26: Checking Local HA File(s) Size, Please Wait...   
20190913 20:35:27: Checking Local HA File(s) Size, Please Wait...   
20190913 20:35:28: Checking Local HA File(s) Size, Please Wait...   
20190913 20:35:29: Checking Local HA File(s) Size, Please Wait...   
20190913 20:35:30: Checking Local HA File(s) Size, Please Wait...   
20190913 20:35:31: Checking Local HA File(s) Size, Please Wait...   
20190913 20:35:32: Checking Local HA File(s) Size, Please Wait...   
20190913 20:35:33: Checking Local HA File(s) Size, Please Wait...   
20190913 20:35:34: Checking Local HA File(s) Size, Please Wait...   
20190913 20:35:35: Checking Local HA File(s) Size, Please Wait...   
20190913 20:35:36: Checking Local HA File(s) Size, Please Wait...   
20190913 20:35:37: Checking Local HA File(s) Size, Please Wait...   
20190913 20:35:38: Checking Local HA File(s) Size, Please Wait...   
20190913 20:35:40: Checking Local HA File(s) Size, Please Wait...   
20190913 20:35:41: Checking Local HA File(s) Size, Please Wait...   
20190913 20:35:42: Checking Local HA File(s) Size, Please Wait...   
20190913 20:35:43: Checking Local HA File(s) Size, Please Wait...   
20190913 20:35:44: Checking Local HA File(s) Size, Please Wait...   
20190913 20:35:45: Checking Local HA File(s) Size, Please Wait...   
20190913 20:35:46: Checking Local HA File(s) Size, Please Wait...   
20190913 20:35:47: Checking Local HA File(s) Size, Please Wait...   
20190913 20:35:48: Checking Local HA File(s) Size, Please Wait...   
20190913 20:35:49: Checking Local HA File(s) Size, Please Wait...   
20190913 20:35:50: Checking Local HA File(s) Size, Please Wait...   
20190913 20:35:51: Checking Local HA File(s) Size, Please Wait...   
20190913 20:35:52: Checking Local HA File(s) Size, Please Wait...   
20190913 20:35:53: Checking Local HA File(s) Size, Please Wait...   
20190913 20:35:54: Checking Local HA File(s) Size, Please Wait...   
20190913 20:35:56: Checking Local HA File(s) Size, Please Wait...   
20190913 20:35:57: Checking Local HA File(s) Size, Please Wait...   
20190913 20:35:58: Checking Local HA File(s) Size, Please Wait...   
20190913 20:35:59: Checking Local HA File(s) Size, Please Wait...   
20190913 20:36:00: Checking Local HA File(s) Size, Please Wait...   
20190913 20:36:01: Checking Local HA File(s) Size, Please Wait...   
20190913 20:36:02: Checking Local HA File(s) Size, Please Wait...   
20190913 20:36:03: Checking Local HA File(s) Size, Please Wait...   
20190913 20:36:04: Checking Local HA File(s) Size, Please Wait...   
20190913 20:36:05: Checking Local HA File(s) Size, Please Wait...   
20190913 20:36:06: Checking Local HA File(s) Size, Please Wait...   
20190913 20:36:07: Checking Local HA File(s) Size, Please Wait...   
20190913 20:36:08: Checking Local HA File(s) Size, Please Wait...   
20190913 20:36:09: Checking Local HA File(s) Size, Please Wait...   
20190913 20:36:10: Checking Local HA File(s) Size, Please Wait...   
20190913 20:36:11: Checking Local HA File(s) Size, Please Wait...   
20190913 20:36:12: Checking Local HA File(s) Size, Please Wait...   
20190913 20:36:14: Checking Local HA File(s) Size, Please Wait...   
20190913 20:36:15: Checking Local HA File(s) Size, Please Wait...   
20190913 20:36:16: Checking Local HA File(s) Size, Please Wait...   
20190913 20:36:17: Checking Local HA File(s) Size, Please Wait...   
20190913 20:36:18: Checking Local HA File(s) Size, Please Wait...   
20190913 20:36:19: Checking Local HA File(s) Size, Please Wait...   
20190913 20:36:20: Checking Local HA File(s) Size, Please Wait...   
20190913 20:36:21: Checking Local HA File(s) Size, Please Wait...   
20190913 20:36:22: Checking Local HA File(s) Size, Please Wait...   
20190913 20:36:23: Checking Local HA File(s) Size, Please Wait...   
20190913 20:36:24: Checking Local HA File(s) Size, Please Wait...   
20190913 20:36:25: Checking Local HA File(s) Size, Please Wait...   
20190913 20:36:26: Checking Local HA File(s) Size, Please Wait...   
20190913 20:36:27: Checking Local HA File(s) Size, Please Wait...   
20190913 20:36:28: Checking Local HA File(s) Size, Please Wait...   
20190913 20:36:29: Checking Local HA File(s) Size, Please Wait...   
20190913 20:36:31: Checking Local HA File(s) Size, Please Wait...   
20190913 20:36:32: Checking Local HA File(s) Size, Please Wait...   
20190913 20:36:33: Checking Local HA File(s) Size, Please Wait...   
20190913 20:36:34: Checking Local HA File(s) Size, Please Wait...   
20190913 20:36:35: Checking Local HA File(s) Size, Please Wait...   
20190913 20:36:36: Checking Local HA File(s) Size, Please Wait...   
20190913 20:36:37: Checking Local HA File(s) Size, Please Wait...   
20190913 20:36:38: Checking Local HA File(s) Size, Please Wait...   
20190913 20:36:39: Checking Local HA File(s) Size, Please Wait...   
20190913 20:36:40: Checking Local HA File(s) Size, Please Wait...   
20190913 20:36:41: Checking Local HA File(s) Size, Please Wait...   
20190913 20:36:42: Checking Local HA File(s) Size, Please Wait...   
20190913 20:36:43: Checking Local HA File(s) Size, Please Wait...   
20190913 20:36:44: Checking Local HA File(s) Size, Please Wait...   
20190913 20:36:45: Checking Local HA File(s) Size, Please Wait...   
20190913 20:36:46: Checking Local HA File(s) Size, Please Wait...   
20190913 20:36:47: Checking Local HA File(s) Size, Please Wait...   
20190913 20:36:49: Checking Local HA File(s) Size, Please Wait...   
20190913 20:36:50: Checking Local HA File(s) Size, Please Wait...   
20190913 20:36:51: Checking Local HA File(s) Size, Please Wait...   
20190913 20:36:52: Checking Local HA File(s) Size, Please Wait...   
20190913 20:36:53: Checking Local HA File(s) Size, Please Wait...   
20190913 20:36:54: Checking Local HA File(s) Size, Please Wait...   
20190913 20:36:55: Checking Local HA File(s) Size, Please Wait...   
20190913 20:36:56: Checking Local HA File(s) Size, Please Wait...   
20190913 20:36:57: Checking Local HA File(s) Size, Please Wait...   
20190913 20:36:58: Checking Local HA File(s) Size, Please Wait...   
20190913 20:36:59: Checking Local HA File(s) Size, Please Wait...   
20190913 20:37:00: Checking Local HA File(s) Size, Please Wait...   
20190913 20:37:01: Checking Local HA File(s) Size, Please Wait...   
20190913 20:37:02: Checking Local HA File(s) Size, Please Wait...   
20190913 20:37:03: Checking Local HA File(s) Size, Please Wait...   
20190913 20:37:04: Checking Local HA File(s) Size, Please Wait...   
20190913 20:37:06: Checking Local HA File(s) Size, Please Wait...   
20190913 20:37:07: Checking Local HA File(s) Size, Please Wait...   
20190913 20:37:08: Checking Local HA File(s) Size, Please Wait...   
20190913 20:37:09: Checking Local HA File(s) Size, Please Wait...   
20190913 20:37:10: Checking Local HA File(s) Size, Please Wait...   
20190913 20:37:11: Checking Local HA File(s) Size, Please Wait...   
20190913 20:37:12: Checking Local HA File(s) Size, Please Wait...   
20190913 20:37:13: Checking Local HA File(s) Size, Please Wait...   
20190913 20:37:14: Checking Local HA File(s) Size, Please Wait...   
20190913 20:37:15: Checking Local HA File(s) Size, Please Wait...   
20190913 20:37:16: Checking Local HA File(s) Size, Please Wait...   
20190913 20:37:17: Checking Local HA File(s) Size, Please Wait...   
20190913 20:37:18: Checking Local HA File(s) Size, Please Wait...   
20190913 20:37:19: Checking Local HA File(s) Size, Please Wait...   
20190913 20:37:20: Checking Local HA File(s) Size, Please Wait...   
20190913 20:37:22: Checking Local HA File(s) Size, Please Wait...   
20190913 20:37:23: Checking Local HA File(s) Size, Please Wait...   
20190913 20:37:24: Checking Local HA File(s) Size, Please Wait...   
20190913 20:37:25: Checking Local HA File(s) Size, Please Wait...   
20190913 20:37:26: Checking Local HA File(s) Size, Please Wait...   
20190913 20:37:27: Checking Local HA File(s) Size, Please Wait...   
20190913 20:37:28: Checking Local HA File(s) Size, Please Wait...   
20190913 20:37:29: Checking Local HA File(s) Size, Please Wait...   
20190913 20:37:30: Checking Local HA File(s) Size, Please Wait...   
20190913 20:37:31: Checking Local HA File(s) Size, Please Wait...   
20190913 20:37:32: Checking Local HA File(s) Size, Please Wait...   
20190913 20:37:33: Checking Local HA File(s) Size, Please Wait...   
20190913 20:37:34: Checking Local HA File(s) Size, Please Wait...   
20190913 20:37:35: Checking Local HA File(s) Size, Please Wait...   
20190913 20:37:36: Checking Local HA File(s) Size, Please Wait...   
20190913 20:37:38: Checking Local HA File(s) Size, Please Wait...   
20190913 20:37:39: Checking Local HA File(s) Size, Please Wait...   
20190913 20:37:40: Checking Local HA File(s) Size, Please Wait...   
20190913 20:37:41: Checking Local HA File(s) Size, Please Wait...   
20190913 20:37:42: Checking Local HA File(s) Size, Please Wait...   
20190913 20:37:43: Checking Local HA File(s) Size, Please Wait...   
20190913 20:37:44: Checking Local HA File(s) Size, Please Wait...   
20190913 20:37:45: Checking Local HA File(s) Size, Please Wait...   
20190913 20:37:46: Checking Local HA File(s) Size, Please Wait...   
20190913 20:37:47: Checking Local HA File(s) Size, Please Wait...   
20190913 20:37:48: Checking Local HA File(s) Size, Please Wait...   
20190913 20:37:49: Checking Local HA File(s) Size, Please Wait...   
20190913 20:37:50: Checking Local HA File(s) Size, Please Wait...   
20190913 20:37:51: Checking Local HA File(s) Size, Please Wait...   
20190913 20:37:52: Checking Local HA File(s) Size, Please Wait...   
20190913 20:37:54: Checking Local HA File(s) Size, Please Wait...   
20190913 20:37:55: Checking Local HA File(s) Size, Please Wait...   
20190913 20:37:56: Checking Local HA File(s) Size, Please Wait...   
20190913 20:37:57: Checking Local HA File(s) Size, Please Wait...   
20190913 20:37:58: Checking Local HA File(s) Size, Please Wait...   
20190913 20:37:59: Checking Local HA File(s) Size, Please Wait...   
20190913 20:38:00: Checking Local HA File(s) Size, Please Wait...   
20190913 20:38:01: Checking Local HA File(s) Size, Please Wait...   
20190913 20:38:02: Checking Local HA File(s) Size, Please Wait...   
20190913 20:38:03: Checking Local HA File(s) Size, Please Wait...   
20190913 20:38:04: Checking Local HA File(s) Size, Please Wait...   
20190913 20:38:05: Checking Local HA File(s) Size, Please Wait...   
20190913 20:38:06: Checking Local HA File(s) Size, Please Wait...   
20190913 20:38:07: Checking Local HA File(s) Size, Please Wait...   
20190913 20:38:08: Checking Local HA File(s) Size, Please Wait...   
20190913 20:38:09: Checking Local HA File(s) Size, Please Wait...   
20190913 20:38:11: Checking Local HA File(s) Size, Please Wait...   
20190913 20:38:12: Checking Local HA File(s) Size, Please Wait...   
20190913 20:38:13: Checking Local HA File(s) Size, Please Wait...   
20190913 20:38:14: Checking Local HA File(s) Size, Please Wait...   
20190913 20:38:15: Checking Local HA File(s) Size, Please Wait...   
20190913 20:38:16: Checking Local HA File(s) Size, Please Wait...   
20190913 20:38:17: Checking Local HA File(s) Size, Please Wait...   
20190913 20:38:18: Checking Local HA File(s) Size, Please Wait...   
20190913 20:38:19: Checking Local HA File(s) Size, Please Wait...   
20190913 20:38:20: Checking Local HA File(s) Size, Please Wait...   
20190913 20:38:21: Checking Local HA File(s) Size, Please Wait...   
20190913 20:38:22: Checking Local HA File(s) Size, Please Wait...   
20190913 20:38:23: Checking Local HA File(s) Size, Please Wait...   
20190913 20:38:24: Checking Local HA File(s) Size, Please Wait...   
20190913 20:38:25: Checking Local HA File(s) Size, Please Wait...   
20190913 20:38:27: Checking Local HA File(s) Size, Please Wait...   
20190913 20:38:28: Checking Local HA File(s) Size, Please Wait...   
20190913 20:38:29: Checking Local HA File(s) Size, Please Wait...   
20190913 20:38:30: Checking Local HA File(s) Size, Please Wait...   
20190913 20:38:31: Checking Local HA File(s) Size, Please Wait...   
20190913 20:38:32: Checking Local HA File(s) Size, Please Wait...   
20190913 20:38:33: Checking Local HA File(s) Size, Please Wait...   
20190913 20:38:34: Checking Local HA File(s) Size, Please Wait...   
20190913 20:38:35: Checking Local HA File(s) Size, Please Wait...   
20190913 20:38:36: Checking Local HA File(s) Size, Please Wait...   
20190913 20:38:37: Checking Local HA File(s) Size, Please Wait...   
20190913 20:38:38: Checking Local HA File(s) Size, Please Wait...   
20190913 20:38:39: Checking Local HA File(s) Size, Please Wait...   
20190913 20:38:40: Checking Local HA File(s) Size, Please Wait...   
20190913 20:38:41: Checking Local HA File(s) Size, Please Wait...   
20190913 20:38:43: Checking Local HA File(s) Size, Please Wait...   
20190913 20:38:44: Checking Local HA File(s) Size, Please Wait...   
20190913 20:38:45: Checking Local HA File(s) Size, Please Wait...   
20190913 20:38:46: Checking Local HA File(s) Size, Please Wait...   
20190913 20:38:47: Checking Local HA File(s) Size, Please Wait...   
20190913 20:38:48: Checking Local HA File(s) Size, Please Wait...   
20190913 20:38:49: Checking Local HA File(s) Size, Please Wait...   
20190913 20:38:50: Checking Local HA File(s) Size, Please Wait...   
20190913 20:38:51: Checking Local HA File(s) Size, Please Wait...   
20190913 20:38:52: Checking Local HA File(s) Size, Please Wait...   
20190913 20:38:53: Checking Local HA File(s) Size, Please Wait...   
20190913 20:38:54: Checking Local HA File(s) Size, Please Wait...   
20190913 20:38:55: Checking Local HA File(s) Size, Please Wait...   
20190913 20:38:56: Checking Local HA File(s) Size, Please Wait...   
20190913 20:38:57: Checking Local HA File(s) Size, Please Wait...   
20190913 20:38:58: Checking Local HA File(s) Size, Please Wait...   
20190913 20:39:00: Checking Local HA File(s) Size, Please Wait...   
20190913 20:39:01: Checking Local HA File(s) Size, Please Wait...   
20190913 20:39:02: Checking Local HA File(s) Size, Please Wait...   
20190913 20:39:03: Checking Local HA File(s) Size, Please Wait...   
20190913 20:39:04: Checking Local HA File(s) Size, Please Wait...   
20190913 20:39:05: Checking Local HA File(s) Size, Please Wait...   
20190913 20:39:06: Checking Local HA File(s) Size, Please Wait...   
20190913 20:39:07: Checking Local HA File(s) Size, Please Wait...   
20190913 20:39:08: Checking Local HA File(s) Size, Please Wait...   
20190913 20:39:09: Checking Local HA File(s) Size, Please Wait...   
20190913 20:39:10: Checking Local HA File(s) Size, Please Wait...   
20190913 20:39:11: Checking Local HA File(s) Size, Please Wait...   
20190913 20:39:12: Checking Local HA File(s) Size, Please Wait...   
20190913 20:39:13: Checking Local HA File(s) Size, Please Wait...   
20190913 20:39:14: Checking Local HA File(s) Size, Please Wait...   
20190913 20:39:15: Checking Local HA File(s) Size, Please Wait...   
20190913 20:39:17: Checking Local HA File(s) Size, Please Wait...   
20190913 20:39:18: Checking Local HA File(s) Size, Please Wait...   
20190913 20:39:19: Checking Local HA File(s) Size, Please Wait...   
20190913 20:39:20: Checking Local HA File(s) Size, Please Wait...   
20190913 20:39:21: Checking Local HA File(s) Size, Please Wait...   
20190913 20:39:22: Checking Local HA File(s) Size, Please Wait...   
20190913 20:39:23: Checking Local HA File(s) Size, Please Wait...   
20190913 20:39:24: Checking Local HA File(s) Size, Please Wait...   
20190913 20:39:25: Checking Local HA File(s) Size, Please Wait...   
20190913 20:39:26: Checking Local HA File(s) Size, Please Wait...   
20190913 20:39:27: Checking Local HA File(s) Size, Please Wait...   
20190913 20:39:28: Checking Local HA File(s) Size, Please Wait...   
20190913 20:39:29: Checking Local HA File(s) Size, Please Wait...   
20190913 20:39:30: Checking Local HA File(s) Size, Please Wait...   
20190913 20:39:31: Checking Local HA File(s) Size, Please Wait...   
20190913 20:39:32: Checking Local HA File(s) Size, Please Wait...   
20190913 20:39:34: Checking Local HA File(s) Size, Please Wait...   
20190913 20:39:35: Checking Local HA File(s) Size, Please Wait...   
20190913 20:39:36: Checking Local HA File(s) Size, Please Wait...   
20190913 20:39:37: Checking Local HA File(s) Size, Please Wait...   
20190913 20:39:38: Checking Local HA File(s) Size, Please Wait...   
20190913 20:39:39: Checking Local HA File(s) Size, Please Wait...   
20190913 20:39:40: Checking Local HA File(s) Size, Please Wait...   
20190913 20:39:41: Checking Local HA File(s) Size, Please Wait...   
20190913 20:39:42: Checking Local HA File(s) Size, Please Wait...   
20190913 20:39:43: Checking Local HA File(s) Size, Please Wait...   
20190913 20:39:44: Checking Local HA File(s) Size, Please Wait...   
20190913 20:39:45: Checking Local HA File(s) Size, Please Wait...   
20190913 20:39:46: Checking Local HA File(s) Size, Please Wait...   
20190913 20:39:47: Checking Local HA File(s) Size, Please Wait...   
20190913 20:39:48: Checking Local HA File(s) Size, Please Wait...   
20190913 20:39:49: Checking Local HA File(s) Size, Please Wait...   
20190913 20:39:50: Checking Local HA File(s) Size, Please Wait...   
20190913 20:39:52: Checking Local HA File(s) Size, Please Wait...   
20190913 20:39:53: Checking Local HA File(s) Size, Please Wait...   
20190913 20:39:54: Checking Local HA File(s) Size, Please Wait...   
20190913 20:39:55: Checking Local HA File(s) Size, Please Wait...   
20190913 20:39:56: Checking Local HA File(s) Size, Please Wait...   
20190913 20:39:57: Checking Local HA File(s) Size, Please Wait...   
20190913 20:39:58: Checking Local HA File(s) Size, Please Wait...   
20190913 20:39:59: Checking Local HA File(s) Size, Please Wait...   
20190913 20:40:00: Checking Local HA File(s) Size, Please Wait...   
20190913 20:40:01: Checking Local HA File(s) Size, Please Wait...   
20190913 20:40:02: Checking Local HA File(s) Size, Please Wait...   
20190913 20:40:03: Checking Local HA File(s) Size, Please Wait...   
20190913 20:40:04: Checking Local HA File(s) Size, Please Wait...   
20190913 20:40:05: Checking Local HA File(s) Size, Please Wait...   
20190913 20:40:06: Checking Local HA File(s) Size, Please Wait...   
20190913 20:40:07: Checking Local HA File(s) Size, Please Wait...   
20190913 20:40:08: Checking Local HA File(s) Size, Please Wait...   
20190913 20:40:10: Checking Local HA File(s) Size, Please Wait...   
20190913 20:40:11: Checking Local HA File(s) Size, Please Wait...   
20190913 20:40:12: Checking Local HA File(s) Size, Please Wait...   
20190913 20:40:13: Checking Local HA File(s) Size, Please Wait...   
20190913 20:40:14: Checking Local HA File(s) Size, Please Wait...   
20190913 20:40:15: Checking Local HA File(s) Size, Please Wait...   
20190913 20:40:16: Checking Local HA File(s) Size, Please Wait...   
20190913 20:40:17: Checking Local HA File(s) Size, Please Wait...   
20190913 20:40:18: Checking Local HA File(s) Size, Please Wait...   
20190913 20:40:19: Checking Local HA File(s) Size, Please Wait...   
20190913 20:40:20: Checking Local HA File(s) Size, Please Wait...   
20190913 20:40:21: Checking Local HA File(s) Size, Please Wait...   
20190913 20:40:22: Checking Local HA File(s) Size, Please Wait...   
20190913 20:40:23: Checking Local HA File(s) Size, Please Wait...   
20190913 20:40:24: Checking Local HA File(s) Size, Please Wait...   
20190913 20:40:25: Checking Local HA File(s) Size, Please Wait...   
20190913 20:40:27: Checking Local HA File(s) Size, Please Wait...   
20190913 20:40:28: Checking Local HA File(s) Size, Please Wait...   
20190913 20:40:29: Checking Local HA File(s) Size, Please Wait...   
20190913 20:40:30: Checking Local HA File(s) Size, Please Wait...   
20190913 20:40:31: Checking Local HA File(s) Size, Please Wait...   
20190913 20:40:32: Checking Local HA File(s) Size, Please Wait...   
20190913 20:40:33: Checking Local HA File(s) Size, Please Wait...   
20190913 20:40:34: Checking Local HA File(s) Size, Please Wait...   
20190913 20:40:35: Checking Local HA File(s) Size, Please Wait...   
20190913 20:40:36: Checking Local HA File(s) Size, Please Wait...   
20190913 20:40:37: Checking Local HA File(s) Size, Please Wait...   
20190913 20:40:38: Checking Local HA File(s) Size, Please Wait...   
20190913 20:40:39: Checking Local HA File(s) Size, Please Wait...   
20190913 20:40:40: Checking Local HA File(s) Size, Please Wait...   
20190913 20:40:41: Checking Local HA File(s) Size, Please Wait...   
20190913 20:40:42: Checking Local HA File(s) Size, Please Wait...   
20190913 20:40:43: Checking Local HA File(s) Size, Please Wait...   
20190913 20:40:45: Checking Local HA File(s) Size, Please Wait...   
20190913 20:40:46: Checking Local HA File(s) Size, Please Wait...   
20190913 20:40:47: Checking Local HA File(s) Size, Please Wait...   
20190913 20:40:48: Checking Local HA File(s) Size, Please Wait...   
20190913 20:40:49: Checking Local HA File(s) Size, Please Wait...   
20190913 20:40:50: Checking Local HA File(s) Size, Please Wait...   
20190913 20:40:51: Checking Local HA File(s) Size, Please Wait...   
20190913 20:40:52: Checking Local HA File(s) Size, Please Wait...   
20190913 20:40:53: Checking Local HA File(s) Size, Please Wait...   
20190913 20:40:54: Checking Local HA File(s) Size, Please Wait...   
20190913 20:40:55: Checking Local HA File(s) Size, Please Wait...   
20190913 20:40:56: Checking Local HA File(s) Size, Please Wait...   
20190913 20:40:57: Checking Local HA File(s) Size, Please Wait...   
20190913 20:40:58: Checking Local HA File(s) Size, Please Wait...   
20190913 20:40:59: Checking Local HA File(s) Size, Please Wait...   
20190913 20:41:00: Checking Local HA File(s) Size, Please Wait...   
20190913 20:41:02: Checking Local HA File(s) Size, Please Wait...   
20190913 20:41:03: Checking Local HA File(s) Size, Please Wait...   
20190913 20:41:04: Checking Local HA File(s) Size, Please Wait...   
20190913 20:41:05: Checking Local HA File(s) Size, Please Wait...   
20190913 20:41:06: Checking Local HA File(s) Size, Please Wait...   
20190913 20:41:07: Checking Local HA File(s) Size, Please Wait...   
20190913 20:41:08: Checking Local HA File(s) Size, Please Wait...   
20190913 20:41:09: Checking Local HA File(s) Size, Please Wait...   
20190913 20:41:10: Checking Local HA File(s) Size, Please Wait...   
20190913 20:41:11: Checking Local HA File(s) Size, Please Wait...   
20190913 20:41:12: Checking Local HA File(s) Size, Please Wait...   
20190913 20:41:13: Checking Local HA File(s) Size, Please Wait...   
20190913 20:41:14: Checking Local HA File(s) Size, Please Wait...   
20190913 20:41:15: Checking Local HA File(s) Size, Please Wait...   
20190913 20:41:16: Checking Local HA File(s) Size, Please Wait...   
20190913 20:41:18: Checking Local HA File(s) Size, Please Wait...   
20190913 20:41:19: Checking Local HA File(s) Size, Please Wait...   
20190913 20:41:20: Checking Local HA File(s) Size, Please Wait...   
20190913 20:41:21: Checking Local HA File(s) Size, Please Wait...   
20190913 20:41:22: Checking Local HA File(s) Size, Please Wait...   
20190913 20:41:23: Checking Local HA File(s) Size, Please Wait...   
20190913 20:41:24: Checking Local HA File(s) Size, Please Wait...   
20190913 20:41:25: Checking Local HA File(s) Size, Please Wait...   
20190913 20:41:26: Checking Local HA File(s) Size, Please Wait...   
20190913 20:41:27: Checking Local HA File(s) Size, Please Wait...   
20190913 20:41:28: Checking Local HA File(s) Size, Please Wait...   
20190913 20:41:29: Checking Local HA File(s) Size, Please Wait...   
20190913 20:41:30: Checking Local HA File(s) Size, Please Wait...   
20190913 20:41:31: Checking Local HA File(s) Size, Please Wait...   
20190913 20:41:32: Checking Local HA File(s) Size, Please Wait...   
20190913 20:41:34: Checking Local HA File(s) Size, Please Wait...   
20190913 20:41:35: Checking Local HA File(s) Size, Please Wait...   
20190913 20:41:36: Checking Local HA File(s) Size, Please Wait...   
20190913 20:41:37: Checking Local HA File(s) Size, Please Wait...   
20190913 20:41:38: Checking Local HA File(s) Size, Please Wait...   
20190913 20:41:39: Checking Local HA File(s) Size, Please Wait...   
20190913 20:41:40: Checking Local HA File(s) Size, Please Wait...   
20190913 20:41:41: Checking Local HA File(s) Size, Please Wait...   
20190913 20:41:42: Checking Local HA File(s) Size, Please Wait...   
20190913 20:41:43: Checking Local HA File(s) Size, Please Wait...   
20190913 20:41:44: Checking Local HA File(s) Size, Please Wait...   
20190913 20:41:45: Checking Local HA File(s) Size, Please Wait...   
20190913 20:41:46: Checking Local HA File(s) Size, Please Wait...   
20190913 20:41:47: Checking Local HA File(s) Size, Please Wait...   
20190913 20:41:48: Checking Local HA File(s) Size, Please Wait...   
20190913 20:41:49: Checking Local HA File(s) Size, Please Wait...   
20190913 20:41:51: Checking Local HA File(s) Size, Please Wait...   
20190913 20:41:52: Checking Local HA File(s) Size, Please Wait...   
20190913 20:41:53: Checking Local HA File(s) Size, Please Wait...   
20190913 20:41:54: Checking Local HA File(s) Size, Please Wait...   
20190913 20:41:55: Checking Local HA File(s) Size, Please Wait...   
20190913 20:41:56: Checking Local HA File(s) Size, Please Wait...   
20190913 20:41:57: Checking Local HA File(s) Size, Please Wait...   
20190913 20:41:58: Checking Local HA File(s) Size, Please Wait...   
20190913 20:41:59: Checking Local HA File(s) Size, Please Wait...   
20190913 20:42:00: Checking Local HA File(s) Size, Please Wait...   
20190913 20:42:01: Checking Local HA File(s) Size, Please Wait...   
20190913 20:42:02: Checking Local HA File(s) Size, Please Wait...   
20190913 20:42:03: Checking Local HA File(s) Size, Please Wait...   
20190913 20:42:04: Checking Local HA File(s) Size, Please Wait...   
20190913 20:42:05: Checking Local HA File(s) Size, Please Wait...   
20190913 20:42:06: Checking Local HA File(s) Size, Please Wait...   
20190913 20:42:08: Checking Local HA File(s) Size, Please Wait...   
20190913 20:42:09: Checking Local HA File(s) Size, Please Wait...   
20190913 20:42:10: Checking Local HA File(s) Size, Please Wait...   
20190913 20:42:11: Checking Local HA File(s) Size, Please Wait...   
20190913 20:42:12: Checking Local HA File(s) Size, Please Wait...   
20190913 20:42:13: Checking Local HA File(s) Size, Please Wait...   
20190913 20:42:14: Checking Local HA File(s) Size, Please Wait...   
20190913 20:42:15: Checking Local HA File(s) Size, Please Wait...   
20190913 20:42:16: Checking Local HA File(s) Size, Please Wait...   
20190913 20:42:17: Checking Local HA File(s) Size, Please Wait...   
20190913 20:42:18: Checking Local HA File(s) Size, Please Wait...   
20190913 20:42:19: Checking Local HA File(s) Size, Please Wait...   
20190913 20:42:20: Checking Local HA File(s) Size, Please Wait...   
20190913 20:42:21: Checking Local HA File(s) Size, Please Wait...   
20190913 20:42:22: Checking Local HA File(s) Size, Please Wait...   
20190913 20:42:24: Checking Local HA File(s) Size, Please Wait...   
20190913 20:42:25: Checking Local HA File(s) Size, Please Wait...   
20190913 20:42:26: Checking Local HA File(s) Size, Please Wait...   
20190913 20:42:27: Checking Local HA File(s) Size, Please Wait...   
20190913 20:42:28: Checking Local HA File(s) Size, Please Wait...   
20190913 20:42:29: Checking Local HA File(s) Size, Please Wait...   
20190913 20:42:30: Checking Local HA File(s) Size, Please Wait...   
20190913 20:42:31: Checking Local HA File(s) Size, Please Wait...   
20190913 20:42:32: Checking Local HA File(s) Size, Please Wait...   
20190913 20:42:33: Checking Local HA File(s) Size, Please Wait...   
20190913 20:42:34: Checking Local HA File(s) Size, Please Wait...   
20190913 20:42:35: Checking Local HA File(s) Size, Please Wait...   
20190913 20:42:36: Checking Local HA File(s) Size, Please Wait...   
20190913 20:42:37: Checking Local HA File(s) Size, Please Wait...   
20190913 20:42:38: Checking Local HA File(s) Size, Please Wait...   
20190913 20:42:39: Checking Local HA File(s) Size, Please Wait...   
20190913 20:42:40: Checking Local HA File(s) Size, Please Wait...   
20190913 20:42:42: Checking Local HA File(s) Size, Please Wait...   
20190913 20:42:43: Checking Local HA File(s) Size, Please Wait...   
20190913 20:42:44: Checking Local HA File(s) Size, Please Wait...   
20190913 20:42:45: Checking Local HA File(s) Size, Please Wait...   
20190913 20:42:46: Checking Local HA File(s) Size, Please Wait...   
20190913 20:42:47: Checking Local HA File(s) Size, Please Wait...   
20190913 20:42:48: Checking Local HA File(s) Size, Please Wait...   
20190913 20:42:49: Checking Local HA File(s) Size, Please Wait...   
20190913 20:42:50: Checking Local HA File(s) Size, Please Wait...   
20190913 20:42:51: Checking Local HA File(s) Size, Please Wait...   
20190913 20:42:52: Checking Local HA File(s) Size, Please Wait...   
20190913 20:42:53: Checking Local HA File(s) Size, Please Wait...   
20190913 20:42:54: Checking Local HA File(s) Size, Please Wait...   
20190913 20:42:55: Checking Local HA File(s) Size, Please Wait...   
20190913 20:42:56: Checking Local HA File(s) Size, Please Wait...   
20190913 20:42:57: Checking Local HA File(s) Size, Please Wait...   
20190913 20:42:58: Checking Local HA File(s) Size, Please Wait...   
20190913 20:43:00: Checking Local HA File(s) Size, Please Wait...   
20190913 20:43:01: Checking Local HA File(s) Size, Please Wait...   
20190913 20:43:02: Checking Local HA File(s) Size, Please Wait...   
20190913 20:43:03: Checking Local HA File(s) Size, Please Wait...   
20190913 20:43:04: Checking Local HA File(s) Size, Please Wait...   
20190913 20:43:05: Checking Local HA File(s) Size, Please Wait...   
20190913 20:43:06: Checking Local HA File(s) Size, Please Wait...   
20190913 20:43:07: Checking Local HA File(s) Size, Please Wait...   
20190913 20:43:08: Checking Local HA File(s) Size, Please Wait...   
20190913 20:43:09: Checking Local HA File(s) Size, Please Wait...   
20190913 20:43:10: Checking Local HA File(s) Size, Please Wait...   
20190913 20:43:11: Checking Local HA File(s) Size, Please Wait...   
20190913 20:43:12: Checking Local HA File(s) Size, Please Wait...   
20190913 20:43:13: Checking Local HA File(s) Size, Please Wait...   
20190913 20:43:14: Checking Local HA File(s) Size, Please Wait...   
20190913 20:43:15: Checking Local HA File(s) Size, Please Wait...   
20190913 20:43:17: Checking Local HA File(s) Size, Please Wait...   
20190913 20:43:18: Checking Local HA File(s) Size, Please Wait...   
20190913 20:43:19: Checking Local HA File(s) Size, Please Wait...   
20190913 20:43:20: Checking Local HA File(s) Size, Please Wait...   
20190913 20:43:21: Checking Local HA File(s) Size, Please Wait...   
20190913 20:43:22: Checking Local HA File(s) Size, Please Wait...   
20190913 20:43:23: Checking Local HA File(s) Size, Please Wait...   
20190913 20:43:24: Checking Local HA File(s) Size, Please Wait...   
20190913 20:43:25: Checking Local HA File(s) Size, Please Wait...   
20190913 20:43:26: Checking Local HA File(s) Size, Please Wait...   
20190913 20:43:27: Checking Local HA File(s) Size, Please Wait...   
20190913 20:43:28: Checking Local HA File(s) Size, Please Wait...   
20190913 20:43:29: Checking Local HA File(s) Size, Please Wait...   
20190913 20:43:30: Checking Local HA File(s) Size, Please Wait...   
20190913 20:43:31: Checking Local HA File(s) Size, Please Wait...   
20190913 20:43:32: Checking Local HA File(s) Size, Please Wait...   
20190913 20:43:33: Checking Local HA File(s) Size, Please Wait...   
20190913 20:43:34: Checking Local HA File(s) Size, Please Wait...   
20190913 20:43:36: Checking Local HA File(s) Size, Please Wait...   
20190913 20:43:37: Checking Local HA File(s) Size, Please Wait...   
20190913 20:43:38: Checking Local HA File(s) Size, Please Wait...   
20190913 20:43:39: Checking Local HA File(s) Size, Please Wait...   
20190913 20:43:40: Checking Local HA File(s) Size, Please Wait...   
20190913 20:43:41: Checking Local HA File(s) Size, Please Wait...   
20190913 20:43:42: Checking Local HA File(s) Size, Please Wait...   
20190913 20:43:43: Checking Local HA File(s) Size, Please Wait...   
20190913 20:43:44: Checking Local HA File(s) Size, Please Wait...   
20190913 20:43:45: Checking Local HA File(s) Size, Please Wait...   
20190913 20:43:46: Checking Local HA File(s) Size, Please Wait...   
20190913 20:43:47: Checking Local HA File(s) Size, Please Wait...   
20190913 20:43:48: Checking Local HA File(s) Size, Please Wait...   
20190913 20:43:49: Checking Local HA File(s) Size, Please Wait...   
20190913 20:43:50: Checking Local HA File(s) Size, Please Wait...   
20190913 20:43:51: Checking Local HA File(s) Size, Please Wait...   
20190913 20:43:53: Checking Local HA File(s) Size, Please Wait...   
20190913 20:43:54: Checking Local HA File(s) Size, Please Wait...   
20190913 20:43:55: Checking Local HA File(s) Size, Please Wait...   
20190913 20:43:56: Checking Local HA File(s) Size, Please Wait...   
20190913 20:43:57: Checking Local HA File(s) Size, Please Wait...   
20190913 20:43:58: Checking Local HA File(s) Size, Please Wait...   
20190913 20:43:59: Checking Local HA File(s) Size, Please Wait...   
20190913 20:44:00: Checking Local HA File(s) Size, Please Wait...   
20190913 20:44:01: Checking Local HA File(s) Size, Please Wait...   
20190913 20:44:02: Checking Local HA File(s) Size, Please Wait...   
20190913 20:44:03: Checking Local HA File(s) Size, Please Wait...   
20190913 20:44:04: Checking Local HA File(s) Size, Please Wait...   
20190913 20:44:05: Checking Local HA File(s) Size, Please Wait...   
20190913 20:44:06: Checking Local HA File(s) Size, Please Wait...   
20190913 20:44:07: Checking Local HA File(s) Size, Please Wait...   
20190913 20:44:08: Checking Local HA File(s) Size, Please Wait...   
20190913 20:44:09: Checking Local HA File(s) Size, Please Wait...   
20190913 20:44:11: Checking Local HA File(s) Size, Please Wait...   
20190913 20:44:12: Checking Local HA File(s) Size, Please Wait...   
20190913 20:44:13: Checking Local HA File(s) Size, Please Wait...   
20190913 20:44:14: Checking Local HA File(s) Size, Please Wait...   
20190913 20:44:15: Checking Local HA File(s) Size, Please Wait...   
20190913 20:44:16: Checking Local HA File(s) Size, Please Wait...   
20190913 20:44:17: Checking Local HA File(s) Size, Please Wait...   
20190913 20:44:18: Checking Local HA File(s) Size, Please Wait...   
20190913 20:44:19: Checking Local HA File(s) Size, Please Wait...   
20190913 20:44:20: Checking Local HA File(s) Size, Please Wait...   
20190913 20:44:21: Checking Local HA File(s) Size, Please Wait...   
20190913 20:44:22: Checking Local HA File(s) Size, Please Wait...   
20190913 20:44:23: Checking Local HA File(s) Size, Please Wait...   
20190913 20:44:24: Checking Local HA File(s) Size, Please Wait...   
20190913 20:44:25: Checking Local HA File(s) Size, Please Wait...   
20190913 20:44:26: Checking Local HA File(s) Size, Please Wait...   
20190913 20:44:27: Checking Local HA File(s) Size, Please Wait...   
20190913 20:44:29: Checking Local HA File(s) Size, Please Wait...   
20190913 20:44:30: Checking Local HA File(s) Size, Please Wait...   
20190913 20:44:31: Checking Local HA File(s) Size, Please Wait...   
20190913 20:44:32: Checking Local HA File(s) Size, Please Wait...   
20190913 20:44:33: Checking Local HA File(s) Size, Please Wait...   
20190913 20:44:34: Checking Local HA File(s) Size, Please Wait...   
20190913 20:44:35: Checking Local HA File(s) Size, Please Wait...   
20190913 20:44:36: Checking Local HA File(s) Size, Please Wait...   
20190913 20:44:37: Checking Local HA File(s) Size, Please Wait...   
20190913 20:44:38: Checking Local HA File(s) Size, Please Wait...   
20190913 20:44:39: Checking Local HA File(s) Size, Please Wait...   
20190913 20:44:40: Checking Local HA File(s) Size, Please Wait...   
20190913 20:44:41: Checking Local HA File(s) Size, Please Wait...   
20190913 20:44:42: Checking Local HA File(s) Size, Please Wait...   
20190913 20:44:43: Checking Local HA File(s) Size, Please Wait...   
20190913 20:44:44: Checking Local HA File(s) Size, Please Wait...   
20190913 20:44:45: Checking Local HA File(s) Size, Please Wait...   
20190913 20:44:46: Checking Local HA File(s) Size, Please Wait...   
20190913 20:44:48: Checking Local HA File(s) Size, Please Wait...   
20190913 20:44:49: Checking Local HA File(s) Size, Please Wait...   
20190913 20:44:50: Checking Local HA File(s) Size, Please Wait...   
20190913 20:44:51: Checking Local HA File(s) Size, Please Wait...   
20190913 20:44:52: Checking Local HA File(s) Size, Please Wait...   
20190913 20:44:53: Checking Local HA File(s) Size, Please Wait...   
20190913 20:44:54: Checking Local HA File(s) Size, Please Wait...   
20190913 20:44:55: Checking Local HA File(s) Size, Please Wait...   
20190913 20:44:56: Checking Local HA File(s) Size, Please Wait...   
20190913 20:44:57: Checking Local HA File(s) Size, Please Wait...   
20190913 20:44:58: Checking Local HA File(s) Size, Please Wait...   
20190913 20:44:59: Checking Local HA File(s) Size, Please Wait...   
20190913 20:45:00: Checking Local HA File(s) Size, Please Wait...   
20190913 20:45:01: Checking Local HA File(s) Size, Please Wait...   
20190913 20:45:02: Checking Local HA File(s) Size, Please Wait...   
20190913 20:45:03: Checking Local HA File(s) Size, Please Wait...   
20190913 20:45:04: Checking Local HA File(s) Size, Please Wait...   
20190913 20:45:06: Checking Local HA File(s) Size, Please Wait...   
20190913 20:45:07: Checking Local HA File(s) Size, Please Wait...   
20190913 20:45:08: Checking Local HA File(s) Size, Please Wait...   
20190913 20:45:09: Checking Local HA File(s) Size, Please Wait...   
20190913 20:45:10: Checking Local HA File(s) Size, Please Wait...   
20190913 20:45:11: Checking Local HA File(s) Size, Please Wait...   
20190913 20:45:12: Checking Local HA File(s) Size, Please Wait...   
20190913 20:45:13: Checking Local HA File(s) Size, Please Wait...   
20190913 20:45:14: Checking Local HA File(s) Size, Please Wait...   
20190913 20:45:15: Checking Local HA File(s) Size, Please Wait...   
20190913 20:45:16: Checking Local HA File(s) Size, Please Wait...   
20190913 20:45:17: Checking Local HA File(s) Size, Please Wait...   
20190913 20:45:18: Checking Local HA File(s) Size, Please Wait...   
20190913 20:45:19: Checking Local HA File(s) Size, Please Wait...   
20190913 20:45:20: Checking Local HA File(s) Size, Please Wait...   
20190913 20:45:21: Checking Local HA File(s) Size, Please Wait...   
20190913 20:45:22: Checking Local HA File(s) Size, Please Wait...   
20190913 20:45:23: Checking Local HA File(s) Size, Please Wait...   
20190913 20:45:25: Checking Local HA File(s) Size, Please Wait...   
20190913 20:45:26: Checking Local HA File(s) Size, Please Wait...   
20190913 20:45:27: Checking Local HA File(s) Size, Please Wait...   
20190913 20:45:28: Checking Local HA File(s) Size, Please Wait...   
20190913 20:45:29: Checking Local HA File(s) Size, Please Wait...   
20190913 20:45:30: Checking Local HA File(s) Size, Please Wait...   
20190913 20:45:31: Checking Local HA File(s) Size, Please Wait...   
20190913 20:45:32: Checking Local HA File(s) Size, Please Wait...   
20190913 20:45:33: Checking Local HA File(s) Size, Please Wait...   
20190913 20:45:34: Checking Local HA File(s) Size, Please Wait...   
20190913 20:45:35: Checking Local HA File(s) Size, Please Wait...   
20190913 20:45:36: Checking Local HA File(s) Size, Please Wait...   
20190913 20:45:37: Checking Local HA File(s) Size, Please Wait...   
20190913 20:45:38: Checking Local HA File(s) Size, Please Wait...   
20190913 20:45:39: Checking Local HA File(s) Size, Please Wait...   
20190913 20:45:40: Checking Local HA File(s) Size, Please Wait...   
20190913 20:45:41: Checking Local HA File(s) Size, Please Wait...   
20190913 20:45:43: Checking Local HA File(s) Size, Please Wait...   
20190913 20:45:44: Checking Local HA File(s) Size, Please Wait...   
20190913 20:45:45: Checking Local HA File(s) Size, Please Wait...   
20190913 20:45:46: Checking Local HA File(s) Size, Please Wait...   
20190913 20:45:47: Checking Local HA File(s) Size, Please Wait...   
20190913 20:45:48: Checking Local HA File(s) Size, Please Wait...   
20190913 20:45:49: Checking Local HA File(s) Size, Please Wait...   
20190913 20:45:50: Checking Local HA File(s) Size, Please Wait...   
20190913 20:45:51: Checking Local HA File(s) Size, Please Wait...   
20190913 20:45:52: Checking Local HA File(s) Size, Please Wait...   
20190913 20:45:53: Checking Local HA File(s) Size, Please Wait...   
20190913 20:45:54: Checking Local HA File(s) Size, Please Wait...   
20190913 20:45:55: Checking Local HA File(s) Size, Please Wait...   
20190913 20:45:56: Checking Local HA File(s) Size, Please Wait...   
20190913 20:45:57: Checking Local HA File(s) Size, Please Wait...   
20190913 20:45:58: Checking Local HA File(s) Size, Please Wait...   
20190913 20:45:59: Checking Local HA File(s) Size, Please Wait...   
20190913 20:46:00: Checking Local HA File(s) Size, Please Wait...   
20190913 20:46:02: Checking Local HA File(s) Size, Please Wait...   
20190913 20:46:03: Checking Local HA File(s) Size, Please Wait...   
20190913 20:46:04: Checking Local HA File(s) Size, Please Wait...   
20190913 20:46:05: Checking Local HA File(s) Size, Please Wait...   
20190913 20:46:06: Checking Local HA File(s) Size, Please Wait...   
20190913 20:46:07: Checking Local HA File(s) Size, Please Wait...   
20190913 20:46:08: Checking Local HA File(s) Size, Please Wait...   
20190913 20:46:09: Checking Local HA File(s) Size, Please Wait...   
20190913 20:46:10: Checking Local HA File(s) Size, Please Wait...   
20190913 20:46:11: Checking Local HA File(s) Size, Please Wait...   
20190913 20:46:12: Checking Local HA File(s) Size, Please Wait...   
20190913 20:46:13: Checking Local HA File(s) Size, Please Wait...   
20190913 20:46:14: Checking Local HA File(s) Size, Please Wait...   
20190913 20:46:15: Checking Local HA File(s) Size, Please Wait...   
20190913 20:46:16: Checking Local HA File(s) Size, Please Wait...   
20190913 20:46:17: Checking Local HA File(s) Size, Please Wait...   
20190913 20:46:18: Checking Local HA File(s) Size, Please Wait...   
20190913 20:46:19: Checking Local HA File(s) Size, Please Wait...   
20190913 20:46:21: Checking Local HA File(s) Size, Please Wait...   
20190913 20:46:22: Checking Local HA File(s) Size, Please Wait...   
20190913 20:46:23: Checking Local HA File(s) Size, Please Wait...   
20190913 20:46:24: Checking Local HA File(s) Size, Please Wait...   
20190913 20:46:25: Checking Local HA File(s) Size, Please Wait...   
20190913 20:46:26: Checking Local HA File(s) Size, Please Wait...   
20190913 20:46:27: Checking Local HA File(s) Size, Please Wait...   
20190913 20:46:28: Checking Local HA File(s) Size, Please Wait...   
20190913 20:46:29: Checking Local HA File(s) Size, Please Wait...   
20190913 20:46:30: Checking Local HA File(s) Size, Please Wait...   
20190913 20:46:31: Checking Local HA File(s) Size, Please Wait...   
20190913 20:46:32: Checking Local HA File(s) Size, Please Wait...   
20190913 20:46:33: Checking Local HA File(s) Size, Please Wait...   
20190913 20:46:34: Checking Local HA File(s) Size, Please Wait...   
20190913 20:46:35: Checking Local HA File(s) Size, Please Wait...   
20190913 20:46:36: Checking Local HA File(s) Size, Please Wait...   
20190913 20:46:37: Checking Local HA File(s) Size, Please Wait...   
20190913 20:46:38: Checking Local HA File(s) Size, Please Wait...   
20190913 20:46:40: Checking Local HA File(s) Size, Please Wait...   
20190913 20:46:41: Checking Local HA File(s) Size, Please Wait...   
20190913 20:46:42: Checking Local HA File(s) Size, Please Wait...   
20190913 20:46:43: Checking Local HA File(s) Size, Please Wait...   
20190913 20:46:44: Checking Local HA File(s) Size, Please Wait...   
20190913 20:46:45: Checking Local HA File(s) Size, Please Wait...   
20190913 20:46:46: Checking Local HA File(s) Size, Please Wait...   
20190913 20:46:47: Checking Local HA File(s) Size, Please Wait...   
20190913 20:46:48: Checking Local HA File(s) Size, Please Wait...   
20190913 20:46:49: Checking Local HA File(s) Size, Please Wait...   
20190913 20:46:50: Checking Local HA File(s) Size, Please Wait...   
20190913 20:46:51: Checking Local HA File(s) Size, Please Wait...   
20190913 20:46:52: Checking Local HA File(s) Size, Please Wait...   
20190913 20:46:53: Checking Local HA File(s) Size, Please Wait...   
20190913 20:46:54: Checking Local HA File(s) Size, Please Wait...   
20190913 20:46:55: Checking Local HA File(s) Size, Please Wait...   
20190913 20:46:57: Checking Local HA File(s) Size, Please Wait...   
20190913 20:46:58: Checking Local HA File(s) Size, Please Wait...   
20190913 20:46:59: Checking Local HA File(s) Size, Please Wait...   
20190913 20:47:00: Checking Local HA File(s) Size, Please Wait...   
20190913 20:47:01: Checking Local HA File(s) Size, Please Wait...   
20190913 20:47:02: Checking Local HA File(s) Size, Please Wait...   
20190913 20:47:03: Checking Local HA File(s) Size, Please Wait...   
20190913 20:47:04: Checking Local HA File(s) Size, Please Wait...   
20190913 20:47:05: Checking Local HA File(s) Size, Please Wait...   
20190913 20:47:06: Checking Local HA File(s) Size, Please Wait...   
20190913 20:47:07: Checking Local HA File(s) Size, Please Wait...   
20190913 20:47:08: Checking Local HA File(s) Size, Please Wait...   
20190913 20:47:09: Checking Local HA File(s) Size, Please Wait...   
20190913 20:47:10: Checking Local HA File(s) Size, Please Wait...   
20190913 20:47:11: Checking Local HA File(s) Size, Please Wait...   
20190913 20:47:12: Checking Local HA File(s) Size, Please Wait...   
20190913 20:47:13: Checking Local HA File(s) Size, Please Wait...   
20190913 20:47:15: Checking Local HA File(s) Size, Please Wait...   
20190913 20:47:16: Checking Local HA File(s) Size, Please Wait...   
20190913 20:47:17: Checking Local HA File(s) Size, Please Wait...   
20190913 20:47:18: Checking Local HA File(s) Size, Please Wait...   
20190913 20:47:19: Checking Local HA File(s) Size, Please Wait...   
20190913 20:47:20: Checking Local HA File(s) Size, Please Wait...   
20190913 20:47:21: Checking Local HA File(s) Size, Please Wait...   
20190913 20:47:22: Checking Local HA File(s) Size, Please Wait...   
20190913 20:47:23: Checking Local HA File(s) Size, Please Wait...   
20190913 20:47:24: Checking Local HA File(s) Size, Please Wait...   
20190913 20:47:25: Checking Local HA File(s) Size, Please Wait...   
20190913 20:47:26: Checking Local HA File(s) Size, Please Wait...   
20190913 20:47:27: Checking Local HA File(s) Size, Please Wait...   
20190913 20:47:28: Checking Local HA File(s) Size, Please Wait...   
20190913 20:47:29: Checking Local HA File(s) Size, Please Wait...   
20190913 20:47:30: Checking Local HA File(s) Size, Please Wait...   
20190913 20:47:30: Local HA File(s) Size Checking Task Has Done!
                   Finishing....
20190913 20:47:31: HA Wrong Size File(s) Copying, please wait...
20190913 20:47:31: HA Wrong Size File(s) Copying Task Has Done!
                   Finishing....
20190913 20:47:31: Sending notification email to Observation Assistant...
20190913 20:47:33: Checking & Copying HA data @ FSO finished!
           Total : 0 error file(s) found
                 : 0 file(s) not corrected
                 : see /cygdrive/d/chd/LFTP4WIN-master/home/chd/log/HA-fits@20190913-tmp.list for details
       Time Used : 1052 secs.
            From : 20:30:01
              To : 20:47:33
=================================================================================
