                                                       
======= Welcome to Data Archiving System @ FSO! =======
              fso-data-check-copy.sh                   
          (Release 0.1 20190725 11:51)                 
                                                       
           Check HA data and copy               
                                                       
                20190912 20:30:01                         
=======================================================
 
20190912 20:30:01: Local Missing HA File(s) Checking, please wait...
20190912 20:30:01: Local Missing HA File(s) Checking Task Has Done!
                   Finishing....
20190912 20:30:01: HA Wrong Size File(s) Copying, please wait...
20190912 20:30:02: HA Wrong Size File(s) Copying Task Has Done!
                   Finishing....
20190912 20:30:02: Local HA File(s) Size Checking, please wait...
20190912 20:30:03: Checking Local HA File(s) Size, Please Wait...   
20190912 20:30:04: Checking Local HA File(s) Size, Please Wait...   
20190912 20:30:05: Checking Local HA File(s) Size, Please Wait...   
20190912 20:30:06: Checking Local HA File(s) Size, Please Wait...   
20190912 20:30:07: Local HA File(s) Size Checking Task Has Done!
                   Finishing....
20190912 20:30:07: HA Wrong Size File(s) Copying, please wait...
20190912 20:30:07: HA Wrong Size File(s) Copying Task Has Done!
                   Finishing....
20190912 20:30:07: Sending notification email to Observation Assistant...
20190912 20:30:09: Checking & Copying HA data @ FSO finished!
           Total : 0 error file(s) copied
       Time Used : 8 secs.
            From : 20:30:01
              To : 20:30:09
=================================================================================
