 
======== Welcome to FSO Data Copying System@FSO! ========
                                                         
                 fso-copy-lftp-cyg.sh                    
                                                         
             Relase 1.6     20190717  11:16              
                                                         
                                                         
                  20190911    08:00:01                       
                                                         
=========================================================
 
20190911 08:00:01: Copying HA data @ FSO...
                   From: /20190911/HA/ 
                   To  : /cygdrive/f/20190911/HA/ 
                   Please Wait...
20190911 08:00:02: Syncing HA Data...   Please Wait...
20190911 08:00:03: Syncing HA Data...   Please Wait...
20190911 08:00:04: Syncing HA Data...   Please Wait...
20190911 08:00:06: Syncing HA Data...   Please Wait...
20190911 08:00:06: HA Syncing Task Has Done!
                   Finishing...
20190911 08:00:07: File Number Sumerizing for Synced HA Data Task Has Done!
                   Finishing...
20190911 08:00:07: File Size Summerizing for Synced HA Data Task Has Done!
                   Finishing...
 
20190911 08:00:07: Succeeded in Syncing HA data @ FSO!
 Synced file No. : 0 file(s)
Synced data size : 0 MB
    Sync @ Speed : 0 MB/s
  Sync Time Used : 5 secs.
    Total Synced : 0 file(s)
                 : 0 MB
 Total Time Used : 6 secs.
            From : 08:00:01 
              To : 08:00:07 
 
======== Welcome to FSO Data Copying System@FSO! ========
                                                         
                 fso-copy-lftp-cyg.sh                    
                                                         
             Relase 1.6     20190717  11:16              
                                                         
                                                         
                  20190911    08:03:01                       
                                                         
=========================================================
 
/cygdrive/f/20190911/HA/ already exist!
20190911 08:03:01: Copying HA data @ FSO...
                   From: /20190911/HA/ 
                   To  : /cygdrive/f/20190911/HA/ 
                   Please Wait...
20190911 08:03:02: Syncing HA Data...   Please Wait...
20190911 08:03:03: Syncing HA Data...   Please Wait...
20190911 08:03:04: Syncing HA Data...   Please Wait...
20190911 08:03:05: Syncing HA Data...   Please Wait...
20190911 08:03:06: HA Syncing Task Has Done!
                   Finishing...
20190911 08:03:06: File Number Sumerizing for Synced HA Data Task Has Done!
                   Finishing...
20190911 08:03:06: File Size Summerizing for Synced HA Data Task Has Done!
                   Finishing...
 
20190911 08:03:06: Succeeded in Syncing HA data @ FSO!
 Synced file No. : 0 file(s)
Synced data size : 0 MB
    Sync @ Speed : 0 MB/s
  Sync Time Used : 5 secs.
    Total Synced : 0 file(s)
                 : 0 MB
 Total Time Used : 5 secs.
            From : 08:03:01 
              To : 08:03:06 
 
======== Welcome to FSO Data Copying System@FSO! ========
                                                         
                 fso-copy-lftp-cyg.sh                    
                                                         
             Relase 1.6     20190717  11:16              
                                                         
                                                         
                  20190911    08:06:01                       
                                                         
=========================================================
 
/cygdrive/f/20190911/HA/ already exist!
20190911 08:06:01: Copying HA data @ FSO...
                   From: /20190911/HA/ 
                   To  : /cygdrive/f/20190911/HA/ 
                   Please Wait...
20190911 08:06:02: Syncing HA Data...   Please Wait...
20190911 08:06:03: Syncing HA Data...   Please Wait...
20190911 08:06:04: Syncing HA Data...   Please Wait...
20190911 08:06:06: Syncing HA Data...   Please Wait...
20190911 08:06:06: HA Syncing Task Has Done!
                   Finishing...
20190911 08:06:07: File Number Sumerizing for Synced HA Data Task Has Done!
                   Finishing...
20190911 08:06:07: File Size Summerizing for Synced HA Data Task Has Done!
                   Finishing...
 
20190911 08:06:07: Succeeded in Syncing HA data @ FSO!
 Synced file No. : 0 file(s)
Synced data size : 0 MB
    Sync @ Speed : 0 MB/s
  Sync Time Used : 5 secs.
    Total Synced : 0 file(s)
                 : 0 MB
 Total Time Used : 6 secs.
            From : 08:06:01 
              To : 08:06:07 
 
======== Welcome to FSO Data Copying System@FSO! ========
                                                         
                 fso-copy-lftp-cyg.sh                    
                                                         
             Relase 1.6     20190717  11:16              
                                                         
                                                         
                  20190911    08:09:02                       
                                                         
=========================================================
 
/cygdrive/f/20190911/HA/ already exist!
20190911 08:09:02: Copying HA data @ FSO...
                   From: /20190911/HA/ 
                   To  : /cygdrive/f/20190911/HA/ 
                   Please Wait...
20190911 08:09:03: Syncing HA Data...   Please Wait...
20190911 08:09:04: Syncing HA Data...   Please Wait...
20190911 08:09:05: Syncing HA Data...   Please Wait...
20190911 08:09:06: Syncing HA Data...   Please Wait...
20190911 08:09:07: HA Syncing Task Has Done!
                   Finishing...
20190911 08:09:07: File Number Sumerizing for Synced HA Data Task Has Done!
                   Finishing...
20190911 08:09:07: File Size Summerizing for Synced HA Data Task Has Done!
                   Finishing...
 
20190911 08:09:07: Succeeded in Syncing HA data @ FSO!
 Synced file No. : 0 file(s)
Synced data size : 0 MB
    Sync @ Speed : 0 MB/s
  Sync Time Used : 5 secs.
    Total Synced : 0 file(s)
                 : 0 MB
 Total Time Used : 5 secs.
            From : 08:09:02 
              To : 08:09:07 
 
======== Welcome to FSO Data Copying System@FSO! ========
                                                         
                 fso-copy-lftp-cyg.sh                    
                                                         
             Relase 1.6     20190717  11:16              
                                                         
                                                         
                  20190911    08:12:01                       
                                                         
=========================================================
 
/cygdrive/f/20190911/HA/ already exist!
20190911 08:12:01: Copying HA data @ FSO...
                   From: /20190911/HA/ 
                   To  : /cygdrive/f/20190911/HA/ 
                   Please Wait...
20190911 08:12:02: Syncing HA Data...   Please Wait...
20190911 08:12:03: Syncing HA Data...   Please Wait...
20190911 08:12:04: Syncing HA Data...   Please Wait...
20190911 08:12:05: Syncing HA Data...   Please Wait...
20190911 08:12:06: HA Syncing Task Has Done!
                   Finishing...
20190911 08:12:06: File Number Sumerizing for Synced HA Data Task Has Done!
                   Finishing...
20190911 08:12:07: File Size Summerizing for Synced HA Data Task Has Done!
                   Finishing...
 
20190911 08:12:07: Succeeded in Syncing HA data @ FSO!
 Synced file No. : 0 file(s)
Synced data size : 0 MB
    Sync @ Speed : 0 MB/s
  Sync Time Used : 5 secs.
    Total Synced : 0 file(s)
                 : 0 MB
 Total Time Used : 6 secs.
            From : 08:12:01 
              To : 08:12:07 
 
======== Welcome to FSO Data Copying System@FSO! ========
                                                         
                 fso-copy-lftp-cyg.sh                    
                                                         
             Relase 1.6     20190717  11:16              
                                                         
                                                         
                  20190911    08:15:01                       
                                                         
=========================================================
 
/cygdrive/f/20190911/HA/ already exist!
20190911 08:15:02: Copying HA data @ FSO...
                   From: /20190911/HA/ 
                   To  : /cygdrive/f/20190911/HA/ 
                   Please Wait...
20190911 08:15:03: Syncing HA Data...   Please Wait...
20190911 08:15:04: Syncing HA Data...   Please Wait...
20190911 08:15:05: Syncing HA Data...   Please Wait...
20190911 08:15:06: Syncing HA Data...   Please Wait...
20190911 08:15:07: HA Syncing Task Has Done!
                   Finishing...
20190911 08:15:07: File Number Sumerizing for Synced HA Data Task Has Done!
                   Finishing...
20190911 08:15:07: File Size Summerizing for Synced HA Data Task Has Done!
                   Finishing...
 
20190911 08:15:07: Succeeded in Syncing HA data @ FSO!
 Synced file No. : 0 file(s)
Synced data size : 0 MB
    Sync @ Speed : 0 MB/s
  Sync Time Used : 5 secs.
    Total Synced : 0 file(s)
                 : 0 MB
 Total Time Used : 6 secs.
            From : 08:15:01 
              To : 08:15:07 
 
======== Welcome to FSO Data Copying System@FSO! ========
                                                         
                 fso-copy-lftp-cyg.sh                    
                                                         
             Relase 1.6     20190717  11:16              
                                                         
                                                         
                  20190911    08:18:01                       
                                                         
=========================================================
 
/cygdrive/f/20190911/HA/ already exist!
20190911 08:18:01: Copying HA data @ FSO...
                   From: /20190911/HA/ 
                   To  : /cygdrive/f/20190911/HA/ 
                   Please Wait...
20190911 08:18:02: Syncing HA Data...   Please Wait...
20190911 08:18:03: Syncing HA Data...   Please Wait...
20190911 08:18:04: Syncing HA Data...   Please Wait...
20190911 08:18:05: Syncing HA Data...   Please Wait...
20190911 08:18:06: HA Syncing Task Has Done!
                   Finishing...
20190911 08:18:06: File Number Sumerizing for Synced HA Data Task Has Done!
                   Finishing...
20190911 08:18:06: File Size Summerizing for Synced HA Data Task Has Done!
                   Finishing...
 
20190911 08:18:07: Succeeded in Syncing HA data @ FSO!
 Synced file No. : 0 file(s)
Synced data size : 0 MB
    Sync @ Speed : 0 MB/s
  Sync Time Used : 5 secs.
    Total Synced : 0 file(s)
                 : 0 MB
 Total Time Used : 6 secs.
            From : 08:18:01 
              To : 08:18:07 
 
======== Welcome to FSO Data Copying System@FSO! ========
                                                         
                 fso-copy-lftp-cyg.sh                    
                                                         
             Relase 1.6     20190717  11:16              
                                                         
                                                         
                  20190911    08:21:01                       
                                                         
=========================================================
 
/cygdrive/f/20190911/HA/ already exist!
20190911 08:21:02: Copying HA data @ FSO...
                   From: /20190911/HA/ 
                   To  : /cygdrive/f/20190911/HA/ 
                   Please Wait...
20190911 08:21:03: Syncing HA Data...   Please Wait...
20190911 08:21:04: Syncing HA Data...   Please Wait...
20190911 08:21:05: Syncing HA Data...   Please Wait...
20190911 08:21:06: Syncing HA Data...   Please Wait...
20190911 08:21:07: HA Syncing Task Has Done!
                   Finishing...
20190911 08:21:07: File Number Sumerizing for Synced HA Data Task Has Done!
                   Finishing...
20190911 08:21:07: File Size Summerizing for Synced HA Data Task Has Done!
                   Finishing...
 
20190911 08:21:07: Succeeded in Syncing HA data @ FSO!
 Synced file No. : 0 file(s)
Synced data size : 0 MB
    Sync @ Speed : 0 MB/s
  Sync Time Used : 5 secs.
    Total Synced : 0 file(s)
                 : 0 MB
 Total Time Used : 6 secs.
            From : 08:21:01 
              To : 08:21:07 
 
======== Welcome to FSO Data Copying System@FSO! ========
                                                         
                 fso-copy-lftp-cyg.sh                    
                                                         
             Relase 1.6     20190717  11:16              
                                                         
                                                         
                  20190911    08:24:01                       
                                                         
=========================================================
 
/cygdrive/f/20190911/HA/ already exist!
20190911 08:24:01: Copying HA data @ FSO...
                   From: /20190911/HA/ 
                   To  : /cygdrive/f/20190911/HA/ 
                   Please Wait...
20190911 08:24:02: Syncing HA Data...   Please Wait...
20190911 08:24:03: Syncing HA Data...   Please Wait...
20190911 08:24:04: Syncing HA Data...   Please Wait...
20190911 08:24:05: Syncing HA Data...   Please Wait...
20190911 08:24:06: HA Syncing Task Has Done!
                   Finishing...
20190911 08:24:06: File Number Sumerizing for Synced HA Data Task Has Done!
                   Finishing...
20190911 08:24:06: File Size Summerizing for Synced HA Data Task Has Done!
                   Finishing...
 
20190911 08:24:07: Succeeded in Syncing HA data @ FSO!
 Synced file No. : 0 file(s)
Synced data size : 0 MB
    Sync @ Speed : 0 MB/s
  Sync Time Used : 5 secs.
    Total Synced : 0 file(s)
                 : 0 MB
 Total Time Used : 6 secs.
            From : 08:24:01 
              To : 08:24:07 
 
======== Welcome to FSO Data Copying System@FSO! ========
                                                         
                 fso-copy-lftp-cyg.sh                    
                                                         
             Relase 1.6     20190717  11:16              
                                                         
                                                         
                  20190911    08:27:01                       
                                                         
=========================================================
 
/cygdrive/f/20190911/HA/ already exist!
20190911 08:27:01: Copying HA data @ FSO...
                   From: /20190911/HA/ 
                   To  : /cygdrive/f/20190911/HA/ 
                   Please Wait...
20190911 08:27:03: Syncing HA Data...   Please Wait...
20190911 08:27:04: Syncing HA Data...   Please Wait...
20190911 08:27:05: Syncing HA Data...   Please Wait...
20190911 08:27:06: Syncing HA Data...   Please Wait...
20190911 08:27:07: HA Syncing Task Has Done!
                   Finishing...
20190911 08:27:07: File Number Sumerizing for Synced HA Data Task Has Done!
                   Finishing...
20190911 08:27:07: File Size Summerizing for Synced HA Data Task Has Done!
                   Finishing...
 
20190911 08:27:07: Succeeded in Syncing HA data @ FSO!
 Synced file No. : 0 file(s)
Synced data size : 0 MB
    Sync @ Speed : 0 MB/s
  Sync Time Used : 5 secs.
    Total Synced : 0 file(s)
                 : 0 MB
 Total Time Used : 6 secs.
            From : 08:27:01 
              To : 08:27:07 
 
======== Welcome to FSO Data Copying System@FSO! ========
                                                         
                 fso-copy-lftp-cyg.sh                    
                                                         
             Relase 1.6     20190717  11:16              
                                                         
                                                         
                  20190911    08:30:01                       
                                                         
=========================================================
 
/cygdrive/f/20190911/HA/ already exist!
20190911 08:30:01: Copying HA data @ FSO...
                   From: /20190911/HA/ 
                   To  : /cygdrive/f/20190911/HA/ 
                   Please Wait...
20190911 08:30:02: Syncing HA Data...   Please Wait...
20190911 08:30:03: Syncing HA Data...   Please Wait...
20190911 08:30:04: Syncing HA Data...   Please Wait...
20190911 08:30:05: Syncing HA Data...   Please Wait...
20190911 08:30:06: HA Syncing Task Has Done!
                   Finishing...
20190911 08:30:06: File Number Sumerizing for Synced HA Data Task Has Done!
                   Finishing...
20190911 08:30:06: File Size Summerizing for Synced HA Data Task Has Done!
                   Finishing...
 
20190911 08:30:07: Succeeded in Syncing HA data @ FSO!
 Synced file No. : 0 file(s)
Synced data size : 0 MB
    Sync @ Speed : 0 MB/s
  Sync Time Used : 5 secs.
    Total Synced : 0 file(s)
                 : 0 MB
 Total Time Used : 6 secs.
            From : 08:30:01 
              To : 08:30:07 
 
======== Welcome to FSO Data Copying System@FSO! ========
                                                         
                 fso-copy-lftp-cyg.sh                    
                                                         
             Relase 1.6     20190717  11:16              
                                                         
                                                         
                  20190911    08:33:01                       
                                                         
=========================================================
 
/cygdrive/f/20190911/HA/ already exist!
20190911 08:33:01: Copying HA data @ FSO...
                   From: /20190911/HA/ 
                   To  : /cygdrive/f/20190911/HA/ 
                   Please Wait...
20190911 08:33:03: Syncing HA Data...   Please Wait...
20190911 08:33:04: Syncing HA Data...   Please Wait...
20190911 08:33:05: Syncing HA Data...   Please Wait...
20190911 08:33:06: Syncing HA Data...   Please Wait...
20190911 08:33:07: HA Syncing Task Has Done!
                   Finishing...
20190911 08:33:07: File Number Sumerizing for Synced HA Data Task Has Done!
                   Finishing...
20190911 08:33:07: File Size Summerizing for Synced HA Data Task Has Done!
                   Finishing...
 
20190911 08:33:07: Succeeded in Syncing HA data @ FSO!
 Synced file No. : 0 file(s)
Synced data size : 0 MB
    Sync @ Speed : 0 MB/s
  Sync Time Used : 5 secs.
    Total Synced : 0 file(s)
                 : 0 MB
 Total Time Used : 6 secs.
            From : 08:33:01 
              To : 08:33:07 
 
======== Welcome to FSO Data Copying System@FSO! ========
                                                         
                 fso-copy-lftp-cyg.sh                    
                                                         
             Relase 1.6     20190717  11:16              
                                                         
                                                         
                  20190911    08:36:01                       
                                                         
=========================================================
 
/cygdrive/f/20190911/HA/ already exist!
20190911 08:36:01: Copying HA data @ FSO...
                   From: /20190911/HA/ 
                   To  : /cygdrive/f/20190911/HA/ 
                   Please Wait...
20190911 08:36:02: Syncing HA Data...   Please Wait...
20190911 08:36:03: Syncing HA Data...   Please Wait...
20190911 08:36:04: Syncing HA Data...   Please Wait...
20190911 08:36:05: Syncing HA Data...   Please Wait...
20190911 08:36:06: HA Syncing Task Has Done!
                   Finishing...
20190911 08:36:06: File Number Sumerizing for Synced HA Data Task Has Done!
                   Finishing...
20190911 08:36:06: File Size Summerizing for Synced HA Data Task Has Done!
                   Finishing...
 
20190911 08:36:06: Succeeded in Syncing HA data @ FSO!
 Synced file No. : 0 file(s)
Synced data size : 0 MB
    Sync @ Speed : 0 MB/s
  Sync Time Used : 5 secs.
    Total Synced : 0 file(s)
                 : 0 MB
 Total Time Used : 5 secs.
            From : 08:36:01 
              To : 08:36:06 
 
======== Welcome to FSO Data Copying System@FSO! ========
                                                         
                 fso-copy-lftp-cyg.sh                    
                                                         
             Relase 1.6     20190717  11:16              
                                                         
                                                         
                  20190911    08:39:01                       
                                                         
=========================================================
 
/cygdrive/f/20190911/HA/ already exist!
20190911 08:39:01: Copying HA data @ FSO...
                   From: /20190911/HA/ 
                   To  : /cygdrive/f/20190911/HA/ 
                   Please Wait...
20190911 08:39:03: Syncing HA Data...   Please Wait...
20190911 08:39:04: Syncing HA Data...   Please Wait...
20190911 08:39:05: Syncing HA Data...   Please Wait...
20190911 08:39:06: Syncing HA Data...   Please Wait...
20190911 08:39:07: HA Syncing Task Has Done!
                   Finishing...
20190911 08:39:07: File Number Sumerizing for Synced HA Data Task Has Done!
                   Finishing...
20190911 08:39:07: File Size Summerizing for Synced HA Data Task Has Done!
                   Finishing...
 
20190911 08:39:07: Succeeded in Syncing HA data @ FSO!
 Synced file No. : 0 file(s)
Synced data size : 0 MB
    Sync @ Speed : 0 MB/s
  Sync Time Used : 6 secs.
    Total Synced : 0 file(s)
                 : 0 MB
 Total Time Used : 6 secs.
            From : 08:39:01 
              To : 08:39:07 
 
======== Welcome to FSO Data Copying System@FSO! ========
                                                         
                 fso-copy-lftp-cyg.sh                    
                                                         
             Relase 1.6     20190717  11:16              
                                                         
                                                         
                  20190911    08:42:01                       
                                                         
=========================================================
 
/cygdrive/f/20190911/HA/ already exist!
20190911 08:42:01: Copying HA data @ FSO...
                   From: /20190911/HA/ 
                   To  : /cygdrive/f/20190911/HA/ 
                   Please Wait...
20190911 08:42:02: Syncing HA Data...   Please Wait...
20190911 08:42:03: Syncing HA Data...   Please Wait...
20190911 08:42:04: Syncing HA Data...   Please Wait...
20190911 08:42:05: Syncing HA Data...   Please Wait...
20190911 08:42:06: HA Syncing Task Has Done!
                   Finishing...
20190911 08:42:06: File Number Sumerizing for Synced HA Data Task Has Done!
                   Finishing...
20190911 08:42:06: File Size Summerizing for Synced HA Data Task Has Done!
                   Finishing...
 
20190911 08:42:06: Succeeded in Syncing HA data @ FSO!
 Synced file No. : 0 file(s)
Synced data size : 0 MB
    Sync @ Speed : 0 MB/s
  Sync Time Used : 5 secs.
    Total Synced : 0 file(s)
                 : 0 MB
 Total Time Used : 5 secs.
            From : 08:42:01 
              To : 08:42:06 
 
======== Welcome to FSO Data Copying System@FSO! ========
                                                         
                 fso-copy-lftp-cyg.sh                    
                                                         
             Relase 1.6     20190717  11:16              
                                                         
                                                         
                  20190911    08:45:01                       
                                                         
=========================================================
 
/cygdrive/f/20190911/HA/ already exist!
20190911 08:45:01: Copying HA data @ FSO...
                   From: /20190911/HA/ 
                   To  : /cygdrive/f/20190911/HA/ 
                   Please Wait...
20190911 08:45:03: Syncing HA Data...   Please Wait...
20190911 08:45:04: Syncing HA Data...   Please Wait...
20190911 08:45:05: Syncing HA Data...   Please Wait...
20190911 08:45:06: Syncing HA Data...   Please Wait...
20190911 08:45:07: HA Syncing Task Has Done!
                   Finishing...
20190911 08:45:07: File Number Sumerizing for Synced HA Data Task Has Done!
                   Finishing...
20190911 08:45:07: File Size Summerizing for Synced HA Data Task Has Done!
                   Finishing...
 
20190911 08:45:07: Succeeded in Syncing HA data @ FSO!
 Synced file No. : 0 file(s)
Synced data size : 0 MB
    Sync @ Speed : 0 MB/s
  Sync Time Used : 6 secs.
    Total Synced : 0 file(s)
                 : 0 MB
 Total Time Used : 6 secs.
            From : 08:45:01 
              To : 08:45:07 
 
======== Welcome to FSO Data Copying System@FSO! ========
                                                         
                 fso-copy-lftp-cyg.sh                    
                                                         
             Relase 1.6     20190717  11:16              
                                                         
                                                         
                  20190911    08:48:01                       
                                                         
=========================================================
 
/cygdrive/f/20190911/HA/ already exist!
20190911 08:48:01: Copying HA data @ FSO...
                   From: /20190911/HA/ 
                   To  : /cygdrive/f/20190911/HA/ 
                   Please Wait...
20190911 08:48:02: Syncing HA Data...   Please Wait...
20190911 08:48:03: Syncing HA Data...   Please Wait...
20190911 08:48:04: Syncing HA Data...   Please Wait...
20190911 08:48:05: Syncing HA Data...   Please Wait...
20190911 08:48:06: HA Syncing Task Has Done!
                   Finishing...
20190911 08:48:06: File Number Sumerizing for Synced HA Data Task Has Done!
                   Finishing...
20190911 08:48:06: File Size Summerizing for Synced HA Data Task Has Done!
                   Finishing...
 
20190911 08:48:06: Succeeded in Syncing HA data @ FSO!
 Synced file No. : 0 file(s)
Synced data size : 0 MB
    Sync @ Speed : 0 MB/s
  Sync Time Used : 5 secs.
    Total Synced : 0 file(s)
                 : 0 MB
 Total Time Used : 5 secs.
            From : 08:48:01 
              To : 08:48:06 
 
======== Welcome to FSO Data Copying System@FSO! ========
                                                         
                 fso-copy-lftp-cyg.sh                    
                                                         
             Relase 1.6     20190717  11:16              
                                                         
                                                         
                  20190911    08:51:01                       
                                                         
=========================================================
 
/cygdrive/f/20190911/HA/ already exist!
20190911 08:51:01: Copying HA data @ FSO...
                   From: /20190911/HA/ 
                   To  : /cygdrive/f/20190911/HA/ 
                   Please Wait...
20190911 08:51:03: Syncing HA Data...   Please Wait...
20190911 08:51:04: Syncing HA Data...   Please Wait...
20190911 08:51:05: Syncing HA Data...   Please Wait...
20190911 08:51:06: Syncing HA Data...   Please Wait...
20190911 08:51:07: HA Syncing Task Has Done!
                   Finishing...
20190911 08:51:07: File Number Sumerizing for Synced HA Data Task Has Done!
                   Finishing...
20190911 08:51:07: File Size Summerizing for Synced HA Data Task Has Done!
                   Finishing...
 
20190911 08:51:07: Succeeded in Syncing HA data @ FSO!
 Synced file No. : 0 file(s)
Synced data size : 0 MB
    Sync @ Speed : 0 MB/s
  Sync Time Used : 6 secs.
    Total Synced : 0 file(s)
                 : 0 MB
 Total Time Used : 6 secs.
            From : 08:51:01 
              To : 08:51:07 
 
======== Welcome to FSO Data Copying System@FSO! ========
                                                         
                 fso-copy-lftp-cyg.sh                    
                                                         
             Relase 1.6     20190717  11:16              
                                                         
                                                         
                  20190911    08:54:02                       
                                                         
=========================================================
 
/cygdrive/f/20190911/HA/ already exist!
20190911 08:54:02: Copying HA data @ FSO...
                   From: /20190911/HA/ 
                   To  : /cygdrive/f/20190911/HA/ 
                   Please Wait...
20190911 08:54:03: Syncing HA Data...   Please Wait...
20190911 08:54:04: Syncing HA Data...   Please Wait...
20190911 08:54:05: Syncing HA Data...   Please Wait...
20190911 08:54:06: Syncing HA Data...   Please Wait...
20190911 08:54:07: HA Syncing Task Has Done!
                   Finishing...
20190911 08:54:07: File Number Sumerizing for Synced HA Data Task Has Done!
                   Finishing...
20190911 08:54:07: File Size Summerizing for Synced HA Data Task Has Done!
                   Finishing...
 
20190911 08:54:08: Succeeded in Syncing HA data @ FSO!
 Synced file No. : 0 file(s)
Synced data size : 0 MB
    Sync @ Speed : 0 MB/s
  Sync Time Used : 5 secs.
    Total Synced : 0 file(s)
                 : 0 MB
 Total Time Used : 6 secs.
            From : 08:54:02 
              To : 08:54:08 
 
======== Welcome to FSO Data Copying System@FSO! ========
                                                         
                 fso-copy-lftp-cyg.sh                    
                                                         
             Relase 1.6     20190717  11:16              
                                                         
                                                         
                  20190911    08:57:01                       
                                                         
=========================================================
 
/cygdrive/f/20190911/HA/ already exist!
20190911 08:57:02: Copying HA data @ FSO...
                   From: /20190911/HA/ 
                   To  : /cygdrive/f/20190911/HA/ 
                   Please Wait...
20190911 08:57:03: Syncing HA Data...   Please Wait...
20190911 08:57:04: Syncing HA Data...   Please Wait...
20190911 08:57:05: Syncing HA Data...   Please Wait...
20190911 08:57:06: Syncing HA Data...   Please Wait...
20190911 08:57:07: HA Syncing Task Has Done!
                   Finishing...
20190911 08:57:07: File Number Sumerizing for Synced HA Data Task Has Done!
                   Finishing...
20190911 08:57:07: File Size Summerizing for Synced HA Data Task Has Done!
                   Finishing...
 
20190911 08:57:07: Succeeded in Syncing HA data @ FSO!
 Synced file No. : 0 file(s)
Synced data size : 0 MB
    Sync @ Speed : 0 MB/s
  Sync Time Used : 5 secs.
    Total Synced : 0 file(s)
                 : 0 MB
 Total Time Used : 6 secs.
            From : 08:57:01 
              To : 08:57:07 
 
======== Welcome to FSO Data Copying System@FSO! ========
                                                         
                 fso-copy-lftp-cyg.sh                    
                                                         
             Relase 1.6     20190717  11:16              
                                                         
                                                         
                  20190911    09:00:01                       
                                                         
=========================================================
 
/cygdrive/f/20190911/HA/ already exist!
20190911 09:00:01: Copying HA data @ FSO...
                   From: /20190911/HA/ 
                   To  : /cygdrive/f/20190911/HA/ 
                   Please Wait...
20190911 09:00:02: Syncing HA Data...   Please Wait...
20190911 09:00:03: Syncing HA Data...   Please Wait...
20190911 09:00:04: Syncing HA Data...   Please Wait...
20190911 09:00:05: Syncing HA Data...   Please Wait...
20190911 09:00:06: HA Syncing Task Has Done!
                   Finishing...
20190911 09:00:06: File Number Sumerizing for Synced HA Data Task Has Done!
                   Finishing...
20190911 09:00:07: File Size Summerizing for Synced HA Data Task Has Done!
                   Finishing...
 
20190911 09:00:07: Succeeded in Syncing HA data @ FSO!
 Synced file No. : 0 file(s)
Synced data size : 0 MB
    Sync @ Speed : 0 MB/s
  Sync Time Used : 5 secs.
    Total Synced : 0 file(s)
                 : 0 MB
 Total Time Used : 6 secs.
            From : 09:00:01 
              To : 09:00:07 
 
======== Welcome to FSO Data Copying System@FSO! ========
                                                         
                 fso-copy-lftp-cyg.sh                    
                                                         
             Relase 1.6     20190717  11:16              
                                                         
                                                         
                  20190911    09:03:02                       
                                                         
=========================================================
 
/cygdrive/f/20190911/HA/ already exist!
20190911 09:03:02: Copying HA data @ FSO...
                   From: /20190911/HA/ 
                   To  : /cygdrive/f/20190911/HA/ 
                   Please Wait...
20190911 09:03:03: Syncing HA Data...   Please Wait...
20190911 09:03:04: Syncing HA Data...   Please Wait...
20190911 09:03:05: Syncing HA Data...   Please Wait...
20190911 09:03:06: Syncing HA Data...   Please Wait...
20190911 09:03:07: HA Syncing Task Has Done!
                   Finishing...
20190911 09:03:07: File Number Sumerizing for Synced HA Data Task Has Done!
                   Finishing...
20190911 09:03:07: File Size Summerizing for Synced HA Data Task Has Done!
                   Finishing...
 
20190911 09:03:07: Succeeded in Syncing HA data @ FSO!
 Synced file No. : 0 file(s)
Synced data size : 0 MB
    Sync @ Speed : 0 MB/s
  Sync Time Used : 5 secs.
    Total Synced : 0 file(s)
                 : 0 MB
 Total Time Used : 5 secs.
            From : 09:03:02 
              To : 09:03:07 
 
======== Welcome to FSO Data Copying System@FSO! ========
                                                         
                 fso-copy-lftp-cyg.sh                    
                                                         
             Relase 1.6     20190717  11:16              
                                                         
                                                         
                  20190911    09:06:01                       
                                                         
=========================================================
 
/cygdrive/f/20190911/HA/ already exist!
20190911 09:06:01: Copying HA data @ FSO...
                   From: /20190911/HA/ 
                   To  : /cygdrive/f/20190911/HA/ 
                   Please Wait...
20190911 09:06:02: Syncing HA Data...   Please Wait...
20190911 09:06:03: Syncing HA Data...   Please Wait...
20190911 09:06:04: Syncing HA Data...   Please Wait...
20190911 09:06:05: Syncing HA Data...   Please Wait...
20190911 09:06:06: HA Syncing Task Has Done!
                   Finishing...
20190911 09:06:06: File Number Sumerizing for Synced HA Data Task Has Done!
                   Finishing...
20190911 09:06:07: File Size Summerizing for Synced HA Data Task Has Done!
                   Finishing...
 
20190911 09:06:07: Succeeded in Syncing HA data @ FSO!
 Synced file No. : 0 file(s)
Synced data size : 0 MB
    Sync @ Speed : 0 MB/s
  Sync Time Used : 5 secs.
    Total Synced : 0 file(s)
                 : 0 MB
 Total Time Used : 6 secs.
            From : 09:06:01 
              To : 09:06:07 
 
======== Welcome to FSO Data Copying System@FSO! ========
                                                         
                 fso-copy-lftp-cyg.sh                    
                                                         
             Relase 1.6     20190717  11:16              
                                                         
                                                         
                  20190911    09:09:02                       
                                                         
=========================================================
 
/cygdrive/f/20190911/HA/ already exist!
20190911 09:09:02: Copying HA data @ FSO...
                   From: /20190911/HA/ 
                   To  : /cygdrive/f/20190911/HA/ 
                   Please Wait...
20190911 09:09:03: Syncing HA Data...   Please Wait...
20190911 09:09:04: Syncing HA Data...   Please Wait...
20190911 09:09:05: Syncing HA Data...   Please Wait...
20190911 09:09:06: Syncing HA Data...   Please Wait...
20190911 09:09:07: HA Syncing Task Has Done!
                   Finishing...
20190911 09:09:07: File Number Sumerizing for Synced HA Data Task Has Done!
                   Finishing...
20190911 09:09:07: File Size Summerizing for Synced HA Data Task Has Done!
                   Finishing...
 
20190911 09:09:07: Succeeded in Syncing HA data @ FSO!
 Synced file No. : 0 file(s)
Synced data size : 0 MB
    Sync @ Speed : 0 MB/s
  Sync Time Used : 5 secs.
    Total Synced : 0 file(s)
                 : 0 MB
 Total Time Used : 5 secs.
            From : 09:09:02 
              To : 09:09:07 
 
======== Welcome to FSO Data Copying System@FSO! ========
                                                         
                 fso-copy-lftp-cyg.sh                    
                                                         
             Relase 1.6     20190717  11:16              
                                                         
                                                         
                  20190911    09:12:01                       
                                                         
=========================================================
 
/cygdrive/f/20190911/HA/ already exist!
20190911 09:12:01: Copying HA data @ FSO...
                   From: /20190911/HA/ 
                   To  : /cygdrive/f/20190911/HA/ 
                   Please Wait...
20190911 09:12:02: Syncing HA Data...   Please Wait...
20190911 09:12:03: Syncing HA Data...   Please Wait...
20190911 09:12:04: Syncing HA Data...   Please Wait...
20190911 09:12:05: Syncing HA Data...   Please Wait...
20190911 09:12:06: HA Syncing Task Has Done!
                   Finishing...
20190911 09:12:06: File Number Sumerizing for Synced HA Data Task Has Done!
                   Finishing...
20190911 09:12:07: File Size Summerizing for Synced HA Data Task Has Done!
                   Finishing...
 
20190911 09:12:07: Succeeded in Syncing HA data @ FSO!
 Synced file No. : 0 file(s)
Synced data size : 0 MB
    Sync @ Speed : 0 MB/s
  Sync Time Used : 5 secs.
    Total Synced : 0 file(s)
                 : 0 MB
 Total Time Used : 6 secs.
            From : 09:12:01 
              To : 09:12:07 
 
======== Welcome to FSO Data Copying System@FSO! ========
                                                         
                 fso-copy-lftp-cyg.sh                    
                                                         
             Relase 1.6     20190717  11:16              
                                                         
                                                         
                  20190911    09:15:02                       
                                                         
=========================================================
 
/cygdrive/f/20190911/HA/ already exist!
20190911 09:15:02: Copying HA data @ FSO...
                   From: /20190911/HA/ 
                   To  : /cygdrive/f/20190911/HA/ 
                   Please Wait...
20190911 09:15:03: Syncing HA Data...   Please Wait...
20190911 09:15:04: Syncing HA Data...   Please Wait...
20190911 09:15:05: Syncing HA Data...   Please Wait...
20190911 09:15:06: Syncing HA Data...   Please Wait...
20190911 09:15:07: HA Syncing Task Has Done!
                   Finishing...
20190911 09:15:07: File Number Sumerizing for Synced HA Data Task Has Done!
                   Finishing...
20190911 09:15:07: File Size Summerizing for Synced HA Data Task Has Done!
                   Finishing...
 
20190911 09:15:07: Succeeded in Syncing HA data @ FSO!
 Synced file No. : 0 file(s)
Synced data size : 0 MB
    Sync @ Speed : 0 MB/s
  Sync Time Used : 5 secs.
    Total Synced : 0 file(s)
                 : 0 MB
 Total Time Used : 5 secs.
            From : 09:15:02 
              To : 09:15:07 
 
======== Welcome to FSO Data Copying System@FSO! ========
                                                         
                 fso-copy-lftp-cyg.sh                    
                                                         
             Relase 1.6     20190717  11:16              
                                                         
                                                         
                  20190911    09:18:01                       
                                                         
=========================================================
 
/cygdrive/f/20190911/HA/ already exist!
20190911 09:18:01: Copying HA data @ FSO...
                   From: /20190911/HA/ 
                   To  : /cygdrive/f/20190911/HA/ 
                   Please Wait...
20190911 09:18:02: Syncing HA Data...   Please Wait...
20190911 09:18:03: Syncing HA Data...   Please Wait...
20190911 09:18:04: Syncing HA Data...   Please Wait...
20190911 09:18:05: Syncing HA Data...   Please Wait...
20190911 09:18:06: HA Syncing Task Has Done!
                   Finishing...
20190911 09:18:06: File Number Sumerizing for Synced HA Data Task Has Done!
                   Finishing...
20190911 09:18:07: File Size Summerizing for Synced HA Data Task Has Done!
                   Finishing...
 
20190911 09:18:07: Succeeded in Syncing HA data @ FSO!
 Synced file No. : 0 file(s)
Synced data size : 0 MB
    Sync @ Speed : 0 MB/s
  Sync Time Used : 5 secs.
    Total Synced : 0 file(s)
                 : 0 MB
 Total Time Used : 6 secs.
            From : 09:18:01 
              To : 09:18:07 
 
======== Welcome to FSO Data Copying System@FSO! ========
                                                         
                 fso-copy-lftp-cyg.sh                    
                                                         
             Relase 1.6     20190717  11:16              
                                                         
                                                         
                  20190911    09:21:01                       
                                                         
=========================================================
 
/cygdrive/f/20190911/HA/ already exist!
20190911 09:21:02: Copying HA data @ FSO...
                   From: /20190911/HA/ 
                   To  : /cygdrive/f/20190911/HA/ 
                   Please Wait...
20190911 09:21:03: Syncing HA Data...   Please Wait...
20190911 09:21:04: Syncing HA Data...   Please Wait...
20190911 09:21:05: Syncing HA Data...   Please Wait...
20190911 09:21:06: Syncing HA Data...   Please Wait...
20190911 09:21:07: HA Syncing Task Has Done!
                   Finishing...
20190911 09:21:07: File Number Sumerizing for Synced HA Data Task Has Done!
                   Finishing...
20190911 09:21:07: File Size Summerizing for Synced HA Data Task Has Done!
                   Finishing...
 
20190911 09:21:07: Succeeded in Syncing HA data @ FSO!
 Synced file No. : 0 file(s)
Synced data size : 0 MB
    Sync @ Speed : 0 MB/s
  Sync Time Used : 5 secs.
    Total Synced : 0 file(s)
                 : 0 MB
 Total Time Used : 5 secs.
            From : 09:21:02 
              To : 09:21:07 
 
======== Welcome to FSO Data Copying System@FSO! ========
                                                         
                 fso-copy-lftp-cyg.sh                    
                                                         
             Relase 1.6     20190717  11:16              
                                                         
                                                         
                  20190911    09:24:01                       
                                                         
=========================================================
 
/cygdrive/f/20190911/HA/ already exist!
20190911 09:24:01: Copying HA data @ FSO...
                   From: /20190911/HA/ 
                   To  : /cygdrive/f/20190911/HA/ 
                   Please Wait...
20190911 09:24:02: Syncing HA Data...   Please Wait...
20190911 09:24:03: Syncing HA Data...   Please Wait...
20190911 09:24:04: Syncing HA Data...   Please Wait...
20190911 09:24:05: Syncing HA Data...   Please Wait...
20190911 09:24:06: HA Syncing Task Has Done!
                   Finishing...
20190911 09:24:06: File Number Sumerizing for Synced HA Data Task Has Done!
                   Finishing...
20190911 09:24:07: File Size Summerizing for Synced HA Data Task Has Done!
                   Finishing...
 
20190911 09:24:07: Succeeded in Syncing HA data @ FSO!
 Synced file No. : 0 file(s)
Synced data size : 0 MB
    Sync @ Speed : 0 MB/s
  Sync Time Used : 5 secs.
    Total Synced : 0 file(s)
                 : 0 MB
 Total Time Used : 6 secs.
            From : 09:24:01 
              To : 09:24:07 
 
======== Welcome to FSO Data Copying System@FSO! ========
                                                         
                 fso-copy-lftp-cyg.sh                    
                                                         
             Relase 1.6     20190717  11:16              
                                                         
                                                         
                  20190911    09:27:01                       
                                                         
=========================================================
 
/cygdrive/f/20190911/HA/ already exist!
20190911 09:27:02: Copying HA data @ FSO...
                   From: /20190911/HA/ 
                   To  : /cygdrive/f/20190911/HA/ 
                   Please Wait...
20190911 09:27:03: Syncing HA Data...   Please Wait...
20190911 09:27:04: Syncing HA Data...   Please Wait...
20190911 09:27:05: Syncing HA Data...   Please Wait...
20190911 09:27:06: Syncing HA Data...   Please Wait...
20190911 09:27:07: HA Syncing Task Has Done!
                   Finishing...
20190911 09:27:07: File Number Sumerizing for Synced HA Data Task Has Done!
                   Finishing...
20190911 09:27:07: File Size Summerizing for Synced HA Data Task Has Done!
                   Finishing...
 
20190911 09:27:07: Succeeded in Syncing HA data @ FSO!
 Synced file No. : 0 file(s)
Synced data size : 0 MB
    Sync @ Speed : 0 MB/s
  Sync Time Used : 5 secs.
    Total Synced : 0 file(s)
                 : 0 MB
 Total Time Used : 6 secs.
            From : 09:27:01 
              To : 09:27:07 
 
======== Welcome to FSO Data Copying System@FSO! ========
                                                         
                 fso-copy-lftp-cyg.sh                    
                                                         
             Relase 1.6     20190717  11:16              
                                                         
                                                         
                  20190911    09:30:01                       
                                                         
=========================================================
 
/cygdrive/f/20190911/HA/ already exist!
20190911 09:30:01: Copying HA data @ FSO...
                   From: /20190911/HA/ 
                   To  : /cygdrive/f/20190911/HA/ 
                   Please Wait...
20190911 09:30:02: Syncing HA Data...   Please Wait...
20190911 09:30:03: Syncing HA Data...   Please Wait...
20190911 09:30:04: Syncing HA Data...   Please Wait...
20190911 09:30:05: Syncing HA Data...   Please Wait...
20190911 09:30:06: HA Syncing Task Has Done!
                   Finishing...
20190911 09:30:06: File Number Sumerizing for Synced HA Data Task Has Done!
                   Finishing...
20190911 09:30:07: File Size Summerizing for Synced HA Data Task Has Done!
                   Finishing...
 
20190911 09:30:07: Succeeded in Syncing HA data @ FSO!
 Synced file No. : 0 file(s)
Synced data size : 0 MB
    Sync @ Speed : 0 MB/s
  Sync Time Used : 5 secs.
    Total Synced : 0 file(s)
                 : 0 MB
 Total Time Used : 6 secs.
            From : 09:30:01 
              To : 09:30:07 
 
======== Welcome to FSO Data Copying System@FSO! ========
                                                         
                 fso-copy-lftp-cyg.sh                    
                                                         
             Relase 1.6     20190717  11:16              
                                                         
                                                         
                  20190911    09:33:01                       
                                                         
=========================================================
 
/cygdrive/f/20190911/HA/ already exist!
20190911 09:33:02: Copying HA data @ FSO...
                   From: /20190911/HA/ 
                   To  : /cygdrive/f/20190911/HA/ 
                   Please Wait...
20190911 09:33:03: Syncing HA Data...   Please Wait...
20190911 09:33:04: Syncing HA Data...   Please Wait...
20190911 09:33:05: Syncing HA Data...   Please Wait...
20190911 09:33:06: Syncing HA Data...   Please Wait...
20190911 09:33:07: HA Syncing Task Has Done!
                   Finishing...
20190911 09:33:07: File Number Sumerizing for Synced HA Data Task Has Done!
                   Finishing...
20190911 09:33:07: File Size Summerizing for Synced HA Data Task Has Done!
                   Finishing...
 
20190911 09:33:07: Succeeded in Syncing HA data @ FSO!
 Synced file No. : 0 file(s)
Synced data size : 0 MB
    Sync @ Speed : 0 MB/s
  Sync Time Used : 5 secs.
    Total Synced : 0 file(s)
                 : 0 MB
 Total Time Used : 6 secs.
            From : 09:33:01 
              To : 09:33:07 
 
======== Welcome to FSO Data Copying System@FSO! ========
                                                         
                 fso-copy-lftp-cyg.sh                    
                                                         
             Relase 1.6     20190717  11:16              
                                                         
                                                         
                  20190911    09:36:01                       
                                                         
=========================================================
 
/cygdrive/f/20190911/HA/ already exist!
20190911 09:36:01: Copying HA data @ FSO...
                   From: /20190911/HA/ 
                   To  : /cygdrive/f/20190911/HA/ 
                   Please Wait...
20190911 09:36:02: Syncing HA Data...   Please Wait...
20190911 09:36:03: Syncing HA Data...   Please Wait...
20190911 09:36:04: Syncing HA Data...   Please Wait...
20190911 09:36:05: Syncing HA Data...   Please Wait...
20190911 09:36:06: HA Syncing Task Has Done!
                   Finishing...
20190911 09:36:06: File Number Sumerizing for Synced HA Data Task Has Done!
                   Finishing...
20190911 09:36:07: File Size Summerizing for Synced HA Data Task Has Done!
                   Finishing...
 
20190911 09:36:07: Succeeded in Syncing HA data @ FSO!
 Synced file No. : 0 file(s)
Synced data size : 0 MB
    Sync @ Speed : 0 MB/s
  Sync Time Used : 5 secs.
    Total Synced : 0 file(s)
                 : 0 MB
 Total Time Used : 6 secs.
            From : 09:36:01 
              To : 09:36:07 
 
======== Welcome to FSO Data Copying System@FSO! ========
                                                         
                 fso-copy-lftp-cyg.sh                    
                                                         
             Relase 1.6     20190717  11:16              
                                                         
                                                         
                  20190911    09:39:01                       
                                                         
=========================================================
 
/cygdrive/f/20190911/HA/ already exist!
20190911 09:39:02: Copying HA data @ FSO...
                   From: /20190911/HA/ 
                   To  : /cygdrive/f/20190911/HA/ 
                   Please Wait...
20190911 09:39:03: Syncing HA Data...   Please Wait...
20190911 09:39:04: Syncing HA Data...   Please Wait...
20190911 09:39:05: Syncing HA Data...   Please Wait...
20190911 09:39:06: Syncing HA Data...   Please Wait...
20190911 09:39:07: HA Syncing Task Has Done!
                   Finishing...
20190911 09:39:07: File Number Sumerizing for Synced HA Data Task Has Done!
                   Finishing...
20190911 09:39:07: File Size Summerizing for Synced HA Data Task Has Done!
                   Finishing...
 
20190911 09:39:07: Succeeded in Syncing HA data @ FSO!
 Synced file No. : 0 file(s)
Synced data size : 0 MB
    Sync @ Speed : 0 MB/s
  Sync Time Used : 5 secs.
    Total Synced : 0 file(s)
                 : 0 MB
 Total Time Used : 6 secs.
            From : 09:39:01 
              To : 09:39:07 
 
======== Welcome to FSO Data Copying System@FSO! ========
                                                         
                 fso-copy-lftp-cyg.sh                    
                                                         
             Relase 1.6     20190717  11:16              
                                                         
                                                         
                  20190911    09:42:01                       
                                                         
=========================================================
 
/cygdrive/f/20190911/HA/ already exist!
20190911 09:42:01: Copying HA data @ FSO...
                   From: /20190911/HA/ 
                   To  : /cygdrive/f/20190911/HA/ 
                   Please Wait...
20190911 09:42:02: Syncing HA Data...   Please Wait...
20190911 09:42:03: Syncing HA Data...   Please Wait...
20190911 09:42:04: Syncing HA Data...   Please Wait...
20190911 09:42:05: Syncing HA Data...   Please Wait...
20190911 09:42:06: HA Syncing Task Has Done!
                   Finishing...
20190911 09:42:06: File Number Sumerizing for Synced HA Data Task Has Done!
                   Finishing...
20190911 09:42:06: File Size Summerizing for Synced HA Data Task Has Done!
                   Finishing...
 
20190911 09:42:07: Succeeded in Syncing HA data @ FSO!
 Synced file No. : 0 file(s)
Synced data size : 0 MB
    Sync @ Speed : 0 MB/s
  Sync Time Used : 5 secs.
    Total Synced : 0 file(s)
                 : 0 MB
 Total Time Used : 6 secs.
            From : 09:42:01 
              To : 09:42:07 
 
======== Welcome to FSO Data Copying System@FSO! ========
                                                         
                 fso-copy-lftp-cyg.sh                    
                                                         
             Relase 1.6     20190717  11:16              
                                                         
                                                         
                  20190911    09:45:01                       
                                                         
=========================================================
 
/cygdrive/f/20190911/HA/ already exist!
20190911 09:45:02: Copying HA data @ FSO...
                   From: /20190911/HA/ 
                   To  : /cygdrive/f/20190911/HA/ 
                   Please Wait...
20190911 09:45:03: Syncing HA Data...   Please Wait...
20190911 09:45:04: Syncing HA Data...   Please Wait...
20190911 09:45:05: Syncing HA Data...   Please Wait...
20190911 09:45:06: Syncing HA Data...   Please Wait...
20190911 09:45:07: HA Syncing Task Has Done!
                   Finishing...
20190911 09:45:07: File Number Sumerizing for Synced HA Data Task Has Done!
                   Finishing...
20190911 09:45:07: File Size Summerizing for Synced HA Data Task Has Done!
                   Finishing...
 
20190911 09:45:07: Succeeded in Syncing HA data @ FSO!
 Synced file No. : 0 file(s)
Synced data size : 0 MB
    Sync @ Speed : 0 MB/s
  Sync Time Used : 5 secs.
    Total Synced : 0 file(s)
                 : 0 MB
 Total Time Used : 6 secs.
            From : 09:45:01 
              To : 09:45:07 
 
======== Welcome to FSO Data Copying System@FSO! ========
                                                         
                 fso-copy-lftp-cyg.sh                    
                                                         
             Relase 1.6     20190717  11:16              
                                                         
                                                         
                  20190911    09:48:01                       
                                                         
=========================================================
 
/cygdrive/f/20190911/HA/ already exist!
20190911 09:48:01: Copying HA data @ FSO...
                   From: /20190911/HA/ 
                   To  : /cygdrive/f/20190911/HA/ 
                   Please Wait...
20190911 09:48:02: Syncing HA Data...   Please Wait...
20190911 09:48:03: Syncing HA Data...   Please Wait...
20190911 09:48:04: Syncing HA Data...   Please Wait...
20190911 09:48:05: Syncing HA Data...   Please Wait...
20190911 09:48:06: HA Syncing Task Has Done!
                   Finishing...
20190911 09:48:06: File Number Sumerizing for Synced HA Data Task Has Done!
                   Finishing...
20190911 09:48:06: File Size Summerizing for Synced HA Data Task Has Done!
                   Finishing...
 
20190911 09:48:07: Succeeded in Syncing HA data @ FSO!
 Synced file No. : 0 file(s)
Synced data size : 0 MB
    Sync @ Speed : 0 MB/s
  Sync Time Used : 5 secs.
    Total Synced : 0 file(s)
                 : 0 MB
 Total Time Used : 6 secs.
            From : 09:48:01 
              To : 09:48:07 
 
======== Welcome to FSO Data Copying System@FSO! ========
                                                         
                 fso-copy-lftp-cyg.sh                    
                                                         
             Relase 1.6     20190717  11:16              
                                                         
                                                         
                  20190911    09:51:01                       
                                                         
=========================================================
 
/cygdrive/f/20190911/HA/ already exist!
20190911 09:51:01: Copying HA data @ FSO...
                   From: /20190911/HA/ 
                   To  : /cygdrive/f/20190911/HA/ 
                   Please Wait...
20190911 09:51:03: Syncing HA Data...   Please Wait...
20190911 09:51:04: Syncing HA Data...   Please Wait...
20190911 09:51:05: Syncing HA Data...   Please Wait...
20190911 09:51:06: Syncing HA Data...   Please Wait...
20190911 09:51:07: HA Syncing Task Has Done!
                   Finishing...
20190911 09:51:07: File Number Sumerizing for Synced HA Data Task Has Done!
                   Finishing...
20190911 09:51:07: File Size Summerizing for Synced HA Data Task Has Done!
                   Finishing...
 
20190911 09:51:07: Succeeded in Syncing HA data @ FSO!
 Synced file No. : 0 file(s)
Synced data size : 0 MB
    Sync @ Speed : 0 MB/s
  Sync Time Used : 5 secs.
    Total Synced : 0 file(s)
                 : 0 MB
 Total Time Used : 6 secs.
            From : 09:51:01 
              To : 09:51:07 
 
======== Welcome to FSO Data Copying System@FSO! ========
                                                         
                 fso-copy-lftp-cyg.sh                    
                                                         
             Relase 1.6     20190717  11:16              
                                                         
                                                         
                  20190911    09:54:01                       
                                                         
=========================================================
 
/cygdrive/f/20190911/HA/ already exist!
20190911 09:54:01: Copying HA data @ FSO...
                   From: /20190911/HA/ 
                   To  : /cygdrive/f/20190911/HA/ 
                   Please Wait...
20190911 09:54:02: Syncing HA Data...   Please Wait...
20190911 09:54:03: Syncing HA Data...   Please Wait...
20190911 09:54:04: Syncing HA Data...   Please Wait...
20190911 09:54:05: Syncing HA Data...   Please Wait...
20190911 09:54:06: HA Syncing Task Has Done!
                   Finishing...
20190911 09:54:06: File Number Sumerizing for Synced HA Data Task Has Done!
                   Finishing...
20190911 09:54:06: File Size Summerizing for Synced HA Data Task Has Done!
                   Finishing...
 
20190911 09:54:07: Succeeded in Syncing HA data @ FSO!
 Synced file No. : 0 file(s)
Synced data size : 0 MB
    Sync @ Speed : 0 MB/s
  Sync Time Used : 5 secs.
    Total Synced : 0 file(s)
                 : 0 MB
 Total Time Used : 6 secs.
            From : 09:54:01 
              To : 09:54:07 
 
======== Welcome to FSO Data Copying System@FSO! ========
                                                         
                 fso-copy-lftp-cyg.sh                    
                                                         
             Relase 1.6     20190717  11:16              
                                                         
                                                         
                  20190911    09:57:01                       
                                                         
=========================================================
 
/cygdrive/f/20190911/HA/ already exist!
20190911 09:57:01: Copying HA data @ FSO...
                   From: /20190911/HA/ 
                   To  : /cygdrive/f/20190911/HA/ 
                   Please Wait...
20190911 09:57:03: Syncing HA Data...   Please Wait...
20190911 09:57:04: Syncing HA Data...   Please Wait...
20190911 09:57:05: Syncing HA Data...   Please Wait...
20190911 09:57:06: Syncing HA Data...   Please Wait...
20190911 09:57:07: HA Syncing Task Has Done!
                   Finishing...
20190911 09:57:07: File Number Sumerizing for Synced HA Data Task Has Done!
                   Finishing...
20190911 09:57:07: File Size Summerizing for Synced HA Data Task Has Done!
                   Finishing...
 
20190911 09:57:07: Succeeded in Syncing HA data @ FSO!
 Synced file No. : 0 file(s)
Synced data size : 0 MB
    Sync @ Speed : 0 MB/s
  Sync Time Used : 5 secs.
    Total Synced : 0 file(s)
                 : 0 MB
 Total Time Used : 6 secs.
            From : 09:57:01 
              To : 09:57:07 
 
======== Welcome to FSO Data Copying System@FSO! ========
                                                         
                 fso-copy-lftp-cyg.sh                    
                                                         
             Relase 1.6     20190717  11:16              
                                                         
                                                         
                  20190911    10:00:01                       
                                                         
=========================================================
 
/cygdrive/f/20190911/HA/ already exist!
20190911 10:00:01: Copying HA data @ FSO...
                   From: /20190911/HA/ 
                   To  : /cygdrive/f/20190911/HA/ 
                   Please Wait...
20190911 10:00:02: Syncing HA Data...   Please Wait...
20190911 10:00:03: Syncing HA Data...   Please Wait...
20190911 10:00:04: Syncing HA Data...   Please Wait...
20190911 10:00:05: Syncing HA Data...   Please Wait...
20190911 10:00:06: HA Syncing Task Has Done!
                   Finishing...
20190911 10:00:06: File Number Sumerizing for Synced HA Data Task Has Done!
                   Finishing...
20190911 10:00:06: File Size Summerizing for Synced HA Data Task Has Done!
                   Finishing...
 
20190911 10:00:06: Succeeded in Syncing HA data @ FSO!
 Synced file No. : 0 file(s)
Synced data size : 0 MB
    Sync @ Speed : 0 MB/s
  Sync Time Used : 5 secs.
    Total Synced : 0 file(s)
                 : 0 MB
 Total Time Used : 5 secs.
            From : 10:00:01 
              To : 10:00:06 
 
======== Welcome to FSO Data Copying System@FSO! ========
                                                         
                 fso-copy-lftp-cyg.sh                    
                                                         
             Relase 1.6     20190717  11:16              
                                                         
                                                         
                  20190911    10:03:01                       
                                                         
=========================================================
 
/cygdrive/f/20190911/HA/ already exist!
20190911 10:03:01: Copying HA data @ FSO...
                   From: /20190911/HA/ 
                   To  : /cygdrive/f/20190911/HA/ 
                   Please Wait...
20190911 10:03:03: Syncing HA Data...   Please Wait...
20190911 10:03:04: Syncing HA Data...   Please Wait...
20190911 10:03:05: Syncing HA Data...   Please Wait...
20190911 10:03:06: Syncing HA Data...   Please Wait...
20190911 10:03:07: HA Syncing Task Has Done!
                   Finishing...
20190911 10:03:07: File Number Sumerizing for Synced HA Data Task Has Done!
                   Finishing...
20190911 10:03:07: File Size Summerizing for Synced HA Data Task Has Done!
                   Finishing...
 
20190911 10:03:07: Succeeded in Syncing HA data @ FSO!
 Synced file No. : 0 file(s)
Synced data size : 0 MB
    Sync @ Speed : 0 MB/s
  Sync Time Used : 6 secs.
    Total Synced : 0 file(s)
                 : 0 MB
 Total Time Used : 6 secs.
            From : 10:03:01 
              To : 10:03:07 
 
======== Welcome to FSO Data Copying System@FSO! ========
                                                         
                 fso-copy-lftp-cyg.sh                    
                                                         
             Relase 1.6     20190717  11:16              
                                                         
                                                         
                  20190911    10:06:01                       
                                                         
=========================================================
 
/cygdrive/f/20190911/HA/ already exist!
20190911 10:06:01: Copying HA data @ FSO...
                   From: /20190911/HA/ 
                   To  : /cygdrive/f/20190911/HA/ 
                   Please Wait...
20190911 10:06:02: Syncing HA Data...   Please Wait...
20190911 10:06:03: Syncing HA Data...   Please Wait...
20190911 10:06:04: Syncing HA Data...   Please Wait...
20190911 10:06:05: Syncing HA Data...   Please Wait...
20190911 10:06:06: HA Syncing Task Has Done!
                   Finishing...
20190911 10:06:06: File Number Sumerizing for Synced HA Data Task Has Done!
                   Finishing...
20190911 10:06:06: File Size Summerizing for Synced HA Data Task Has Done!
                   Finishing...
 
20190911 10:06:06: Succeeded in Syncing HA data @ FSO!
 Synced file No. : 0 file(s)
Synced data size : 0 MB
    Sync @ Speed : 0 MB/s
  Sync Time Used : 5 secs.
    Total Synced : 0 file(s)
                 : 0 MB
 Total Time Used : 5 secs.
            From : 10:06:01 
              To : 10:06:06 
 
======== Welcome to FSO Data Copying System@FSO! ========
                                                         
                 fso-copy-lftp-cyg.sh                    
                                                         
             Relase 1.6     20190717  11:16              
                                                         
                                                         
                  20190911    10:09:01                       
                                                         
=========================================================
 
/cygdrive/f/20190911/HA/ already exist!
20190911 10:09:01: Copying HA data @ FSO...
                   From: /20190911/HA/ 
                   To  : /cygdrive/f/20190911/HA/ 
                   Please Wait...
20190911 10:09:03: Syncing HA Data...   Please Wait...
20190911 10:09:04: Syncing HA Data...   Please Wait...
20190911 10:09:05: Syncing HA Data...   Please Wait...
20190911 10:09:06: Syncing HA Data...   Please Wait...
20190911 10:09:07: HA Syncing Task Has Done!
                   Finishing...
20190911 10:09:07: File Number Sumerizing for Synced HA Data Task Has Done!
                   Finishing...
20190911 10:09:07: File Size Summerizing for Synced HA Data Task Has Done!
                   Finishing...
 
20190911 10:09:07: Succeeded in Syncing HA data @ FSO!
 Synced file No. : 0 file(s)
Synced data size : 0 MB
    Sync @ Speed : 0 MB/s
  Sync Time Used : 6 secs.
    Total Synced : 0 file(s)
                 : 0 MB
 Total Time Used : 6 secs.
            From : 10:09:01 
              To : 10:09:07 
 
======== Welcome to FSO Data Copying System@FSO! ========
                                                         
                 fso-copy-lftp-cyg.sh                    
                                                         
             Relase 1.6     20190717  11:16              
                                                         
                                                         
                  20190911    10:12:01                       
                                                         
=========================================================
 
/cygdrive/f/20190911/HA/ already exist!
20190911 10:12:01: Copying HA data @ FSO...
                   From: /20190911/HA/ 
                   To  : /cygdrive/f/20190911/HA/ 
                   Please Wait...
20190911 10:12:02: Syncing HA Data...   Please Wait...
20190911 10:12:03: Syncing HA Data...   Please Wait...
20190911 10:12:04: Syncing HA Data...   Please Wait...
20190911 10:12:05: Syncing HA Data...   Please Wait...
20190911 10:12:06: HA Syncing Task Has Done!
                   Finishing...
20190911 10:12:06: File Number Sumerizing for Synced HA Data Task Has Done!
                   Finishing...
20190911 10:12:06: File Size Summerizing for Synced HA Data Task Has Done!
                   Finishing...
 
20190911 10:12:06: Succeeded in Syncing HA data @ FSO!
 Synced file No. : 0 file(s)
Synced data size : 0 MB
    Sync @ Speed : 0 MB/s
  Sync Time Used : 5 secs.
    Total Synced : 0 file(s)
                 : 0 MB
 Total Time Used : 5 secs.
            From : 10:12:01 
              To : 10:12:06 
 
======== Welcome to FSO Data Copying System@FSO! ========
                                                         
                 fso-copy-lftp-cyg.sh                    
                                                         
             Relase 1.6     20190717  11:16              
                                                         
                                                         
                  20190911    10:15:01                       
                                                         
=========================================================
 
/cygdrive/f/20190911/HA/ already exist!
20190911 10:15:01: Copying HA data @ FSO...
                   From: /20190911/HA/ 
                   To  : /cygdrive/f/20190911/HA/ 
                   Please Wait...
20190911 10:15:02: Syncing HA Data...   Please Wait...
20190911 10:15:03: Syncing HA Data...   Please Wait...
20190911 10:15:05: Syncing HA Data...   Please Wait...
20190911 10:15:06: Syncing HA Data...   Please Wait...
20190911 10:15:06: HA Syncing Task Has Done!
                   Finishing...
20190911 10:15:07: File Number Sumerizing for Synced HA Data Task Has Done!
                   Finishing...
20190911 10:15:07: File Size Summerizing for Synced HA Data Task Has Done!
                   Finishing...
 
20190911 10:15:07: Succeeded in Syncing HA data @ FSO!
 Synced file No. : 0 file(s)
Synced data size : 0 MB
    Sync @ Speed : 0 MB/s
  Sync Time Used : 5 secs.
    Total Synced : 0 file(s)
                 : 0 MB
 Total Time Used : 6 secs.
            From : 10:15:01 
              To : 10:15:07 
 
======== Welcome to FSO Data Copying System@FSO! ========
                                                         
                 fso-copy-lftp-cyg.sh                    
                                                         
             Relase 1.6     20190717  11:16              
                                                         
                                                         
                  20190911    10:18:02                       
                                                         
=========================================================
 
/cygdrive/f/20190911/HA/ already exist!
20190911 10:18:02: Copying HA data @ FSO...
                   From: /20190911/HA/ 
                   To  : /cygdrive/f/20190911/HA/ 
                   Please Wait...
20190911 10:18:03: Syncing HA Data...   Please Wait...
20190911 10:18:04: Syncing HA Data...   Please Wait...
20190911 10:18:05: Syncing HA Data...   Please Wait...
20190911 10:18:06: Syncing HA Data...   Please Wait...
20190911 10:18:07: HA Syncing Task Has Done!
                   Finishing...
20190911 10:18:07: File Number Sumerizing for Synced HA Data Task Has Done!
                   Finishing...
20190911 10:18:07: File Size Summerizing for Synced HA Data Task Has Done!
                   Finishing...
 
20190911 10:18:07: Succeeded in Syncing HA data @ FSO!
 Synced file No. : 0 file(s)
Synced data size : 0 MB
    Sync @ Speed : 0 MB/s
  Sync Time Used : 5 secs.
    Total Synced : 0 file(s)
                 : 0 MB
 Total Time Used : 5 secs.
            From : 10:18:02 
              To : 10:18:07 
 
======== Welcome to FSO Data Copying System@FSO! ========
                                                         
                 fso-copy-lftp-cyg.sh                    
                                                         
             Relase 1.6     20190717  11:16              
                                                         
                                                         
                  20190911    10:24:01                       
                                                         
=========================================================
 
/cygdrive/f/20190911/HA/ already exist!
20190911 10:24:01: Copying HA data @ FSO...
                   From: /20190911/HA/ 
                   To  : /cygdrive/f/20190911/HA/ 
                   Please Wait...
20190911 10:24:02: Syncing HA Data...   Please Wait...
20190911 10:24:03: Syncing HA Data...   Please Wait...
20190911 10:24:05: Syncing HA Data...   Please Wait...
20190911 10:24:06: Syncing HA Data...   Please Wait...
20190911 10:24:06: HA Syncing Task Has Done!
                   Finishing...
20190911 10:24:07: File Number Sumerizing for Synced HA Data Task Has Done!
                   Finishing...
20190911 10:24:07: File Size Summerizing for Synced HA Data Task Has Done!
                   Finishing...
 
20190911 10:24:07: Succeeded in Syncing HA data @ FSO!
 Synced file No. : 0 file(s)
Synced data size : 0 MB
    Sync @ Speed : 0 MB/s
  Sync Time Used : 5 secs.
    Total Synced : 0 file(s)
                 : 0 MB
 Total Time Used : 6 secs.
            From : 10:24:01 
              To : 10:24:07 
