 
======== Welcome to FSO Data Copying System@FSO! ========
                                                         
                 fso-copy-lftp-cyg.sh                    
                                                         
             Relase 1.6     20190717  11:16              
                                                         
                                                         
                  20191220    08:00:02                       
                                                         
=========================================================
 
20191220 08:00:02: Copying TIO data @ FSO...
                   From: /20191220/TIO/ 
                   To  : /cygdrive/e/20191220/TIO/ 
                   Please Wait...
20191220 08:00:03: Syncing TIO Data...   Please Wait...
20191220 08:00:04: Syncing TIO Data...   Please Wait...
20191220 08:00:05: Syncing TIO Data...   Please Wait...
20191220 08:00:06: Syncing TIO Data...   Please Wait...
20191220 08:00:07: TIO Syncing Task Has Done!
                   Finishing...
20191220 08:00:07: File Number Sumerizing for Synced TIO Data Task Has Done!
                   Finishing...
20191220 08:00:08: File Size Summerizing for Synced TIO Data Task Has Done!
                   Finishing...
 
20191220 08:00:08: Succeeded in Syncing TIO data @ FSO!
          Synced : 0 file(s)
                 : 0 MB
         @ Speed : 0 MB/s
       Time Used : 5 secs.
    Total Synced : 0 file(s)
                 : 0 MB
 Total Time Used : 6 secs.
            From : 20191220 08:00:02 
              To : 20191220 08:00:08 
 
======== Welcome to FSO Data Copying System@FSO! ========
                                                         
                 fso-copy-lftp-cyg.sh                    
                                                         
             Relase 1.6     20190717  11:16              
                                                         
                                                         
                  20191220    08:01:01                       
                                                         
=========================================================
 
/cygdrive/e/20191220/TIO/ already exist!
20191220 08:01:01: Copying TIO data @ FSO...
                   From: /20191220/TIO/ 
                   To  : /cygdrive/e/20191220/TIO/ 
                   Please Wait...
20191220 08:01:03: Syncing TIO Data...   Please Wait...
20191220 08:01:04: Syncing TIO Data...   Please Wait...
20191220 08:01:05: Syncing TIO Data...   Please Wait...
20191220 08:01:06: Syncing TIO Data...   Please Wait...
20191220 08:01:07: TIO Syncing Task Has Done!
                   Finishing...
20191220 08:01:07: File Number Sumerizing for Synced TIO Data Task Has Done!
                   Finishing...
20191220 08:01:07: File Size Summerizing for Synced TIO Data Task Has Done!
                   Finishing...
 
20191220 08:01:07: Succeeded in Syncing TIO data @ FSO!
          Synced : 0 file(s)
                 : 0 MB
         @ Speed : 0 MB/s
       Time Used : 5 secs.
    Total Synced : 0 file(s)
                 : 0 MB
 Total Time Used : 6 secs.
            From : 20191220 08:01:01 
              To : 20191220 08:01:07 
