 
======== Welcome to FSO Data Copying System@FSO! ========
                                                         
                 fso-copy-lftp-cyg.sh                    
                                                         
             Relase 1.6     20190717  11:16              
                                                         
                                                         
                  20190914    08:00:02                       
                                                         
=========================================================
 
20190914 08:00:02: Copying TIO data @ FSO...
                   From: /20190914/TIO/ 
                   To  : /cygdrive/e/20190914/TIO/ 
                   Please Wait...
20190914 08:00:02: TIO Syncing Task Has Done!
                   Finishing...
20190914 08:00:02: File Number Sumerizing for Synced TIO Data Task Has Done!
                   Finishing...
20190914 08:00:02: File Size Summerizing for Synced TIO Data Task Has Done!
                   Finishing...
 
20190914 08:00:03: Succeeded in Syncing TIO data @ FSO!
 Synced file No. : 0 file(s)
Synced data size : 0 MB
    Sync @ Speed : 0 MB/s
  Sync Time Used : 1 secs.
    Total Synced : 0 file(s)
                 : 0 MB
 Total Time Used : 1 secs.
            From : 08:00:02 
              To : 08:00:03 
 
======== Welcome to FSO Data Copying System@FSO! ========
                                                         
                 fso-copy-lftp-cyg.sh                    
                                                         
             Relase 1.6     20190717  11:16              
                                                         
                                                         
                  20190914    08:02:01                       
                                                         
=========================================================
 
/cygdrive/e/20190914/TIO/ already exist!
20190914 08:02:01: Copying TIO data @ FSO...
                   From: /20190914/TIO/ 
                   To  : /cygdrive/e/20190914/TIO/ 
                   Please Wait...
20190914 08:02:01: TIO Syncing Task Has Done!
                   Finishing...
20190914 08:02:01: File Number Sumerizing for Synced TIO Data Task Has Done!
                   Finishing...
20190914 08:02:01: File Size Summerizing for Synced TIO Data Task Has Done!
                   Finishing...
 
20190914 08:02:02: Succeeded in Syncing TIO data @ FSO!
 Synced file No. : 0 file(s)
Synced data size : 0 MB
    Sync @ Speed : 0 MB/s
  Sync Time Used : 1 secs.
    Total Synced : 0 file(s)
                 : 0 MB
 Total Time Used : 1 secs.
            From : 08:02:01 
              To : 08:02:02 
 
======== Welcome to FSO Data Copying System@FSO! ========
                                                         
                 fso-copy-lftp-cyg.sh                    
                                                         
             Relase 1.6     20190717  11:16              
                                                         
                                                         
                  20190914    08:04:02                       
                                                         
=========================================================
 
/cygdrive/e/20190914/TIO/ already exist!
20190914 08:04:02: Copying TIO data @ FSO...
                   From: /20190914/TIO/ 
                   To  : /cygdrive/e/20190914/TIO/ 
                   Please Wait...
20190914 08:04:02: TIO Syncing Task Has Done!
                   Finishing...
20190914 08:04:02: File Number Sumerizing for Synced TIO Data Task Has Done!
                   Finishing...
20190914 08:04:02: File Size Summerizing for Synced TIO Data Task Has Done!
                   Finishing...
 
20190914 08:04:02: Succeeded in Syncing TIO data @ FSO!
 Synced file No. : 0 file(s)
Synced data size : 0 MB
    Sync @ Speed : 0 MB/s
  Sync Time Used : 1 secs.
    Total Synced : 0 file(s)
                 : 0 MB
 Total Time Used : 0 secs.
            From : 08:04:02 
              To : 08:04:02 
 
======== Welcome to FSO Data Copying System@FSO! ========
                                                         
                 fso-copy-lftp-cyg.sh                    
                                                         
             Relase 1.6     20190717  11:16              
                                                         
                                                         
                  20190914    08:06:01                       
                                                         
=========================================================
 
/cygdrive/e/20190914/TIO/ already exist!
20190914 08:06:02: Copying TIO data @ FSO...
                   From: /20190914/TIO/ 
                   To  : /cygdrive/e/20190914/TIO/ 
                   Please Wait...
20190914 08:06:02: TIO Syncing Task Has Done!
                   Finishing...
20190914 08:06:02: File Number Sumerizing for Synced TIO Data Task Has Done!
                   Finishing...
20190914 08:06:02: File Size Summerizing for Synced TIO Data Task Has Done!
                   Finishing...
 
20190914 08:06:02: Succeeded in Syncing TIO data @ FSO!
 Synced file No. : 0 file(s)
Synced data size : 0 MB
    Sync @ Speed : 0 MB/s
  Sync Time Used : 1 secs.
    Total Synced : 0 file(s)
                 : 0 MB
 Total Time Used : 0 secs.
            From : 08:06:02 
              To : 08:06:02 
 
======== Welcome to FSO Data Copying System@FSO! ========
                                                         
                 fso-copy-lftp-cyg.sh                    
                                                         
             Relase 1.6     20190717  11:16              
                                                         
                                                         
                  20190914    08:08:01                       
                                                         
=========================================================
 
/cygdrive/e/20190914/TIO/ already exist!
20190914 08:08:02: Copying TIO data @ FSO...
                   From: /20190914/TIO/ 
                   To  : /cygdrive/e/20190914/TIO/ 
                   Please Wait...
20190914 08:08:02: TIO Syncing Task Has Done!
                   Finishing...
20190914 08:08:02: File Number Sumerizing for Synced TIO Data Task Has Done!
                   Finishing...
20190914 08:08:02: File Size Summerizing for Synced TIO Data Task Has Done!
                   Finishing...
 
20190914 08:08:02: Succeeded in Syncing TIO data @ FSO!
 Synced file No. : 0 file(s)
Synced data size : 0 MB
    Sync @ Speed : 0 MB/s
  Sync Time Used : 1 secs.
    Total Synced : 0 file(s)
                 : 0 MB
 Total Time Used : 0 secs.
            From : 08:08:02 
              To : 08:08:02 
 
======== Welcome to FSO Data Copying System@FSO! ========
                                                         
                 fso-copy-lftp-cyg.sh                    
                                                         
             Relase 1.6     20190717  11:16              
                                                         
                                                         
                  20190914    08:10:01                       
                                                         
=========================================================
 
/cygdrive/e/20190914/TIO/ already exist!
20190914 08:10:01: Copying TIO data @ FSO...
                   From: /20190914/TIO/ 
                   To  : /cygdrive/e/20190914/TIO/ 
                   Please Wait...
20190914 08:10:02: TIO Syncing Task Has Done!
                   Finishing...
20190914 08:10:02: File Number Sumerizing for Synced TIO Data Task Has Done!
                   Finishing...
20190914 08:10:02: File Size Summerizing for Synced TIO Data Task Has Done!
                   Finishing...
 
20190914 08:10:02: Succeeded in Syncing TIO data @ FSO!
 Synced file No. : 0 file(s)
Synced data size : 0 MB
    Sync @ Speed : 0 MB/s
  Sync Time Used : 1 secs.
    Total Synced : 0 file(s)
                 : 0 MB
 Total Time Used : 1 secs.
            From : 08:10:01 
              To : 08:10:02 
 
======== Welcome to FSO Data Copying System@FSO! ========
                                                         
                 fso-copy-lftp-cyg.sh                    
                                                         
             Relase 1.6     20190717  11:16              
                                                         
                                                         
                  20190914    08:12:01                       
                                                         
=========================================================
 
/cygdrive/e/20190914/TIO/ already exist!
20190914 08:12:01: Copying TIO data @ FSO...
                   From: /20190914/TIO/ 
                   To  : /cygdrive/e/20190914/TIO/ 
                   Please Wait...
20190914 08:12:02: TIO Syncing Task Has Done!
                   Finishing...
20190914 08:12:02: File Number Sumerizing for Synced TIO Data Task Has Done!
                   Finishing...
20190914 08:12:02: File Size Summerizing for Synced TIO Data Task Has Done!
                   Finishing...
 
20190914 08:12:02: Succeeded in Syncing TIO data @ FSO!
 Synced file No. : 0 file(s)
Synced data size : 0 MB
    Sync @ Speed : 0 MB/s
  Sync Time Used : 1 secs.
    Total Synced : 0 file(s)
                 : 0 MB
 Total Time Used : 1 secs.
            From : 08:12:01 
              To : 08:12:02 
 
======== Welcome to FSO Data Copying System@FSO! ========
                                                         
                 fso-copy-lftp-cyg.sh                    
                                                         
             Relase 1.6     20190717  11:16              
                                                         
                                                         
                  20190914    08:14:01                       
                                                         
=========================================================
 
/cygdrive/e/20190914/TIO/ already exist!
20190914 08:14:01: Copying TIO data @ FSO...
                   From: /20190914/TIO/ 
                   To  : /cygdrive/e/20190914/TIO/ 
                   Please Wait...
20190914 08:14:02: TIO Syncing Task Has Done!
                   Finishing...
20190914 08:14:02: File Number Sumerizing for Synced TIO Data Task Has Done!
                   Finishing...
20190914 08:14:02: File Size Summerizing for Synced TIO Data Task Has Done!
                   Finishing...
 
20190914 08:14:02: Succeeded in Syncing TIO data @ FSO!
 Synced file No. : 0 file(s)
Synced data size : 0 MB
    Sync @ Speed : 0 MB/s
  Sync Time Used : 1 secs.
    Total Synced : 0 file(s)
                 : 0 MB
 Total Time Used : 1 secs.
            From : 08:14:01 
              To : 08:14:02 
 
======== Welcome to FSO Data Copying System@FSO! ========
                                                         
                 fso-copy-lftp-cyg.sh                    
                                                         
             Relase 1.6     20190717  11:16              
                                                         
                                                         
                  20190914    08:16:01                       
                                                         
=========================================================
 
/cygdrive/e/20190914/TIO/ already exist!
20190914 08:16:01: Copying TIO data @ FSO...
                   From: /20190914/TIO/ 
                   To  : /cygdrive/e/20190914/TIO/ 
                   Please Wait...
20190914 08:16:01: TIO Syncing Task Has Done!
                   Finishing...
20190914 08:16:02: File Number Sumerizing for Synced TIO Data Task Has Done!
                   Finishing...
20190914 08:16:02: File Size Summerizing for Synced TIO Data Task Has Done!
                   Finishing...
 
20190914 08:16:02: Succeeded in Syncing TIO data @ FSO!
 Synced file No. : 0 file(s)
Synced data size : 0 MB
    Sync @ Speed : 0 MB/s
  Sync Time Used : 1 secs.
    Total Synced : 0 file(s)
                 : 0 MB
 Total Time Used : 1 secs.
            From : 08:16:01 
              To : 08:16:02 
 
======== Welcome to FSO Data Copying System@FSO! ========
                                                         
                 fso-copy-lftp-cyg.sh                    
                                                         
             Relase 1.6     20190717  11:16              
                                                         
                                                         
                  20190914    08:18:01                       
                                                         
=========================================================
 
/cygdrive/e/20190914/TIO/ already exist!
20190914 08:18:01: Copying TIO data @ FSO...
                   From: /20190914/TIO/ 
                   To  : /cygdrive/e/20190914/TIO/ 
                   Please Wait...
20190914 08:18:01: TIO Syncing Task Has Done!
                   Finishing...
20190914 08:18:02: File Number Sumerizing for Synced TIO Data Task Has Done!
                   Finishing...
20190914 08:18:02: File Size Summerizing for Synced TIO Data Task Has Done!
                   Finishing...
 
20190914 08:18:02: Succeeded in Syncing TIO data @ FSO!
 Synced file No. : 0 file(s)
Synced data size : 0 MB
    Sync @ Speed : 0 MB/s
  Sync Time Used : 1 secs.
    Total Synced : 0 file(s)
                 : 0 MB
 Total Time Used : 1 secs.
            From : 08:18:01 
              To : 08:18:02 
 
======== Welcome to FSO Data Copying System@FSO! ========
                                                         
                 fso-copy-lftp-cyg.sh                    
                                                         
             Relase 1.6     20190717  11:16              
                                                         
                                                         
                  20190914    08:20:01                       
                                                         
=========================================================
 
/cygdrive/e/20190914/TIO/ already exist!
20190914 08:20:01: Copying TIO data @ FSO...
                   From: /20190914/TIO/ 
                   To  : /cygdrive/e/20190914/TIO/ 
                   Please Wait...
20190914 08:20:01: TIO Syncing Task Has Done!
                   Finishing...
20190914 08:20:02: File Number Sumerizing for Synced TIO Data Task Has Done!
                   Finishing...
20190914 08:20:02: File Size Summerizing for Synced TIO Data Task Has Done!
                   Finishing...
 
20190914 08:20:02: Succeeded in Syncing TIO data @ FSO!
 Synced file No. : 0 file(s)
Synced data size : 0 MB
    Sync @ Speed : 0 MB/s
  Sync Time Used : 1 secs.
    Total Synced : 0 file(s)
                 : 0 MB
 Total Time Used : 1 secs.
            From : 08:20:01 
              To : 08:20:02 
 
======== Welcome to FSO Data Copying System@FSO! ========
                                                         
                 fso-copy-lftp-cyg.sh                    
                                                         
             Relase 1.6     20190717  11:16              
                                                         
                                                         
                  20190914    08:22:01                       
                                                         
=========================================================
 
/cygdrive/e/20190914/TIO/ already exist!
20190914 08:22:01: Copying TIO data @ FSO...
                   From: /20190914/TIO/ 
                   To  : /cygdrive/e/20190914/TIO/ 
                   Please Wait...
20190914 08:22:01: TIO Syncing Task Has Done!
                   Finishing...
20190914 08:22:01: File Number Sumerizing for Synced TIO Data Task Has Done!
                   Finishing...
20190914 08:22:01: File Size Summerizing for Synced TIO Data Task Has Done!
                   Finishing...
 
20190914 08:22:02: Succeeded in Syncing TIO data @ FSO!
 Synced file No. : 0 file(s)
Synced data size : 0 MB
    Sync @ Speed : 0 MB/s
  Sync Time Used : 1 secs.
    Total Synced : 0 file(s)
                 : 0 MB
 Total Time Used : 1 secs.
            From : 08:22:01 
              To : 08:22:02 
 
======== Welcome to FSO Data Copying System@FSO! ========
                                                         
                 fso-copy-lftp-cyg.sh                    
                                                         
             Relase 1.6     20190717  11:16              
                                                         
                                                         
                  20190914    08:24:01                       
                                                         
=========================================================
 
/cygdrive/e/20190914/TIO/ already exist!
20190914 08:24:01: Copying TIO data @ FSO...
                   From: /20190914/TIO/ 
                   To  : /cygdrive/e/20190914/TIO/ 
                   Please Wait...
20190914 08:24:01: TIO Syncing Task Has Done!
                   Finishing...
20190914 08:24:01: File Number Sumerizing for Synced TIO Data Task Has Done!
                   Finishing...
20190914 08:24:02: File Size Summerizing for Synced TIO Data Task Has Done!
                   Finishing...
 
20190914 08:24:02: Succeeded in Syncing TIO data @ FSO!
 Synced file No. : 0 file(s)
Synced data size : 0 MB
    Sync @ Speed : 0 MB/s
  Sync Time Used : 1 secs.
    Total Synced : 0 file(s)
                 : 0 MB
 Total Time Used : 1 secs.
            From : 08:24:01 
              To : 08:24:02 
 
======== Welcome to FSO Data Copying System@FSO! ========
                                                         
                 fso-copy-lftp-cyg.sh                    
                                                         
             Relase 1.6     20190717  11:16              
                                                         
                                                         
                  20190914    08:26:01                       
                                                         
=========================================================
 
/cygdrive/e/20190914/TIO/ already exist!
20190914 08:26:01: Copying TIO data @ FSO...
                   From: /20190914/TIO/ 
                   To  : /cygdrive/e/20190914/TIO/ 
                   Please Wait...
20190914 08:26:01: TIO Syncing Task Has Done!
                   Finishing...
20190914 08:26:01: File Number Sumerizing for Synced TIO Data Task Has Done!
                   Finishing...
20190914 08:26:01: File Size Summerizing for Synced TIO Data Task Has Done!
                   Finishing...
 
20190914 08:26:02: Succeeded in Syncing TIO data @ FSO!
 Synced file No. : 0 file(s)
Synced data size : 0 MB
    Sync @ Speed : 0 MB/s
  Sync Time Used : 1 secs.
    Total Synced : 0 file(s)
                 : 0 MB
 Total Time Used : 1 secs.
            From : 08:26:01 
              To : 08:26:02 
 
======== Welcome to FSO Data Copying System@FSO! ========
                                                         
                 fso-copy-lftp-cyg.sh                    
                                                         
             Relase 1.6     20190717  11:16              
                                                         
                                                         
                  20190914    08:28:02                       
                                                         
=========================================================
 
/cygdrive/e/20190914/TIO/ already exist!
20190914 08:28:02: Copying TIO data @ FSO...
                   From: /20190914/TIO/ 
                   To  : /cygdrive/e/20190914/TIO/ 
                   Please Wait...
20190914 08:28:02: TIO Syncing Task Has Done!
                   Finishing...
20190914 08:28:02: File Number Sumerizing for Synced TIO Data Task Has Done!
                   Finishing...
20190914 08:28:02: File Size Summerizing for Synced TIO Data Task Has Done!
                   Finishing...
 
20190914 08:28:02: Succeeded in Syncing TIO data @ FSO!
 Synced file No. : 0 file(s)
Synced data size : 0 MB
    Sync @ Speed : 0 MB/s
  Sync Time Used : 1 secs.
    Total Synced : 0 file(s)
                 : 0 MB
 Total Time Used : 0 secs.
            From : 08:28:02 
              To : 08:28:02 
 
======== Welcome to FSO Data Copying System@FSO! ========
                                                         
                 fso-copy-lftp-cyg.sh                    
                                                         
             Relase 1.6     20190717  11:16              
                                                         
                                                         
                  20190914    08:30:02                       
                                                         
=========================================================
 
/cygdrive/e/20190914/TIO/ already exist!
20190914 08:30:02: Copying TIO data @ FSO...
                   From: /20190914/TIO/ 
                   To  : /cygdrive/e/20190914/TIO/ 
                   Please Wait...
20190914 08:30:02: TIO Syncing Task Has Done!
                   Finishing...
20190914 08:30:02: File Number Sumerizing for Synced TIO Data Task Has Done!
                   Finishing...
20190914 08:30:02: File Size Summerizing for Synced TIO Data Task Has Done!
                   Finishing...
 
20190914 08:30:02: Succeeded in Syncing TIO data @ FSO!
 Synced file No. : 0 file(s)
Synced data size : 0 MB
    Sync @ Speed : 0 MB/s
  Sync Time Used : 1 secs.
    Total Synced : 0 file(s)
                 : 0 MB
 Total Time Used : 0 secs.
            From : 08:30:02 
              To : 08:30:02 
 
======== Welcome to FSO Data Copying System@FSO! ========
                                                         
                 fso-copy-lftp-cyg.sh                    
                                                         
             Relase 1.6     20190717  11:16              
                                                         
                                                         
                  20190914    08:32:02                       
                                                         
=========================================================
 
/cygdrive/e/20190914/TIO/ already exist!
20190914 08:32:02: Copying TIO data @ FSO...
                   From: /20190914/TIO/ 
                   To  : /cygdrive/e/20190914/TIO/ 
                   Please Wait...
20190914 08:32:02: TIO Syncing Task Has Done!
                   Finishing...
20190914 08:32:02: File Number Sumerizing for Synced TIO Data Task Has Done!
                   Finishing...
20190914 08:32:02: File Size Summerizing for Synced TIO Data Task Has Done!
                   Finishing...
 
20190914 08:32:02: Succeeded in Syncing TIO data @ FSO!
 Synced file No. : 0 file(s)
Synced data size : 0 MB
    Sync @ Speed : 0 MB/s
  Sync Time Used : 1 secs.
    Total Synced : 0 file(s)
                 : 0 MB
 Total Time Used : 0 secs.
            From : 08:32:02 
              To : 08:32:02 
 
======== Welcome to FSO Data Copying System@FSO! ========
                                                         
                 fso-copy-lftp-cyg.sh                    
                                                         
             Relase 1.6     20190717  11:16              
                                                         
                                                         
                  20190914    08:34:01                       
                                                         
=========================================================
 
/cygdrive/e/20190914/TIO/ already exist!
20190914 08:34:02: Copying TIO data @ FSO...
                   From: /20190914/TIO/ 
                   To  : /cygdrive/e/20190914/TIO/ 
                   Please Wait...
20190914 08:34:02: TIO Syncing Task Has Done!
                   Finishing...
20190914 08:34:02: File Number Sumerizing for Synced TIO Data Task Has Done!
                   Finishing...
20190914 08:34:02: File Size Summerizing for Synced TIO Data Task Has Done!
                   Finishing...
 
20190914 08:34:02: Succeeded in Syncing TIO data @ FSO!
 Synced file No. : 0 file(s)
Synced data size : 0 MB
    Sync @ Speed : 0 MB/s
  Sync Time Used : 1 secs.
    Total Synced : 0 file(s)
                 : 0 MB
 Total Time Used : 1 secs.
            From : 08:34:01 
              To : 08:34:02 
 
======== Welcome to FSO Data Copying System@FSO! ========
                                                         
                 fso-copy-lftp-cyg.sh                    
                                                         
             Relase 1.6     20190717  11:16              
                                                         
                                                         
                  20190914    08:36:01                       
                                                         
=========================================================
 
/cygdrive/e/20190914/TIO/ already exist!
20190914 08:36:02: Copying TIO data @ FSO...
                   From: /20190914/TIO/ 
                   To  : /cygdrive/e/20190914/TIO/ 
                   Please Wait...
20190914 08:36:02: TIO Syncing Task Has Done!
                   Finishing...
20190914 08:36:02: File Number Sumerizing for Synced TIO Data Task Has Done!
                   Finishing...
20190914 08:36:02: File Size Summerizing for Synced TIO Data Task Has Done!
                   Finishing...
 
20190914 08:36:02: Succeeded in Syncing TIO data @ FSO!
 Synced file No. : 0 file(s)
Synced data size : 0 MB
    Sync @ Speed : 0 MB/s
  Sync Time Used : 1 secs.
    Total Synced : 0 file(s)
                 : 0 MB
 Total Time Used : 1 secs.
            From : 08:36:01 
              To : 08:36:02 
 
======== Welcome to FSO Data Copying System@FSO! ========
                                                         
                 fso-copy-lftp-cyg.sh                    
                                                         
             Relase 1.6     20190717  11:16              
                                                         
                                                         
                  20190914    08:38:02                       
                                                         
=========================================================
 
/cygdrive/e/20190914/TIO/ already exist!
20190914 08:38:02: Copying TIO data @ FSO...
                   From: /20190914/TIO/ 
                   To  : /cygdrive/e/20190914/TIO/ 
                   Please Wait...
20190914 08:38:03: Syncing TIO Data...   Please Wait...
20190914 08:38:04: Syncing TIO Data...   Please Wait...
20190914 08:38:05: Syncing TIO Data...   Please Wait...
20190914 08:38:06: Syncing TIO Data...   Please Wait...
20190914 08:38:07: TIO Syncing Task Has Done!
                   Finishing...
20190914 08:38:07: File Number Sumerizing for Synced TIO Data Task Has Done!
                   Finishing...
20190914 08:38:07: File Size Summerizing for Synced TIO Data Task Has Done!
                   Finishing...
 
20190914 08:38:07: Succeeded in Syncing TIO data @ FSO!
 Synced file No. : 0 file(s)
Synced data size : 0 MB
    Sync @ Speed : 0 MB/s
  Sync Time Used : 5 secs.
    Total Synced : 0 file(s)
                 : 0 MB
 Total Time Used : 5 secs.
            From : 08:38:02 
              To : 08:38:07 
 
======== Welcome to FSO Data Copying System@FSO! ========
                                                         
                 fso-copy-lftp-cyg.sh                    
                                                         
             Relase 1.6     20190717  11:16              
                                                         
                                                         
                  20190914    08:40:02                       
                                                         
=========================================================
 
/cygdrive/e/20190914/TIO/ already exist!
20190914 08:40:02: Copying TIO data @ FSO...
                   From: /20190914/TIO/ 
                   To  : /cygdrive/e/20190914/TIO/ 
                   Please Wait...
20190914 08:40:03: Syncing TIO Data...   Please Wait...
20190914 08:40:04: Syncing TIO Data...   Please Wait...
20190914 08:40:05: Syncing TIO Data...   Please Wait...
20190914 08:40:06: Syncing TIO Data...   Please Wait...
20190914 08:40:07: TIO Syncing Task Has Done!
                   Finishing...
20190914 08:40:07: File Number Sumerizing for Synced TIO Data Task Has Done!
                   Finishing...
20190914 08:40:07: File Size Summerizing for Synced TIO Data Task Has Done!
                   Finishing...
 
20190914 08:40:07: Succeeded in Syncing TIO data @ FSO!
 Synced file No. : 0 file(s)
Synced data size : 0 MB
    Sync @ Speed : 0 MB/s
  Sync Time Used : 5 secs.
    Total Synced : 0 file(s)
                 : 0 MB
 Total Time Used : 5 secs.
            From : 08:40:02 
              To : 08:40:07 
 
======== Welcome to FSO Data Copying System@FSO! ========
                                                         
                 fso-copy-lftp-cyg.sh                    
                                                         
             Relase 1.6     20190717  11:16              
                                                         
                                                         
                  20190914    08:42:02                       
                                                         
=========================================================
 
/cygdrive/e/20190914/TIO/ already exist!
20190914 08:42:02: Copying TIO data @ FSO...
                   From: /20190914/TIO/ 
                   To  : /cygdrive/e/20190914/TIO/ 
                   Please Wait...
20190914 08:42:03: Syncing TIO Data...   Please Wait...
20190914 08:42:04: Syncing TIO Data...   Please Wait...
20190914 08:42:05: Syncing TIO Data...   Please Wait...
20190914 08:42:06: Syncing TIO Data...   Please Wait...
20190914 08:42:07: TIO Syncing Task Has Done!
                   Finishing...
20190914 08:42:07: File Number Sumerizing for Synced TIO Data Task Has Done!
                   Finishing...
20190914 08:42:07: File Size Summerizing for Synced TIO Data Task Has Done!
                   Finishing...
 
20190914 08:42:08: Succeeded in Syncing TIO data @ FSO!
 Synced file No. : 0 file(s)
Synced data size : 0 MB
    Sync @ Speed : 0 MB/s
  Sync Time Used : 5 secs.
    Total Synced : 0 file(s)
                 : 0 MB
 Total Time Used : 6 secs.
            From : 08:42:02 
              To : 08:42:08 
 
======== Welcome to FSO Data Copying System@FSO! ========
                                                         
                 fso-copy-lftp-cyg.sh                    
                                                         
             Relase 1.6     20190717  11:16              
                                                         
                                                         
                  20190914    08:44:01                       
                                                         
=========================================================
 
/cygdrive/e/20190914/TIO/ already exist!
20190914 08:44:01: Copying TIO data @ FSO...
                   From: /20190914/TIO/ 
                   To  : /cygdrive/e/20190914/TIO/ 
                   Please Wait...
20190914 08:44:02: Syncing TIO Data...   Please Wait...
20190914 08:44:03: Syncing TIO Data...   Please Wait...
20190914 08:44:04: Syncing TIO Data...   Please Wait...
20190914 08:44:05: Syncing TIO Data...   Please Wait...
20190914 08:44:06: TIO Syncing Task Has Done!
                   Finishing...
20190914 08:44:06: File Number Sumerizing for Synced TIO Data Task Has Done!
                   Finishing...
20190914 08:44:06: File Size Summerizing for Synced TIO Data Task Has Done!
                   Finishing...
 
20190914 08:44:07: Succeeded in Syncing TIO data @ FSO!
 Synced file No. : 0 file(s)
Synced data size : 0 MB
    Sync @ Speed : 0 MB/s
  Sync Time Used : 5 secs.
    Total Synced : 0 file(s)
                 : 0 MB
 Total Time Used : 6 secs.
            From : 08:44:01 
              To : 08:44:07 
 
======== Welcome to FSO Data Copying System@FSO! ========
                                                         
                 fso-copy-lftp-cyg.sh                    
                                                         
             Relase 1.6     20190717  11:16              
                                                         
                                                         
                  20190914    08:46:01                       
                                                         
=========================================================
 
/cygdrive/e/20190914/TIO/ already exist!
20190914 08:46:01: Copying TIO data @ FSO...
                   From: /20190914/TIO/ 
                   To  : /cygdrive/e/20190914/TIO/ 
                   Please Wait...
20190914 08:46:02: Syncing TIO Data...   Please Wait...
20190914 08:46:03: Syncing TIO Data...   Please Wait...
20190914 08:46:04: Syncing TIO Data...   Please Wait...
20190914 08:46:05: Syncing TIO Data...   Please Wait...
20190914 08:46:06: TIO Syncing Task Has Done!
                   Finishing...
20190914 08:46:06: File Number Sumerizing for Synced TIO Data Task Has Done!
                   Finishing...
20190914 08:46:06: File Size Summerizing for Synced TIO Data Task Has Done!
                   Finishing...
 
20190914 08:46:07: Succeeded in Syncing TIO data @ FSO!
 Synced file No. : 0 file(s)
Synced data size : 0 MB
    Sync @ Speed : 0 MB/s
  Sync Time Used : 5 secs.
    Total Synced : 0 file(s)
                 : 0 MB
 Total Time Used : 6 secs.
            From : 08:46:01 
              To : 08:46:07 
 
======== Welcome to FSO Data Copying System@FSO! ========
                                                         
                 fso-copy-lftp-cyg.sh                    
                                                         
             Relase 1.6     20190717  11:16              
                                                         
                                                         
                  20190914    08:48:01                       
                                                         
=========================================================
 
/cygdrive/e/20190914/TIO/ already exist!
20190914 08:48:01: Copying TIO data @ FSO...
                   From: /20190914/TIO/ 
                   To  : /cygdrive/e/20190914/TIO/ 
                   Please Wait...
20190914 08:48:02: Syncing TIO Data...   Please Wait...
20190914 08:48:03: Syncing TIO Data...   Please Wait...
20190914 08:48:04: Syncing TIO Data...   Please Wait...
20190914 08:48:05: Syncing TIO Data...   Please Wait...
20190914 08:48:06: TIO Syncing Task Has Done!
                   Finishing...
20190914 08:48:06: File Number Sumerizing for Synced TIO Data Task Has Done!
                   Finishing...
20190914 08:48:07: File Size Summerizing for Synced TIO Data Task Has Done!
                   Finishing...
 
20190914 08:48:07: Succeeded in Syncing TIO data @ FSO!
 Synced file No. : 0 file(s)
Synced data size : 0 MB
    Sync @ Speed : 0 MB/s
  Sync Time Used : 5 secs.
    Total Synced : 0 file(s)
                 : 0 MB
 Total Time Used : 6 secs.
            From : 08:48:01 
              To : 08:48:07 
 
======== Welcome to FSO Data Copying System@FSO! ========
                                                         
                 fso-copy-lftp-cyg.sh                    
                                                         
             Relase 1.6     20190717  11:16              
                                                         
                                                         
                  20190914    08:50:01                       
                                                         
=========================================================
 
/cygdrive/e/20190914/TIO/ already exist!
20190914 08:50:01: Copying TIO data @ FSO...
                   From: /20190914/TIO/ 
                   To  : /cygdrive/e/20190914/TIO/ 
                   Please Wait...
20190914 08:50:02: Syncing TIO Data...   Please Wait...
20190914 08:50:03: Syncing TIO Data...   Please Wait...
20190914 08:50:05: Syncing TIO Data...   Please Wait...
20190914 08:50:06: Syncing TIO Data...   Please Wait...
20190914 08:50:06: TIO Syncing Task Has Done!
                   Finishing...
20190914 08:50:07: File Number Sumerizing for Synced TIO Data Task Has Done!
                   Finishing...
20190914 08:50:07: File Size Summerizing for Synced TIO Data Task Has Done!
                   Finishing...
 
20190914 08:50:07: Succeeded in Syncing TIO data @ FSO!
 Synced file No. : 0 file(s)
Synced data size : 0 MB
    Sync @ Speed : 0 MB/s
  Sync Time Used : 5 secs.
    Total Synced : 0 file(s)
                 : 0 MB
 Total Time Used : 6 secs.
            From : 08:50:01 
              To : 08:50:07 
 
======== Welcome to FSO Data Copying System@FSO! ========
                                                         
                 fso-copy-lftp-cyg.sh                    
                                                         
             Relase 1.6     20190717  11:16              
                                                         
                                                         
                  20190914    08:52:01                       
                                                         
=========================================================
 
/cygdrive/e/20190914/TIO/ already exist!
20190914 08:52:01: Copying TIO data @ FSO...
                   From: /20190914/TIO/ 
                   To  : /cygdrive/e/20190914/TIO/ 
                   Please Wait...
20190914 08:52:02: Syncing TIO Data...   Please Wait...
20190914 08:52:03: Syncing TIO Data...   Please Wait...
20190914 08:52:05: Syncing TIO Data...   Please Wait...
20190914 08:52:06: Syncing TIO Data...   Please Wait...
20190914 08:52:06: TIO Syncing Task Has Done!
                   Finishing...
20190914 08:52:07: File Number Sumerizing for Synced TIO Data Task Has Done!
                   Finishing...
20190914 08:52:07: File Size Summerizing for Synced TIO Data Task Has Done!
                   Finishing...
 
20190914 08:52:07: Succeeded in Syncing TIO data @ FSO!
 Synced file No. : 0 file(s)
Synced data size : 0 MB
    Sync @ Speed : 0 MB/s
  Sync Time Used : 5 secs.
    Total Synced : 0 file(s)
                 : 0 MB
 Total Time Used : 6 secs.
            From : 08:52:01 
              To : 08:52:07 
 
======== Welcome to FSO Data Copying System@FSO! ========
                                                         
                 fso-copy-lftp-cyg.sh                    
                                                         
             Relase 1.6     20190717  11:16              
                                                         
                                                         
                  20190914    08:54:01                       
                                                         
=========================================================
 
/cygdrive/e/20190914/TIO/ already exist!
20190914 08:54:01: Copying TIO data @ FSO...
                   From: /20190914/TIO/ 
                   To  : /cygdrive/e/20190914/TIO/ 
                   Please Wait...
20190914 08:54:02: Syncing TIO Data...   Please Wait...
20190914 08:54:04: Syncing TIO Data...   Please Wait...
20190914 08:54:05: Syncing TIO Data...   Please Wait...
20190914 08:54:06: Syncing TIO Data...   Please Wait...
20190914 08:54:06: TIO Syncing Task Has Done!
                   Finishing...
20190914 08:54:07: File Number Sumerizing for Synced TIO Data Task Has Done!
                   Finishing...
20190914 08:54:07: File Size Summerizing for Synced TIO Data Task Has Done!
                   Finishing...
 
20190914 08:54:07: Succeeded in Syncing TIO data @ FSO!
 Synced file No. : 0 file(s)
Synced data size : 0 MB
    Sync @ Speed : 0 MB/s
  Sync Time Used : 5 secs.
    Total Synced : 0 file(s)
                 : 0 MB
 Total Time Used : 6 secs.
            From : 08:54:01 
              To : 08:54:07 
 
======== Welcome to FSO Data Copying System@FSO! ========
                                                         
                 fso-copy-lftp-cyg.sh                    
                                                         
             Relase 1.6     20190717  11:16              
                                                         
                                                         
                  20190914    08:56:01                       
                                                         
=========================================================
 
/cygdrive/e/20190914/TIO/ already exist!
20190914 08:56:01: Copying TIO data @ FSO...
                   From: /20190914/TIO/ 
                   To  : /cygdrive/e/20190914/TIO/ 
                   Please Wait...
20190914 08:56:02: Syncing TIO Data...   Please Wait...
20190914 08:56:03: Syncing TIO Data...   Please Wait...
20190914 08:56:05: Syncing TIO Data...   Please Wait...
20190914 08:56:06: Syncing TIO Data...   Please Wait...
20190914 08:56:06: TIO Syncing Task Has Done!
                   Finishing...
20190914 08:56:07: File Number Sumerizing for Synced TIO Data Task Has Done!
                   Finishing...
20190914 08:56:07: File Size Summerizing for Synced TIO Data Task Has Done!
                   Finishing...
 
20190914 08:56:07: Succeeded in Syncing TIO data @ FSO!
 Synced file No. : 0 file(s)
Synced data size : 0 MB
    Sync @ Speed : 0 MB/s
  Sync Time Used : 5 secs.
    Total Synced : 0 file(s)
                 : 0 MB
 Total Time Used : 6 secs.
            From : 08:56:01 
              To : 08:56:07 
 
======== Welcome to FSO Data Copying System@FSO! ========
                                                         
                 fso-copy-lftp-cyg.sh                    
                                                         
             Relase 1.6     20190717  11:16              
                                                         
                                                         
                  20190914    08:58:01                       
                                                         
=========================================================
 
/cygdrive/e/20190914/TIO/ already exist!
20190914 08:58:01: Copying TIO data @ FSO...
                   From: /20190914/TIO/ 
                   To  : /cygdrive/e/20190914/TIO/ 
                   Please Wait...
20190914 08:58:02: Syncing TIO Data...   Please Wait...
20190914 08:58:03: Syncing TIO Data...   Please Wait...
20190914 08:58:05: Syncing TIO Data...   Please Wait...
20190914 08:58:06: Syncing TIO Data...   Please Wait...
20190914 08:58:06: TIO Syncing Task Has Done!
                   Finishing...
20190914 08:58:07: File Number Sumerizing for Synced TIO Data Task Has Done!
                   Finishing...
20190914 08:58:07: File Size Summerizing for Synced TIO Data Task Has Done!
                   Finishing...
 
20190914 08:58:07: Succeeded in Syncing TIO data @ FSO!
 Synced file No. : 0 file(s)
Synced data size : 0 MB
    Sync @ Speed : 0 MB/s
  Sync Time Used : 5 secs.
    Total Synced : 0 file(s)
                 : 0 MB
 Total Time Used : 6 secs.
            From : 08:58:01 
              To : 08:58:07 
 
======== Welcome to FSO Data Copying System@FSO! ========
                                                         
                 fso-copy-lftp-cyg.sh                    
                                                         
             Relase 1.6     20190717  11:16              
                                                         
                                                         
                  20190914    09:00:01                       
                                                         
=========================================================
 
/cygdrive/e/20190914/TIO/ already exist!
20190914 09:00:01: Copying TIO data @ FSO...
                   From: /20190914/TIO/ 
                   To  : /cygdrive/e/20190914/TIO/ 
                   Please Wait...
20190914 09:00:02: TIO Syncing Task Has Done!
                   Finishing...
20190914 09:00:02: File Number Sumerizing for Synced TIO Data Task Has Done!
                   Finishing...
20190914 09:00:02: File Size Summerizing for Synced TIO Data Task Has Done!
                   Finishing...
 
20190914 09:00:02: Succeeded in Syncing TIO data @ FSO!
 Synced file No. : 0 file(s)
Synced data size : 0 MB
    Sync @ Speed : 0 MB/s
  Sync Time Used : 1 secs.
    Total Synced : 0 file(s)
                 : 0 MB
 Total Time Used : 1 secs.
            From : 09:00:01 
              To : 09:00:02 
 
======== Welcome to FSO Data Copying System@FSO! ========
                                                         
                 fso-copy-lftp-cyg.sh                    
                                                         
             Relase 1.6     20190717  11:16              
                                                         
                                                         
                  20190914    09:02:01                       
                                                         
=========================================================
 
/cygdrive/e/20190914/TIO/ already exist!
20190914 09:02:01: Copying TIO data @ FSO...
                   From: /20190914/TIO/ 
                   To  : /cygdrive/e/20190914/TIO/ 
                   Please Wait...
20190914 09:02:03: Syncing TIO Data...   Please Wait...
20190914 09:02:04: Syncing TIO Data...   Please Wait...
20190914 09:02:05: Syncing TIO Data...   Please Wait...
20190914 09:02:06: Syncing TIO Data...   Please Wait...
20190914 09:02:07: Syncing TIO Data...   Please Wait...
20190914 09:02:08: Syncing TIO Data...   Please Wait...
20190914 09:02:09: Syncing TIO Data...   Please Wait...
20190914 09:02:10: Syncing TIO Data...   Please Wait...
20190914 09:02:11: Syncing TIO Data...   Please Wait...
20190914 09:02:12: Syncing TIO Data...   Please Wait...
20190914 09:02:13: Syncing TIO Data...   Please Wait...
20190914 09:02:14: Syncing TIO Data...   Please Wait...
20190914 09:02:16: Syncing TIO Data...   Please Wait...
20190914 09:02:17: Syncing TIO Data...   Please Wait...
20190914 09:02:18: Syncing TIO Data...   Please Wait...
20190914 09:02:19: Syncing TIO Data...   Please Wait...
20190914 09:02:20: Syncing TIO Data...   Please Wait...
20190914 09:02:21: Syncing TIO Data...   Please Wait...
20190914 09:02:22: Syncing TIO Data...   Please Wait...
20190914 09:02:23: Syncing TIO Data...   Please Wait...
20190914 09:02:24: Syncing TIO Data...   Please Wait...
20190914 09:02:25: Syncing TIO Data...   Please Wait...
20190914 09:02:26: Syncing TIO Data...   Please Wait...
20190914 09:02:27: Syncing TIO Data...   Please Wait...
20190914 09:02:28: Syncing TIO Data...   Please Wait...
20190914 09:02:29: Syncing TIO Data...   Please Wait...
20190914 09:02:30: Syncing TIO Data...   Please Wait...
20190914 09:02:32: Syncing TIO Data...   Please Wait...
20190914 09:02:33: Syncing TIO Data...   Please Wait...
20190914 09:02:34: Syncing TIO Data...   Please Wait...
20190914 09:02:35: Syncing TIO Data...   Please Wait...
20190914 09:02:36: Syncing TIO Data...   Please Wait...
20190914 09:02:37: Syncing TIO Data...   Please Wait...
20190914 09:02:38: Syncing TIO Data...   Please Wait...
20190914 09:02:39: Syncing TIO Data...   Please Wait...
20190914 09:02:40: Syncing TIO Data...   Please Wait...
20190914 09:02:41: Syncing TIO Data...   Please Wait...
20190914 09:02:42: Syncing TIO Data...   Please Wait...
20190914 09:02:43: Syncing TIO Data...   Please Wait...
20190914 09:02:44: Syncing TIO Data...   Please Wait...
20190914 09:02:45: Syncing TIO Data...   Please Wait...
20190914 09:02:47: Syncing TIO Data...   Please Wait...
20190914 09:02:48: Syncing TIO Data...   Please Wait...
20190914 09:02:49: Syncing TIO Data...   Please Wait...
20190914 09:02:50: Syncing TIO Data...   Please Wait...
20190914 09:02:51: Syncing TIO Data...   Please Wait...
20190914 09:02:52: Syncing TIO Data...   Please Wait...
20190914 09:02:53: Syncing TIO Data...   Please Wait...
20190914 09:02:54: Syncing TIO Data...   Please Wait...
20190914 09:02:55: Syncing TIO Data...   Please Wait...
20190914 09:02:56: Syncing TIO Data...   Please Wait...
20190914 09:02:57: Syncing TIO Data...   Please Wait...
20190914 09:02:58: Syncing TIO Data...   Please Wait...
20190914 09:02:59: Syncing TIO Data...   Please Wait...
20190914 09:03:00: Syncing TIO Data...   Please Wait...
20190914 09:03:02: Syncing TIO Data...   Please Wait...
20190914 09:03:03: Syncing TIO Data...   Please Wait...
20190914 09:03:04: Syncing TIO Data...   Please Wait...
20190914 09:03:05: Syncing TIO Data...   Please Wait...
20190914 09:03:06: Syncing TIO Data...   Please Wait...
20190914 09:03:07: Syncing TIO Data...   Please Wait...
20190914 09:03:08: Syncing TIO Data...   Please Wait...
20190914 09:03:09: Syncing TIO Data...   Please Wait...
20190914 09:03:10: Syncing TIO Data...   Please Wait...
20190914 09:03:11: Syncing TIO Data...   Please Wait...
20190914 09:03:12: Syncing TIO Data...   Please Wait...
20190914 09:03:13: Syncing TIO Data...   Please Wait...
20190914 09:03:14: Syncing TIO Data...   Please Wait...
20190914 09:03:15: TIO Syncing Task Has Done!
                   Finishing...
20190914 09:03:15: File Number Sumerizing for Synced TIO Data Task Has Done!
                   Finishing...
20190914 09:03:15: File Size Summerizing for Synced TIO Data Task Has Done!
                   Finishing...
 
20190914 09:03:15: Succeeded in Syncing TIO data @ FSO!
 Synced file No. : 851 file(s)
Synced data size : 8969 MB
    Sync @ Speed : 122.863 MB/s
  Sync Time Used : 73 secs.
    Total Synced : 851 file(s)
                 : 8969 MB
 Total Time Used : 74 secs.
            From : 09:02:01 
              To : 09:03:15 
 
======== Welcome to FSO Data Copying System@FSO! ========
                                                         
                 fso-copy-lftp-cyg.sh                    
                                                         
             Relase 1.6     20190717  11:16              
                                                         
                                                         
                  20190914    09:04:01                       
                                                         
=========================================================
 
/cygdrive/e/20190914/TIO/ already exist!
20190914 09:04:01: Copying TIO data @ FSO...
                   From: /20190914/TIO/ 
                   To  : /cygdrive/e/20190914/TIO/ 
                   Please Wait...
20190914 09:04:02: Syncing TIO Data...   Please Wait...
20190914 09:04:03: Syncing TIO Data...   Please Wait...
20190914 09:04:04: Syncing TIO Data...   Please Wait...
20190914 09:04:06: Syncing TIO Data...   Please Wait...
20190914 09:04:07: Syncing TIO Data...   Please Wait...
20190914 09:04:08: Syncing TIO Data...   Please Wait...
20190914 09:04:09: Syncing TIO Data...   Please Wait...
20190914 09:04:10: Syncing TIO Data...   Please Wait...
20190914 09:04:11: Syncing TIO Data...   Please Wait...
20190914 09:04:12: TIO Syncing Task Has Done!
                   Finishing...
20190914 09:04:12: File Number Sumerizing for Synced TIO Data Task Has Done!
                   Finishing...
20190914 09:04:12: File Size Summerizing for Synced TIO Data Task Has Done!
                   Finishing...
 
20190914 09:04:12: Succeeded in Syncing TIO data @ FSO!
 Synced file No. : 149 file(s)
Synced data size : 1583 MB
    Sync @ Speed : 143.909 MB/s
  Sync Time Used : 11 secs.
    Total Synced : 1000 file(s)
                 : 10552 MB
 Total Time Used : 11 secs.
            From : 09:04:01 
              To : 09:04:12 
 
======== Welcome to FSO Data Copying System@FSO! ========
                                                         
                 fso-copy-lftp-cyg.sh                    
                                                         
             Relase 1.6     20190717  11:16              
                                                         
                                                         
                  20190914    09:06:01                       
                                                         
=========================================================
 
/cygdrive/e/20190914/TIO/ already exist!
20190914 09:06:02: Copying TIO data @ FSO...
                   From: /20190914/TIO/ 
                   To  : /cygdrive/e/20190914/TIO/ 
                   Please Wait...
20190914 09:06:02: TIO Syncing Task Has Done!
                   Finishing...
20190914 09:06:02: File Number Sumerizing for Synced TIO Data Task Has Done!
                   Finishing...
20190914 09:06:02: File Size Summerizing for Synced TIO Data Task Has Done!
                   Finishing...
 
20190914 09:06:03: Succeeded in Syncing TIO data @ FSO!
 Synced file No. : 0 file(s)
Synced data size : 0 MB
    Sync @ Speed : 0 MB/s
  Sync Time Used : 1 secs.
    Total Synced : 1000 file(s)
                 : 10552 MB
 Total Time Used : 2 secs.
            From : 09:06:01 
              To : 09:06:03 
 
======== Welcome to FSO Data Copying System@FSO! ========
                                                         
                 fso-copy-lftp-cyg.sh                    
                                                         
             Relase 1.6     20190717  11:16              
                                                         
                                                         
                  20190914    09:08:01                       
                                                         
=========================================================
 
/cygdrive/e/20190914/TIO/ already exist!
20190914 09:08:01: Copying TIO data @ FSO...
                   From: /20190914/TIO/ 
                   To  : /cygdrive/e/20190914/TIO/ 
                   Please Wait...
20190914 09:08:02: TIO Syncing Task Has Done!
                   Finishing...
20190914 09:08:02: File Number Sumerizing for Synced TIO Data Task Has Done!
                   Finishing...
20190914 09:08:02: File Size Summerizing for Synced TIO Data Task Has Done!
                   Finishing...
 
20190914 09:08:02: Succeeded in Syncing TIO data @ FSO!
 Synced file No. : 0 file(s)
Synced data size : 0 MB
    Sync @ Speed : 0 MB/s
  Sync Time Used : 1 secs.
    Total Synced : 1000 file(s)
                 : 10552 MB
 Total Time Used : 1 secs.
            From : 09:08:01 
              To : 09:08:02 
 
======== Welcome to FSO Data Copying System@FSO! ========
                                                         
                 fso-copy-lftp-cyg.sh                    
                                                         
             Relase 1.6     20190717  11:16              
                                                         
                                                         
                  20190914    09:10:01                       
                                                         
=========================================================
 
/cygdrive/e/20190914/TIO/ already exist!
20190914 09:10:01: Copying TIO data @ FSO...
                   From: /20190914/TIO/ 
                   To  : /cygdrive/e/20190914/TIO/ 
                   Please Wait...
20190914 09:10:01: TIO Syncing Task Has Done!
                   Finishing...
20190914 09:10:02: File Number Sumerizing for Synced TIO Data Task Has Done!
                   Finishing...
20190914 09:10:02: File Size Summerizing for Synced TIO Data Task Has Done!
                   Finishing...
 
20190914 09:10:02: Succeeded in Syncing TIO data @ FSO!
 Synced file No. : 0 file(s)
Synced data size : 0 MB
    Sync @ Speed : 0 MB/s
  Sync Time Used : 1 secs.
    Total Synced : 1000 file(s)
                 : 10552 MB
 Total Time Used : 1 secs.
            From : 09:10:01 
              To : 09:10:02 
 
======== Welcome to FSO Data Copying System@FSO! ========
                                                         
                 fso-copy-lftp-cyg.sh                    
                                                         
             Relase 1.6     20190717  11:16              
                                                         
                                                         
                  20190914    09:12:01                       
                                                         
=========================================================
 
/cygdrive/e/20190914/TIO/ already exist!
20190914 09:12:01: Copying TIO data @ FSO...
                   From: /20190914/TIO/ 
                   To  : /cygdrive/e/20190914/TIO/ 
                   Please Wait...
20190914 09:12:02: TIO Syncing Task Has Done!
                   Finishing...
20190914 09:12:02: File Number Sumerizing for Synced TIO Data Task Has Done!
                   Finishing...
20190914 09:12:02: File Size Summerizing for Synced TIO Data Task Has Done!
                   Finishing...
 
20190914 09:12:02: Succeeded in Syncing TIO data @ FSO!
 Synced file No. : 0 file(s)
Synced data size : 0 MB
    Sync @ Speed : 0 MB/s
  Sync Time Used : 1 secs.
    Total Synced : 1000 file(s)
                 : 10552 MB
 Total Time Used : 1 secs.
            From : 09:12:01 
              To : 09:12:02 
 
======== Welcome to FSO Data Copying System@FSO! ========
                                                         
                 fso-copy-lftp-cyg.sh                    
                                                         
             Relase 1.6     20190717  11:16              
                                                         
                                                         
                  20190914    09:14:01                       
                                                         
=========================================================
 
/cygdrive/e/20190914/TIO/ already exist!
20190914 09:14:02: Copying TIO data @ FSO...
                   From: /20190914/TIO/ 
                   To  : /cygdrive/e/20190914/TIO/ 
                   Please Wait...
20190914 09:14:02: TIO Syncing Task Has Done!
                   Finishing...
20190914 09:14:02: File Number Sumerizing for Synced TIO Data Task Has Done!
                   Finishing...
20190914 09:14:02: File Size Summerizing for Synced TIO Data Task Has Done!
                   Finishing...
 
20190914 09:14:03: Succeeded in Syncing TIO data @ FSO!
 Synced file No. : 0 file(s)
Synced data size : 0 MB
    Sync @ Speed : 0 MB/s
  Sync Time Used : 1 secs.
    Total Synced : 1000 file(s)
                 : 10552 MB
 Total Time Used : 2 secs.
            From : 09:14:01 
              To : 09:14:03 
 
======== Welcome to FSO Data Copying System@FSO! ========
                                                         
                 fso-copy-lftp-cyg.sh                    
                                                         
             Relase 1.6     20190717  11:16              
                                                         
                                                         
                  20190914    09:16:01                       
                                                         
=========================================================
 
/cygdrive/e/20190914/TIO/ already exist!
20190914 09:16:01: Copying TIO data @ FSO...
                   From: /20190914/TIO/ 
                   To  : /cygdrive/e/20190914/TIO/ 
                   Please Wait...
20190914 09:16:02: TIO Syncing Task Has Done!
                   Finishing...
20190914 09:16:02: File Number Sumerizing for Synced TIO Data Task Has Done!
                   Finishing...
20190914 09:16:02: File Size Summerizing for Synced TIO Data Task Has Done!
                   Finishing...
 
20190914 09:16:02: Succeeded in Syncing TIO data @ FSO!
 Synced file No. : 0 file(s)
Synced data size : 0 MB
    Sync @ Speed : 0 MB/s
  Sync Time Used : 1 secs.
    Total Synced : 1000 file(s)
                 : 10552 MB
 Total Time Used : 1 secs.
            From : 09:16:01 
              To : 09:16:02 
 
======== Welcome to FSO Data Copying System@FSO! ========
                                                         
                 fso-copy-lftp-cyg.sh                    
                                                         
             Relase 1.6     20190717  11:16              
                                                         
                                                         
                  20190914    09:18:01                       
                                                         
=========================================================
 
/cygdrive/e/20190914/TIO/ already exist!
20190914 09:18:02: Copying TIO data @ FSO...
                   From: /20190914/TIO/ 
                   To  : /cygdrive/e/20190914/TIO/ 
                   Please Wait...
20190914 09:18:02: TIO Syncing Task Has Done!
                   Finishing...
20190914 09:18:02: File Number Sumerizing for Synced TIO Data Task Has Done!
                   Finishing...
20190914 09:18:02: File Size Summerizing for Synced TIO Data Task Has Done!
                   Finishing...
 
20190914 09:18:03: Succeeded in Syncing TIO data @ FSO!
 Synced file No. : 0 file(s)
Synced data size : 0 MB
    Sync @ Speed : 0 MB/s
  Sync Time Used : 1 secs.
    Total Synced : 1000 file(s)
                 : 10552 MB
 Total Time Used : 2 secs.
            From : 09:18:01 
              To : 09:18:03 
 
======== Welcome to FSO Data Copying System@FSO! ========
                                                         
                 fso-copy-lftp-cyg.sh                    
                                                         
             Relase 1.6     20190717  11:16              
                                                         
                                                         
                  20190914    09:20:01                       
                                                         
=========================================================
 
/cygdrive/e/20190914/TIO/ already exist!
20190914 09:20:01: Copying TIO data @ FSO...
                   From: /20190914/TIO/ 
                   To  : /cygdrive/e/20190914/TIO/ 
                   Please Wait...
20190914 09:20:02: TIO Syncing Task Has Done!
                   Finishing...
20190914 09:20:02: File Number Sumerizing for Synced TIO Data Task Has Done!
                   Finishing...
20190914 09:20:02: File Size Summerizing for Synced TIO Data Task Has Done!
                   Finishing...
 
20190914 09:20:02: Succeeded in Syncing TIO data @ FSO!
 Synced file No. : 0 file(s)
Synced data size : 0 MB
    Sync @ Speed : 0 MB/s
  Sync Time Used : 1 secs.
    Total Synced : 1000 file(s)
                 : 10552 MB
 Total Time Used : 1 secs.
            From : 09:20:01 
              To : 09:20:02 
 
======== Welcome to FSO Data Copying System@FSO! ========
                                                         
                 fso-copy-lftp-cyg.sh                    
                                                         
             Relase 1.6     20190717  11:16              
                                                         
                                                         
                  20190914    09:22:02                       
                                                         
=========================================================
 
/cygdrive/e/20190914/TIO/ already exist!
20190914 09:22:02: Copying TIO data @ FSO...
                   From: /20190914/TIO/ 
                   To  : /cygdrive/e/20190914/TIO/ 
                   Please Wait...
20190914 09:22:03: Syncing TIO Data...   Please Wait...
20190914 09:22:04: Syncing TIO Data...   Please Wait...
20190914 09:22:05: Syncing TIO Data...   Please Wait...
20190914 09:22:06: Syncing TIO Data...   Please Wait...
20190914 09:22:07: Syncing TIO Data...   Please Wait...
20190914 09:22:08: Syncing TIO Data...   Please Wait...
20190914 09:22:09: Syncing TIO Data...   Please Wait...
20190914 09:22:10: Syncing TIO Data...   Please Wait...
20190914 09:22:11: Syncing TIO Data...   Please Wait...
20190914 09:22:13: Syncing TIO Data...   Please Wait...
20190914 09:22:14: Syncing TIO Data...   Please Wait...
20190914 09:22:15: Syncing TIO Data...   Please Wait...
20190914 09:22:16: Syncing TIO Data...   Please Wait...
20190914 09:22:17: Syncing TIO Data...   Please Wait...
20190914 09:22:18: Syncing TIO Data...   Please Wait...
20190914 09:22:19: Syncing TIO Data...   Please Wait...
20190914 09:22:20: Syncing TIO Data...   Please Wait...
20190914 09:22:21: Syncing TIO Data...   Please Wait...
20190914 09:22:22: Syncing TIO Data...   Please Wait...
20190914 09:22:23: Syncing TIO Data...   Please Wait...
20190914 09:22:24: Syncing TIO Data...   Please Wait...
20190914 09:22:25: Syncing TIO Data...   Please Wait...
20190914 09:22:26: Syncing TIO Data...   Please Wait...
20190914 09:22:28: Syncing TIO Data...   Please Wait...
20190914 09:22:29: Syncing TIO Data...   Please Wait...
20190914 09:22:30: Syncing TIO Data...   Please Wait...
20190914 09:22:31: Syncing TIO Data...   Please Wait...
20190914 09:22:32: Syncing TIO Data...   Please Wait...
20190914 09:22:33: Syncing TIO Data...   Please Wait...
20190914 09:22:34: TIO Syncing Task Has Done!
                   Finishing...
20190914 09:22:34: File Number Sumerizing for Synced TIO Data Task Has Done!
                   Finishing...
20190914 09:22:34: File Size Summerizing for Synced TIO Data Task Has Done!
                   Finishing...
 
20190914 09:22:34: Succeeded in Syncing TIO data @ FSO!
 Synced file No. : 381 file(s)
Synced data size : 4019 MB
    Sync @ Speed : 125.594 MB/s
  Sync Time Used : 32 secs.
    Total Synced : 1381 file(s)
                 : 14571 MB
 Total Time Used : 32 secs.
            From : 09:22:02 
              To : 09:22:34 
 
======== Welcome to FSO Data Copying System@FSO! ========
                                                         
                 fso-copy-lftp-cyg.sh                    
                                                         
             Relase 1.6     20190717  11:16              
                                                         
                                                         
                  20190914    09:24:01                       
                                                         
=========================================================
 
/cygdrive/e/20190914/TIO/ already exist!
20190914 09:24:02: Copying TIO data @ FSO...
                   From: /20190914/TIO/ 
                   To  : /cygdrive/e/20190914/TIO/ 
                   Please Wait...
20190914 09:24:03: Syncing TIO Data...   Please Wait...
20190914 09:24:04: Syncing TIO Data...   Please Wait...
20190914 09:24:05: Syncing TIO Data...   Please Wait...
20190914 09:24:06: Syncing TIO Data...   Please Wait...
20190914 09:24:07: Syncing TIO Data...   Please Wait...
20190914 09:24:08: Syncing TIO Data...   Please Wait...
20190914 09:24:10: Syncing TIO Data...   Please Wait...
20190914 09:24:10: TIO Syncing Task Has Done!
                   Finishing...
20190914 09:24:10: File Number Sumerizing for Synced TIO Data Task Has Done!
                   Finishing...
20190914 09:24:10: File Size Summerizing for Synced TIO Data Task Has Done!
                   Finishing...
 
20190914 09:24:11: Succeeded in Syncing TIO data @ FSO!
 Synced file No. : 28 file(s)
Synced data size : 296 MB
    Sync @ Speed : 37 MB/s
  Sync Time Used : 8 secs.
    Total Synced : 1409 file(s)
                 : 14867 MB
 Total Time Used : 10 secs.
            From : 09:24:01 
              To : 09:24:11 
 
======== Welcome to FSO Data Copying System@FSO! ========
                                                         
                 fso-copy-lftp-cyg.sh                    
                                                         
             Relase 1.6     20190717  11:16              
                                                         
                                                         
                  20190914    09:26:01                       
                                                         
=========================================================
 
/cygdrive/e/20190914/TIO/ already exist!
20190914 09:26:01: Copying TIO data @ FSO...
                   From: /20190914/TIO/ 
                   To  : /cygdrive/e/20190914/TIO/ 
                   Please Wait...
20190914 09:26:02: TIO Syncing Task Has Done!
                   Finishing...
20190914 09:26:02: File Number Sumerizing for Synced TIO Data Task Has Done!
                   Finishing...
20190914 09:26:02: File Size Summerizing for Synced TIO Data Task Has Done!
                   Finishing...
 
20190914 09:26:02: Succeeded in Syncing TIO data @ FSO!
 Synced file No. : 0 file(s)
Synced data size : 0 MB
    Sync @ Speed : 0 MB/s
  Sync Time Used : 1 secs.
    Total Synced : 1409 file(s)
                 : 14867 MB
 Total Time Used : 1 secs.
            From : 09:26:01 
              To : 09:26:02 
 
======== Welcome to FSO Data Copying System@FSO! ========
                                                         
                 fso-copy-lftp-cyg.sh                    
                                                         
             Relase 1.6     20190717  11:16              
                                                         
                                                         
                  20190914    09:28:01                       
                                                         
=========================================================
 
/cygdrive/e/20190914/TIO/ already exist!
20190914 09:28:01: Copying TIO data @ FSO...
                   From: /20190914/TIO/ 
                   To  : /cygdrive/e/20190914/TIO/ 
                   Please Wait...
20190914 09:28:02: TIO Syncing Task Has Done!
                   Finishing...
20190914 09:28:02: File Number Sumerizing for Synced TIO Data Task Has Done!
                   Finishing...
20190914 09:28:02: File Size Summerizing for Synced TIO Data Task Has Done!
                   Finishing...
 
20190914 09:28:02: Succeeded in Syncing TIO data @ FSO!
 Synced file No. : 0 file(s)
Synced data size : 0 MB
    Sync @ Speed : 0 MB/s
  Sync Time Used : 1 secs.
    Total Synced : 1409 file(s)
                 : 14867 MB
 Total Time Used : 1 secs.
            From : 09:28:01 
              To : 09:28:02 
 
======== Welcome to FSO Data Copying System@FSO! ========
                                                         
                 fso-copy-lftp-cyg.sh                    
                                                         
             Relase 1.6     20190717  11:16              
                                                         
                                                         
                  20190914    09:30:01                       
                                                         
=========================================================
 
/cygdrive/e/20190914/TIO/ already exist!
20190914 09:30:02: Copying TIO data @ FSO...
                   From: /20190914/TIO/ 
                   To  : /cygdrive/e/20190914/TIO/ 
                   Please Wait...
20190914 09:30:02: TIO Syncing Task Has Done!
                   Finishing...
20190914 09:30:02: File Number Sumerizing for Synced TIO Data Task Has Done!
                   Finishing...
20190914 09:30:03: File Size Summerizing for Synced TIO Data Task Has Done!
                   Finishing...
 
20190914 09:30:03: Succeeded in Syncing TIO data @ FSO!
 Synced file No. : 0 file(s)
Synced data size : 0 MB
    Sync @ Speed : 0 MB/s
  Sync Time Used : 1 secs.
    Total Synced : 1409 file(s)
                 : 14867 MB
 Total Time Used : 2 secs.
            From : 09:30:01 
              To : 09:30:03 
 
======== Welcome to FSO Data Copying System@FSO! ========
                                                         
                 fso-copy-lftp-cyg.sh                    
                                                         
             Relase 1.6     20190717  11:16              
                                                         
                                                         
                  20190914    09:32:01                       
                                                         
=========================================================
 
/cygdrive/e/20190914/TIO/ already exist!
20190914 09:32:01: Copying TIO data @ FSO...
                   From: /20190914/TIO/ 
                   To  : /cygdrive/e/20190914/TIO/ 
                   Please Wait...
20190914 09:32:02: TIO Syncing Task Has Done!
                   Finishing...
20190914 09:32:02: File Number Sumerizing for Synced TIO Data Task Has Done!
                   Finishing...
20190914 09:32:02: File Size Summerizing for Synced TIO Data Task Has Done!
                   Finishing...
 
20190914 09:32:02: Succeeded in Syncing TIO data @ FSO!
 Synced file No. : 0 file(s)
Synced data size : 0 MB
    Sync @ Speed : 0 MB/s
  Sync Time Used : 1 secs.
    Total Synced : 1409 file(s)
                 : 14867 MB
 Total Time Used : 1 secs.
            From : 09:32:01 
              To : 09:32:02 
 
======== Welcome to FSO Data Copying System@FSO! ========
                                                         
                 fso-copy-lftp-cyg.sh                    
                                                         
             Relase 1.6     20190717  11:16              
                                                         
                                                         
                  20190914    09:34:01                       
                                                         
=========================================================
 
/cygdrive/e/20190914/TIO/ already exist!
20190914 09:34:01: Copying TIO data @ FSO...
                   From: /20190914/TIO/ 
                   To  : /cygdrive/e/20190914/TIO/ 
                   Please Wait...
20190914 09:34:02: TIO Syncing Task Has Done!
                   Finishing...
20190914 09:34:02: File Number Sumerizing for Synced TIO Data Task Has Done!
                   Finishing...
20190914 09:34:02: File Size Summerizing for Synced TIO Data Task Has Done!
                   Finishing...
 
20190914 09:34:02: Succeeded in Syncing TIO data @ FSO!
 Synced file No. : 0 file(s)
Synced data size : 0 MB
    Sync @ Speed : 0 MB/s
  Sync Time Used : 1 secs.
    Total Synced : 1409 file(s)
                 : 14867 MB
 Total Time Used : 1 secs.
            From : 09:34:01 
              To : 09:34:02 
 
======== Welcome to FSO Data Copying System@FSO! ========
                                                         
                 fso-copy-lftp-cyg.sh                    
                                                         
             Relase 1.6     20190717  11:16              
                                                         
                                                         
                  20190914    09:36:01                       
                                                         
=========================================================
 
/cygdrive/e/20190914/TIO/ already exist!
20190914 09:36:01: Copying TIO data @ FSO...
                   From: /20190914/TIO/ 
                   To  : /cygdrive/e/20190914/TIO/ 
                   Please Wait...
20190914 09:36:02: TIO Syncing Task Has Done!
                   Finishing...
20190914 09:36:02: File Number Sumerizing for Synced TIO Data Task Has Done!
                   Finishing...
20190914 09:36:02: File Size Summerizing for Synced TIO Data Task Has Done!
                   Finishing...
 
20190914 09:36:03: Succeeded in Syncing TIO data @ FSO!
 Synced file No. : 0 file(s)
Synced data size : 0 MB
    Sync @ Speed : 0 MB/s
  Sync Time Used : 1 secs.
    Total Synced : 1409 file(s)
                 : 14867 MB
 Total Time Used : 2 secs.
            From : 09:36:01 
              To : 09:36:03 
 
======== Welcome to FSO Data Copying System@FSO! ========
                                                         
                 fso-copy-lftp-cyg.sh                    
                                                         
             Relase 1.6     20190717  11:16              
                                                         
                                                         
                  20190914    09:38:01                       
                                                         
=========================================================
 
/cygdrive/e/20190914/TIO/ already exist!
20190914 09:38:01: Copying TIO data @ FSO...
                   From: /20190914/TIO/ 
                   To  : /cygdrive/e/20190914/TIO/ 
                   Please Wait...
20190914 09:38:02: TIO Syncing Task Has Done!
                   Finishing...
20190914 09:38:02: File Number Sumerizing for Synced TIO Data Task Has Done!
                   Finishing...
20190914 09:38:02: File Size Summerizing for Synced TIO Data Task Has Done!
                   Finishing...
 
20190914 09:38:02: Succeeded in Syncing TIO data @ FSO!
 Synced file No. : 0 file(s)
Synced data size : 0 MB
    Sync @ Speed : 0 MB/s
  Sync Time Used : 1 secs.
    Total Synced : 1409 file(s)
                 : 14867 MB
 Total Time Used : 1 secs.
            From : 09:38:01 
              To : 09:38:02 
 
======== Welcome to FSO Data Copying System@FSO! ========
                                                         
                 fso-copy-lftp-cyg.sh                    
                                                         
             Relase 1.6     20190717  11:16              
                                                         
                                                         
                  20190914    09:40:01                       
                                                         
=========================================================
 
/cygdrive/e/20190914/TIO/ already exist!
20190914 09:40:01: Copying TIO data @ FSO...
                   From: /20190914/TIO/ 
                   To  : /cygdrive/e/20190914/TIO/ 
                   Please Wait...
20190914 09:40:02: TIO Syncing Task Has Done!
                   Finishing...
20190914 09:40:02: File Number Sumerizing for Synced TIO Data Task Has Done!
                   Finishing...
20190914 09:40:02: File Size Summerizing for Synced TIO Data Task Has Done!
                   Finishing...
 
20190914 09:40:02: Succeeded in Syncing TIO data @ FSO!
 Synced file No. : 0 file(s)
Synced data size : 0 MB
    Sync @ Speed : 0 MB/s
  Sync Time Used : 1 secs.
    Total Synced : 1409 file(s)
                 : 14867 MB
 Total Time Used : 1 secs.
            From : 09:40:01 
              To : 09:40:02 
 
======== Welcome to FSO Data Copying System@FSO! ========
                                                         
                 fso-copy-lftp-cyg.sh                    
                                                         
             Relase 1.6     20190717  11:16              
                                                         
                                                         
                  20190914    09:42:02                       
                                                         
=========================================================
 
/cygdrive/e/20190914/TIO/ already exist!
20190914 09:42:02: Copying TIO data @ FSO...
                   From: /20190914/TIO/ 
                   To  : /cygdrive/e/20190914/TIO/ 
                   Please Wait...
20190914 09:42:02: TIO Syncing Task Has Done!
                   Finishing...
20190914 09:42:03: File Number Sumerizing for Synced TIO Data Task Has Done!
                   Finishing...
20190914 09:42:03: File Size Summerizing for Synced TIO Data Task Has Done!
                   Finishing...
 
20190914 09:42:03: Succeeded in Syncing TIO data @ FSO!
 Synced file No. : 0 file(s)
Synced data size : 0 MB
    Sync @ Speed : 0 MB/s
  Sync Time Used : 1 secs.
    Total Synced : 1409 file(s)
                 : 14867 MB
 Total Time Used : 1 secs.
            From : 09:42:02 
              To : 09:42:03 
 
======== Welcome to FSO Data Copying System@FSO! ========
                                                         
                 fso-copy-lftp-cyg.sh                    
                                                         
             Relase 1.6     20190717  11:16              
                                                         
                                                         
                  20190914    09:44:01                       
                                                         
=========================================================
 
/cygdrive/e/20190914/TIO/ already exist!
20190914 09:44:02: Copying TIO data @ FSO...
                   From: /20190914/TIO/ 
                   To  : /cygdrive/e/20190914/TIO/ 
                   Please Wait...
20190914 09:44:02: TIO Syncing Task Has Done!
                   Finishing...
20190914 09:44:02: File Number Sumerizing for Synced TIO Data Task Has Done!
                   Finishing...
20190914 09:44:03: File Size Summerizing for Synced TIO Data Task Has Done!
                   Finishing...
 
20190914 09:44:03: Succeeded in Syncing TIO data @ FSO!
 Synced file No. : 0 file(s)
Synced data size : 0 MB
    Sync @ Speed : 0 MB/s
  Sync Time Used : 1 secs.
    Total Synced : 1409 file(s)
                 : 14867 MB
 Total Time Used : 2 secs.
            From : 09:44:01 
              To : 09:44:03 
 
======== Welcome to FSO Data Copying System@FSO! ========
                                                         
                 fso-copy-lftp-cyg.sh                    
                                                         
             Relase 1.6     20190717  11:16              
                                                         
                                                         
                  20190914    09:46:02                       
                                                         
=========================================================
 
/cygdrive/e/20190914/TIO/ already exist!
20190914 09:46:02: Copying TIO data @ FSO...
                   From: /20190914/TIO/ 
                   To  : /cygdrive/e/20190914/TIO/ 
                   Please Wait...
20190914 09:46:02: TIO Syncing Task Has Done!
                   Finishing...
20190914 09:46:02: File Number Sumerizing for Synced TIO Data Task Has Done!
                   Finishing...
20190914 09:46:03: File Size Summerizing for Synced TIO Data Task Has Done!
                   Finishing...
 
20190914 09:46:03: Succeeded in Syncing TIO data @ FSO!
 Synced file No. : 0 file(s)
Synced data size : 0 MB
    Sync @ Speed : 0 MB/s
  Sync Time Used : 1 secs.
    Total Synced : 1409 file(s)
                 : 14867 MB
 Total Time Used : 1 secs.
            From : 09:46:02 
              To : 09:46:03 
 
======== Welcome to FSO Data Copying System@FSO! ========
                                                         
                 fso-copy-lftp-cyg.sh                    
                                                         
             Relase 1.6     20190717  11:16              
                                                         
                                                         
                  20190914    09:48:01                       
                                                         
=========================================================
 
/cygdrive/e/20190914/TIO/ already exist!
20190914 09:48:01: Copying TIO data @ FSO...
                   From: /20190914/TIO/ 
                   To  : /cygdrive/e/20190914/TIO/ 
                   Please Wait...
20190914 09:48:02: TIO Syncing Task Has Done!
                   Finishing...
20190914 09:48:02: File Number Sumerizing for Synced TIO Data Task Has Done!
                   Finishing...
20190914 09:48:02: File Size Summerizing for Synced TIO Data Task Has Done!
                   Finishing...
 
20190914 09:48:02: Succeeded in Syncing TIO data @ FSO!
 Synced file No. : 0 file(s)
Synced data size : 0 MB
    Sync @ Speed : 0 MB/s
  Sync Time Used : 1 secs.
    Total Synced : 1409 file(s)
                 : 14867 MB
 Total Time Used : 1 secs.
            From : 09:48:01 
              To : 09:48:02 
 
======== Welcome to FSO Data Copying System@FSO! ========
                                                         
                 fso-copy-lftp-cyg.sh                    
                                                         
             Relase 1.6     20190717  11:16              
                                                         
                                                         
                  20190914    09:50:01                       
                                                         
=========================================================
 
/cygdrive/e/20190914/TIO/ already exist!
20190914 09:50:02: Copying TIO data @ FSO...
                   From: /20190914/TIO/ 
                   To  : /cygdrive/e/20190914/TIO/ 
                   Please Wait...
20190914 09:50:02: TIO Syncing Task Has Done!
                   Finishing...
20190914 09:50:02: File Number Sumerizing for Synced TIO Data Task Has Done!
                   Finishing...
20190914 09:50:02: File Size Summerizing for Synced TIO Data Task Has Done!
                   Finishing...
 
20190914 09:50:03: Succeeded in Syncing TIO data @ FSO!
 Synced file No. : 0 file(s)
Synced data size : 0 MB
    Sync @ Speed : 0 MB/s
  Sync Time Used : 1 secs.
    Total Synced : 1409 file(s)
                 : 14867 MB
 Total Time Used : 2 secs.
            From : 09:50:01 
              To : 09:50:03 
 
======== Welcome to FSO Data Copying System@FSO! ========
                                                         
                 fso-copy-lftp-cyg.sh                    
                                                         
             Relase 1.6     20190717  11:16              
                                                         
                                                         
                  20190914    09:52:01                       
                                                         
=========================================================
 
/cygdrive/e/20190914/TIO/ already exist!
20190914 09:52:01: Copying TIO data @ FSO...
                   From: /20190914/TIO/ 
                   To  : /cygdrive/e/20190914/TIO/ 
                   Please Wait...
20190914 09:52:02: TIO Syncing Task Has Done!
                   Finishing...
20190914 09:52:02: File Number Sumerizing for Synced TIO Data Task Has Done!
                   Finishing...
20190914 09:52:02: File Size Summerizing for Synced TIO Data Task Has Done!
                   Finishing...
 
20190914 09:52:02: Succeeded in Syncing TIO data @ FSO!
 Synced file No. : 0 file(s)
Synced data size : 0 MB
    Sync @ Speed : 0 MB/s
  Sync Time Used : 1 secs.
    Total Synced : 1409 file(s)
                 : 14867 MB
 Total Time Used : 1 secs.
            From : 09:52:01 
              To : 09:52:02 
 
======== Welcome to FSO Data Copying System@FSO! ========
                                                         
                 fso-copy-lftp-cyg.sh                    
                                                         
             Relase 1.6     20190717  11:16              
                                                         
                                                         
                  20190914    09:54:01                       
                                                         
=========================================================
 
/cygdrive/e/20190914/TIO/ already exist!
20190914 09:54:02: Copying TIO data @ FSO...
                   From: /20190914/TIO/ 
                   To  : /cygdrive/e/20190914/TIO/ 
                   Please Wait...
20190914 09:54:02: TIO Syncing Task Has Done!
                   Finishing...
20190914 09:54:02: File Number Sumerizing for Synced TIO Data Task Has Done!
                   Finishing...
20190914 09:54:03: File Size Summerizing for Synced TIO Data Task Has Done!
                   Finishing...
 
20190914 09:54:03: Succeeded in Syncing TIO data @ FSO!
 Synced file No. : 0 file(s)
Synced data size : 0 MB
    Sync @ Speed : 0 MB/s
  Sync Time Used : 1 secs.
    Total Synced : 1409 file(s)
                 : 14867 MB
 Total Time Used : 2 secs.
            From : 09:54:01 
              To : 09:54:03 
 
======== Welcome to FSO Data Copying System@FSO! ========
                                                         
                 fso-copy-lftp-cyg.sh                    
                                                         
             Relase 1.6     20190717  11:16              
                                                         
                                                         
                  20190914    09:56:01                       
                                                         
=========================================================
 
/cygdrive/e/20190914/TIO/ already exist!
20190914 09:56:01: Copying TIO data @ FSO...
                   From: /20190914/TIO/ 
                   To  : /cygdrive/e/20190914/TIO/ 
                   Please Wait...
20190914 09:56:02: TIO Syncing Task Has Done!
                   Finishing...
20190914 09:56:02: File Number Sumerizing for Synced TIO Data Task Has Done!
                   Finishing...
20190914 09:56:02: File Size Summerizing for Synced TIO Data Task Has Done!
                   Finishing...
 
20190914 09:56:02: Succeeded in Syncing TIO data @ FSO!
 Synced file No. : 0 file(s)
Synced data size : 0 MB
    Sync @ Speed : 0 MB/s
  Sync Time Used : 1 secs.
    Total Synced : 1409 file(s)
                 : 14867 MB
 Total Time Used : 1 secs.
            From : 09:56:01 
              To : 09:56:02 
 
======== Welcome to FSO Data Copying System@FSO! ========
                                                         
                 fso-copy-lftp-cyg.sh                    
                                                         
             Relase 1.6     20190717  11:16              
                                                         
                                                         
                  20190914    09:58:01                       
                                                         
=========================================================
 
/cygdrive/e/20190914/TIO/ already exist!
20190914 09:58:01: Copying TIO data @ FSO...
                   From: /20190914/TIO/ 
                   To  : /cygdrive/e/20190914/TIO/ 
                   Please Wait...
20190914 09:58:01: TIO Syncing Task Has Done!
                   Finishing...
20190914 09:58:02: File Number Sumerizing for Synced TIO Data Task Has Done!
                   Finishing...
20190914 09:58:02: File Size Summerizing for Synced TIO Data Task Has Done!
                   Finishing...
 
20190914 09:58:02: Succeeded in Syncing TIO data @ FSO!
 Synced file No. : 0 file(s)
Synced data size : 0 MB
    Sync @ Speed : 0 MB/s
  Sync Time Used : 1 secs.
    Total Synced : 1409 file(s)
                 : 14867 MB
 Total Time Used : 1 secs.
            From : 09:58:01 
              To : 09:58:02 
 
======== Welcome to FSO Data Copying System@FSO! ========
                                                         
                 fso-copy-lftp-cyg.sh                    
                                                         
             Relase 1.6     20190717  11:16              
                                                         
                                                         
                  20190914    10:00:01                       
                                                         
=========================================================
 
/cygdrive/e/20190914/TIO/ already exist!
20190914 10:00:01: Copying TIO data @ FSO...
                   From: /20190914/TIO/ 
                   To  : /cygdrive/e/20190914/TIO/ 
                   Please Wait...
20190914 10:00:02: TIO Syncing Task Has Done!
                   Finishing...
20190914 10:00:02: File Number Sumerizing for Synced TIO Data Task Has Done!
                   Finishing...
20190914 10:00:02: File Size Summerizing for Synced TIO Data Task Has Done!
                   Finishing...
 
20190914 10:00:02: Succeeded in Syncing TIO data @ FSO!
 Synced file No. : 0 file(s)
Synced data size : 0 MB
    Sync @ Speed : 0 MB/s
  Sync Time Used : 1 secs.
    Total Synced : 1409 file(s)
                 : 14867 MB
 Total Time Used : 1 secs.
            From : 10:00:01 
              To : 10:00:02 
 
======== Welcome to FSO Data Copying System@FSO! ========
                                                         
                 fso-copy-lftp-cyg.sh                    
                                                         
             Relase 1.6     20190717  11:16              
                                                         
                                                         
                  20190914    10:02:01                       
                                                         
=========================================================
 
/cygdrive/e/20190914/TIO/ already exist!
20190914 10:02:01: Copying TIO data @ FSO...
                   From: /20190914/TIO/ 
                   To  : /cygdrive/e/20190914/TIO/ 
                   Please Wait...
20190914 10:02:02: TIO Syncing Task Has Done!
                   Finishing...
20190914 10:02:02: File Number Sumerizing for Synced TIO Data Task Has Done!
                   Finishing...
20190914 10:02:02: File Size Summerizing for Synced TIO Data Task Has Done!
                   Finishing...
 
20190914 10:02:02: Succeeded in Syncing TIO data @ FSO!
 Synced file No. : 0 file(s)
Synced data size : 0 MB
    Sync @ Speed : 0 MB/s
  Sync Time Used : 1 secs.
    Total Synced : 1409 file(s)
                 : 14867 MB
 Total Time Used : 1 secs.
            From : 10:02:01 
              To : 10:02:02 
 
======== Welcome to FSO Data Copying System@FSO! ========
                                                         
                 fso-copy-lftp-cyg.sh                    
                                                         
             Relase 1.6     20190717  11:16              
                                                         
                                                         
                  20190914    10:04:01                       
                                                         
=========================================================
 
/cygdrive/e/20190914/TIO/ already exist!
20190914 10:04:01: Copying TIO data @ FSO...
                   From: /20190914/TIO/ 
                   To  : /cygdrive/e/20190914/TIO/ 
                   Please Wait...
20190914 10:04:01: TIO Syncing Task Has Done!
                   Finishing...
20190914 10:04:02: File Number Sumerizing for Synced TIO Data Task Has Done!
                   Finishing...
20190914 10:04:02: File Size Summerizing for Synced TIO Data Task Has Done!
                   Finishing...
 
20190914 10:04:02: Succeeded in Syncing TIO data @ FSO!
 Synced file No. : 0 file(s)
Synced data size : 0 MB
    Sync @ Speed : 0 MB/s
  Sync Time Used : 1 secs.
    Total Synced : 1409 file(s)
                 : 14867 MB
 Total Time Used : 1 secs.
            From : 10:04:01 
              To : 10:04:02 
