 
======== Welcome to FSO Data Copying System@FSO! ========
                                                         
                 fso-copy-lftp-cyg.sh                    
                                                         
             Relase 1.6     20190717  11:16              
                                                         
                                                         
                  20201121    09:00:01                       
                                                         
=========================================================
 
20201121 09:00:01: Copying HA data @ FSO...
                   From: /20201121/HA/ 
                   To  : /cygdrive/f/20201121/HA/ 
                   Please Wait...
20201121 09:00:02: Syncing HA Data...   Please Wait...
20201121 09:00:03: Syncing HA Data...   Please Wait...
20201121 09:00:04: Syncing HA Data...   Please Wait...
20201121 09:00:06: Syncing HA Data...   Please Wait...
20201121 09:00:07: Syncing HA Data...   Please Wait...
20201121 09:00:08: Syncing HA Data...   Please Wait...
20201121 09:00:09: Syncing HA Data...   Please Wait...
20201121 09:00:10: Syncing HA Data...   Please Wait...
20201121 09:00:11: Syncing HA Data...   Please Wait...
20201121 09:00:12: Syncing HA Data...   Please Wait...
20201121 09:00:13: Syncing HA Data...   Please Wait...
20201121 09:00:14: Syncing HA Data...   Please Wait...
20201121 09:00:15: Syncing HA Data...   Please Wait...
20201121 09:00:16: Syncing HA Data...   Please Wait...
20201121 09:00:17: Syncing HA Data...   Please Wait...
20201121 09:00:18: Syncing HA Data...   Please Wait...
20201121 09:00:19: Syncing HA Data...   Please Wait...
20201121 09:00:20: Syncing HA Data...   Please Wait...
20201121 09:00:21: Syncing HA Data...   Please Wait...
20201121 09:00:22: Syncing HA Data...   Please Wait...
20201121 09:00:24: Syncing HA Data...   Please Wait...
20201121 09:00:25: Syncing HA Data...   Please Wait...
20201121 09:00:26: Syncing HA Data...   Please Wait...
20201121 09:00:27: Syncing HA Data...   Please Wait...
20201121 09:00:28: Syncing HA Data...   Please Wait...
20201121 09:00:29: Syncing HA Data...   Please Wait...
20201121 09:00:30: Syncing HA Data...   Please Wait...
20201121 09:00:31: Syncing HA Data...   Please Wait...
20201121 09:00:32: Syncing HA Data...   Please Wait...
20201121 09:00:33: Syncing HA Data...   Please Wait...
20201121 09:00:34: Syncing HA Data...   Please Wait...
20201121 09:00:35: Syncing HA Data...   Please Wait...
20201121 09:00:36: Syncing HA Data...   Please Wait...
20201121 09:00:37: Syncing HA Data...   Please Wait...
20201121 09:00:38: Syncing HA Data...   Please Wait...
20201121 09:00:39: Syncing HA Data...   Please Wait...
20201121 09:00:41: Syncing HA Data...   Please Wait...
20201121 09:00:42: Syncing HA Data...   Please Wait...
20201121 09:00:43: Syncing HA Data...   Please Wait...
20201121 09:00:44: Syncing HA Data...   Please Wait...
20201121 09:00:45: Syncing HA Data...   Please Wait...
20201121 09:00:46: Syncing HA Data...   Please Wait...
20201121 09:00:47: Syncing HA Data...   Please Wait...
20201121 09:00:47: HA Syncing Task Has Done!
                   Finishing...
20201121 09:00:47: File Number Sumerizing for Synced HA Data Task Has Done!
                   Finishing...
20201121 09:00:47: File Size Summerizing for Synced HA Data Task Has Done!
                   Finishing...
 
20201121 09:00:47: Succeeded in Syncing HA data @ FSO!
          Synced : 1000 file(s)
                 : 2016 MB
         @ Speed : 43.8261 MB/s
       Time Used : 46 secs.
    Total Synced : 1000 file(s)
                 : 2016 MB
 Total Time Used : 46 secs.
            From : 20201121 09:00:01 
              To : 20201121 09:00:47 
 
======== Welcome to FSO Data Copying System@FSO! ========
                                                         
                 fso-copy-lftp-cyg.sh                    
                                                         
             Relase 1.6     20190717  11:16              
                                                         
                                                         
                  20201121    09:01:02                       
                                                         
=========================================================
 
/cygdrive/f/20201121/HA/ already exist!
20201121 09:01:02: Copying HA data @ FSO...
                   From: /20201121/HA/ 
                   To  : /cygdrive/f/20201121/HA/ 
                   Please Wait...
20201121 09:01:03: Syncing HA Data...   Please Wait...
20201121 09:01:04: Syncing HA Data...   Please Wait...
20201121 09:01:04: HA Syncing Task Has Done!
                   Finishing...
20201121 09:01:04: File Number Sumerizing for Synced HA Data Task Has Done!
                   Finishing...
20201121 09:01:05: File Size Summerizing for Synced HA Data Task Has Done!
                   Finishing...
 
20201121 09:01:05: Succeeded in Syncing HA data @ FSO!
          Synced : 0 file(s)
                 : 0 MB
         @ Speed : 0 MB/s
       Time Used : 2 secs.
    Total Synced : 1000 file(s)
                 : 2016 MB
 Total Time Used : 3 secs.
            From : 20201121 09:01:02 
              To : 20201121 09:01:05 
 
======== Welcome to FSO Data Copying System@FSO! ========
                                                         
                 fso-copy-lftp-cyg.sh                    
                                                         
             Relase 1.6     20190717  11:16              
                                                         
                                                         
                  20201121    09:02:02                       
                                                         
=========================================================
 
/cygdrive/f/20201121/HA/ already exist!
20201121 09:02:02: Copying HA data @ FSO...
                   From: /20201121/HA/ 
                   To  : /cygdrive/f/20201121/HA/ 
                   Please Wait...
20201121 09:02:03: HA Syncing Task Has Done!
                   Finishing...
20201121 09:02:03: File Number Sumerizing for Synced HA Data Task Has Done!
                   Finishing...
20201121 09:02:03: File Size Summerizing for Synced HA Data Task Has Done!
                   Finishing...
 
20201121 09:02:03: Succeeded in Syncing HA data @ FSO!
          Synced : 0 file(s)
                 : 0 MB
         @ Speed : 0 MB/s
       Time Used : 1 secs.
    Total Synced : 1000 file(s)
                 : 2016 MB
 Total Time Used : 1 secs.
            From : 20201121 09:02:02 
              To : 20201121 09:02:03 
