 
======== Welcome to FSO Data Copying System@FSO! ========
                                                         
                 fso-copy-lftp-cyg.sh                    
                                                         
             Relase 1.6     20190717  11:16              
                                                         
                                                         
                  20201121    09:00:01                       
                                                         
=========================================================
 
20201121 09:00:01: Copying TIO data @ FSO...
                   From: /20201121/TIO/ 
                   To  : /cygdrive/e/20201121/TIO/ 
                   Please Wait...
20201121 09:00:02: Syncing TIO Data...   Please Wait...
20201121 09:00:03: Syncing TIO Data...   Please Wait...
20201121 09:00:04: Syncing TIO Data...   Please Wait...
20201121 09:00:06: Syncing TIO Data...   Please Wait...
20201121 09:00:07: Syncing TIO Data...   Please Wait...
20201121 09:00:08: Syncing TIO Data...   Please Wait...
20201121 09:00:09: Syncing TIO Data...   Please Wait...
20201121 09:00:10: Syncing TIO Data...   Please Wait...
20201121 09:00:11: Syncing TIO Data...   Please Wait...
20201121 09:00:12: Syncing TIO Data...   Please Wait...
20201121 09:00:13: Syncing TIO Data...   Please Wait...
20201121 09:00:14: Syncing TIO Data...   Please Wait...
20201121 09:00:15: Syncing TIO Data...   Please Wait...
20201121 09:00:16: Syncing TIO Data...   Please Wait...
20201121 09:00:17: Syncing TIO Data...   Please Wait...
20201121 09:00:18: Syncing TIO Data...   Please Wait...
20201121 09:00:19: Syncing TIO Data...   Please Wait...
20201121 09:00:20: Syncing TIO Data...   Please Wait...
20201121 09:00:21: Syncing TIO Data...   Please Wait...
20201121 09:00:23: Syncing TIO Data...   Please Wait...
20201121 09:00:24: Syncing TIO Data...   Please Wait...
20201121 09:00:25: Syncing TIO Data...   Please Wait...
20201121 09:00:26: Syncing TIO Data...   Please Wait...
20201121 09:00:27: Syncing TIO Data...   Please Wait...
20201121 09:00:28: Syncing TIO Data...   Please Wait...
20201121 09:00:29: Syncing TIO Data...   Please Wait...
20201121 09:00:30: Syncing TIO Data...   Please Wait...
20201121 09:00:31: Syncing TIO Data...   Please Wait...
20201121 09:00:32: Syncing TIO Data...   Please Wait...
20201121 09:00:33: Syncing TIO Data...   Please Wait...
20201121 09:00:34: Syncing TIO Data...   Please Wait...
20201121 09:00:35: Syncing TIO Data...   Please Wait...
20201121 09:00:36: Syncing TIO Data...   Please Wait...
20201121 09:00:37: Syncing TIO Data...   Please Wait...
20201121 09:00:38: Syncing TIO Data...   Please Wait...
20201121 09:00:40: Syncing TIO Data...   Please Wait...
20201121 09:00:41: Syncing TIO Data...   Please Wait...
20201121 09:00:42: Syncing TIO Data...   Please Wait...
20201121 09:00:43: Syncing TIO Data...   Please Wait...
20201121 09:00:44: Syncing TIO Data...   Please Wait...
20201121 09:00:45: Syncing TIO Data...   Please Wait...
20201121 09:00:46: Syncing TIO Data...   Please Wait...
20201121 09:00:47: Syncing TIO Data...   Please Wait...
20201121 09:00:48: Syncing TIO Data...   Please Wait...
20201121 09:00:49: Syncing TIO Data...   Please Wait...
20201121 09:00:50: Syncing TIO Data...   Please Wait...
20201121 09:00:51: Syncing TIO Data...   Please Wait...
20201121 09:00:52: Syncing TIO Data...   Please Wait...
20201121 09:00:53: Syncing TIO Data...   Please Wait...
20201121 09:00:54: Syncing TIO Data...   Please Wait...
20201121 09:00:55: Syncing TIO Data...   Please Wait...
20201121 09:00:56: Syncing TIO Data...   Please Wait...
20201121 09:00:58: Syncing TIO Data...   Please Wait...
20201121 09:00:59: Syncing TIO Data...   Please Wait...
20201121 09:01:00: Syncing TIO Data...   Please Wait...
20201121 09:01:01: Syncing TIO Data...   Please Wait...
20201121 09:01:02: fso-copy-lftp-cyg-cron.sh is running for syncing TIO data...
20201121 09:01:02: Syncing TIO Data...   Please Wait...
20201121 09:01:03: Syncing TIO Data...   Please Wait...
20201121 09:01:04: Syncing TIO Data...   Please Wait...
20201121 09:01:05: Syncing TIO Data...   Please Wait...
20201121 09:01:06: Syncing TIO Data...   Please Wait...
20201121 09:01:07: Syncing TIO Data...   Please Wait...
20201121 09:01:08: Syncing TIO Data...   Please Wait...
20201121 09:01:09: Syncing TIO Data...   Please Wait...
20201121 09:01:10: Syncing TIO Data...   Please Wait...
20201121 09:01:11: Syncing TIO Data...   Please Wait...
20201121 09:01:12: Syncing TIO Data...   Please Wait...
20201121 09:01:13: Syncing TIO Data...   Please Wait...
20201121 09:01:14: Syncing TIO Data...   Please Wait...
20201121 09:01:15: Syncing TIO Data...   Please Wait...
20201121 09:01:17: Syncing TIO Data...   Please Wait...
20201121 09:01:18: Syncing TIO Data...   Please Wait...
20201121 09:01:19: Syncing TIO Data...   Please Wait...
20201121 09:01:20: Syncing TIO Data...   Please Wait...
20201121 09:01:21: Syncing TIO Data...   Please Wait...
20201121 09:01:22: Syncing TIO Data...   Please Wait...
20201121 09:01:23: Syncing TIO Data...   Please Wait...
20201121 09:01:24: Syncing TIO Data...   Please Wait...
20201121 09:01:25: Syncing TIO Data...   Please Wait...
20201121 09:01:26: Syncing TIO Data...   Please Wait...
20201121 09:01:27: Syncing TIO Data...   Please Wait...
20201121 09:01:28: Syncing TIO Data...   Please Wait...
20201121 09:01:29: Syncing TIO Data...   Please Wait...
20201121 09:01:30: Syncing TIO Data...   Please Wait...
20201121 09:01:31: Syncing TIO Data...   Please Wait...
20201121 09:01:32: Syncing TIO Data...   Please Wait...
20201121 09:01:33: Syncing TIO Data...   Please Wait...
20201121 09:01:34: Syncing TIO Data...   Please Wait...
20201121 09:01:36: Syncing TIO Data...   Please Wait...
20201121 09:01:37: Syncing TIO Data...   Please Wait...
20201121 09:01:38: Syncing TIO Data...   Please Wait...
20201121 09:01:39: Syncing TIO Data...   Please Wait...
20201121 09:01:40: Syncing TIO Data...   Please Wait...
20201121 09:01:41: Syncing TIO Data...   Please Wait...
20201121 09:01:42: Syncing TIO Data...   Please Wait...
20201121 09:01:43: Syncing TIO Data...   Please Wait...
20201121 09:01:44: Syncing TIO Data...   Please Wait...
20201121 09:01:45: Syncing TIO Data...   Please Wait...
20201121 09:01:46: Syncing TIO Data...   Please Wait...
20201121 09:01:47: Syncing TIO Data...   Please Wait...
20201121 09:01:48: Syncing TIO Data...   Please Wait...
20201121 09:01:49: Syncing TIO Data...   Please Wait...
20201121 09:01:50: Syncing TIO Data...   Please Wait...
20201121 09:01:51: Syncing TIO Data...   Please Wait...
20201121 09:01:52: Syncing TIO Data...   Please Wait...
20201121 09:01:53: TIO Syncing Task Has Done!
                   Finishing...
20201121 09:01:53: File Number Sumerizing for Synced TIO Data Task Has Done!
                   Finishing...
20201121 09:01:53: File Size Summerizing for Synced TIO Data Task Has Done!
                   Finishing...
 
20201121 09:01:54: Succeeded in Syncing TIO data @ FSO!
          Synced : 1000 file(s)
                 : 10552 MB
         @ Speed : 94.2143 MB/s
       Time Used : 112 secs.
    Total Synced : 1000 file(s)
                 : 10552 MB
 Total Time Used : 113 secs.
            From : 20201121 09:00:01 
              To : 20201121 09:01:54 
 
======== Welcome to FSO Data Copying System@FSO! ========
                                                         
                 fso-copy-lftp-cyg.sh                    
                                                         
             Relase 1.6     20190717  11:16              
                                                         
                                                         
                  20201121    09:02:02                       
                                                         
=========================================================
 
/cygdrive/e/20201121/TIO/ already exist!
20201121 09:02:02: Copying TIO data @ FSO...
                   From: /20201121/TIO/ 
                   To  : /cygdrive/e/20201121/TIO/ 
                   Please Wait...
20201121 09:02:02: TIO Syncing Task Has Done!
                   Finishing...
20201121 09:02:02: File Number Sumerizing for Synced TIO Data Task Has Done!
                   Finishing...
20201121 09:02:03: File Size Summerizing for Synced TIO Data Task Has Done!
                   Finishing...
 
20201121 09:02:03: Succeeded in Syncing TIO data @ FSO!
          Synced : 0 file(s)
                 : 0 MB
         @ Speed : 0 MB/s
       Time Used : 1 secs.
    Total Synced : 1000 file(s)
                 : 10552 MB
 Total Time Used : 1 secs.
            From : 20201121 09:02:02 
              To : 20201121 09:02:03 
